#
# There is insufficient memory for the Java Runtime Environment to continue.
# Native memory allocation (malloc) failed to allocate 1412176 bytes. Error detail: Chunk::new
# Possible reasons:
#   The system is out of physical RAM or swap space
#   This process is running with CompressedOops enabled, and the Java Heap may be blocking the growth of the native heap
# Possible solutions:
#   Reduce memory load on the system
#   Increase physical memory or swap space
#   Check if swap backing store is full
#   Decrease Java heap size (-Xmx/-Xms)
#   Decrease number of Java threads
#   Decrease Java thread stack sizes (-Xss)
#   Set larger code cache with -XX:ReservedCodeCacheSize=
#   JVM is running with Unscaled Compressed Oops mode in which the Java heap is
#     placed in the first 4GB address space. The Java Heap base address is the
#     maximum limit for the native heap growth. Please use -XX:HeapBaseMinAddress
#     to set the Java Heap base and to place the Java Heap above 4GB virtual address.
# This output file may be truncated or incomplete.
#
#  Out of Memory Error (arena.cpp:168), pid=19108, tid=12128
#
# JRE version: OpenJDK Runtime Environment Temurin-21.0.9+10 (21.0.9+10) (build 21.0.9+10-LTS)
# Java VM: OpenJDK 64-Bit Server VM Temurin-21.0.9+10 (21.0.9+10-LTS, mixed mode, sharing, tiered, compressed oops, compressed class ptrs, parallel gc, windows-amd64)
# No core dump will be written. Minidumps are not enabled by default on client versions of Windows
#

---------------  S U M M A R Y ------------

Command Line: --add-modules=ALL-SYSTEM --add-opens=java.base/java.util=ALL-UNNAMED --add-opens=java.base/java.lang=ALL-UNNAMED --add-opens=java.base/sun.nio.fs=ALL-UNNAMED -Declipse.application=org.eclipse.jdt.ls.core.id1 -Dosgi.bundles.defaultStartLevel=4 -Declipse.product=org.eclipse.jdt.ls.core.product -Djava.import.generatesMetadataFilesAtProjectRoot=false -DDetectVMInstallationsJob.disabled=true -Dfile.encoding=utf8 -XX:+UseParallelGC -XX:GCTimeRatio=4 -XX:AdaptiveSizePolicyWeight=90 -Dsun.zip.disableMemoryMapping=true -Xmx2G -Xms100m -Xlog:disable -javaagent:c:\Users\86156\.trae-cn\extensions\redhat.java-1.51.0-win32-x64\lombok\lombok-1.18.39-4050.jar -XX:+HeapDumpOnOutOfMemoryError -XX:HeapDumpPath=c:\Users\86156\AppData\Roaming\Trae CN\User\workspaceStorage\6f69e51d556dabda7e8a685fc940c2bd\redhat.java -Daether.dependencyCollector.impl=bf c:\Users\86156\.trae-cn\extensions\redhat.java-1.51.0-win32-x64\server\plugins\org.eclipse.equinox.launcher_1.7.100.v20251111-0406.jar -configuration c:\Users\86156\AppData\Roaming\Trae CN\User\globalStorage\redhat.java\1.51.0\config_win -data c:\Users\86156\AppData\Roaming\Trae CN\User\workspaceStorage\6f69e51d556dabda7e8a685fc940c2bd\redhat.java\jdt_ws --pipe=\\.\pipe\lsp-5c94749ed3483ded705f1778f11bb591-sock

Host: AMD Ryzen 7 4800H with Radeon Graphics         , 16 cores, 15G,  Windows 11 , 64 bit Build 26100 (10.0.26100.7623)
Time: Thu Jan 15 23:12:33 2026 elapsed time: 18.072482 seconds (0d 0h 0m 18s)

---------------  T H R E A D  ---------------

Current thread (0x0000016b3f4e1f70):  JavaThread "C2 CompilerThread0" daemon [_thread_in_native, id=12128, stack(0x0000004cefe00000,0x0000004ceff00000) (1024K)]


Current CompileTask:
C2:18072 7957       4       java.io.ObjectInputStream::readClassDesc (121 bytes)

Stack: [0x0000004cefe00000,0x0000004ceff00000]
Native frames: (J=compiled Java code, j=interpreted, Vv=VM code, C=native code)
V  [jvm.dll+0x6d6e29]
V  [jvm.dll+0x8b4b76]
V  [jvm.dll+0x8b712e]
V  [jvm.dll+0x8b7813]
V  [jvm.dll+0x283d86]
V  [jvm.dll+0xc66ed]
V  [jvm.dll+0xc6c31]
V  [jvm.dll+0x3be501]
V  [jvm.dll+0x38ab92]
V  [jvm.dll+0x389fda]
V  [jvm.dll+0x24bfa0]
V  [jvm.dll+0x24b580]
V  [jvm.dll+0x1cb13e]
V  [jvm.dll+0x25b29d]
V  [jvm.dll+0x25982a]
V  [jvm.dll+0x3f7ea6]
V  [jvm.dll+0x85e9ad]
V  [jvm.dll+0x6d565d]
C  [ucrtbase.dll+0x37b0]
C  [KERNEL32.DLL+0x2e8d7]
C  [ntdll.dll+0x8c53c]


---------------  P R O C E S S  ---------------

Threads class SMR info:
_java_thread_list=0x0000016ba457e420, length=67, elements={
0x0000016b3f42d590, 0x0000016b982ab410, 0x0000016b982ae630, 0x0000016b982b1180,
0x0000016b982b1dd0, 0x0000016b982b5fc0, 0x0000016b3f4d7020, 0x0000016b3f4e1f70,
0x0000016b3f4e7400, 0x0000016b984ecf30, 0x0000016b985feee0, 0x0000016b9e9cd980,
0x0000016b9e61b160, 0x0000016b9ec0a740, 0x0000016b9ecaa9c0, 0x0000016b9f1852d0,
0x0000016b9f3d3620, 0x0000016b9f0d3bd0, 0x0000016b9f34a120, 0x0000016b9f102da0,
0x0000016b9f102710, 0x0000016b9f0ff920, 0x0000016b9f100640, 0x0000016b9f102080,
0x0000016b9f100cd0, 0x0000016b9f101360, 0x0000016b9f0fffb0, 0x0000016ba0d0b210,
0x0000016ba0d0b8a0, 0x0000016ba0d0c5c0, 0x0000016ba0d0d970, 0x0000016ba0d0e690,
0x0000016ba0d0bf30, 0x0000016ba0d0cc50, 0x0000016ba0d0d2e0, 0x0000016ba0d0e000,
0x0000016ba21955a0, 0x0000016ba2194f10, 0x0000016ba2192e40, 0x0000016ba2194880,
0x0000016ba2193b60, 0x0000016ba2195c30, 0x0000016ba21941f0, 0x0000016ba21927b0,
0x0000016ba21962c0, 0x0000016ba2196950, 0x0000016ba21934d0, 0x0000016ba2197670,
0x0000016ba53841f0, 0x0000016ba53862c0, 0x0000016ba5386950, 0x0000016ba5386fe0,
0x0000016ba5383b60, 0x0000016ba53855a0, 0x0000016ba5384880, 0x0000016ba5385c30,
0x0000016ba5387670, 0x0000016ba5387d00, 0x0000016b9f2c18b0, 0x0000016ba2944e30,
0x0000016ba2942c20, 0x0000016ba2945500, 0x0000016ba29439c0, 0x0000016ba2945bd0,
0x0000016ba2942550, 0x0000016ba2944090, 0x0000016ba29462a0
}

Java Threads: ( => current thread )
  0x0000016b3f42d590 JavaThread "main"                              [_thread_blocked, id=12752, stack(0x0000004cef400000,0x0000004cef500000) (1024K)]
  0x0000016b982ab410 JavaThread "Reference Handler"          daemon [_thread_blocked, id=15776, stack(0x0000004cef800000,0x0000004cef900000) (1024K)]
  0x0000016b982ae630 JavaThread "Finalizer"                  daemon [_thread_blocked, id=4812, stack(0x0000004cef900000,0x0000004cefa00000) (1024K)]
  0x0000016b982b1180 JavaThread "Signal Dispatcher"          daemon [_thread_blocked, id=5516, stack(0x0000004cefa00000,0x0000004cefb00000) (1024K)]
  0x0000016b982b1dd0 JavaThread "Attach Listener"            daemon [_thread_blocked, id=24520, stack(0x0000004cefb00000,0x0000004cefc00000) (1024K)]
  0x0000016b982b5fc0 JavaThread "Service Thread"             daemon [_thread_blocked, id=10508, stack(0x0000004cefc00000,0x0000004cefd00000) (1024K)]
  0x0000016b3f4d7020 JavaThread "Monitor Deflation Thread"   daemon [_thread_blocked, id=23436, stack(0x0000004cefd00000,0x0000004cefe00000) (1024K)]
=>0x0000016b3f4e1f70 JavaThread "C2 CompilerThread0"         daemon [_thread_in_native, id=12128, stack(0x0000004cefe00000,0x0000004ceff00000) (1024K)]
  0x0000016b3f4e7400 JavaThread "C1 CompilerThread0"         daemon [_thread_blocked, id=20564, stack(0x0000004ceff00000,0x0000004cf0000000) (1024K)]
  0x0000016b984ecf30 JavaThread "Common-Cleaner"             daemon [_thread_blocked, id=23336, stack(0x0000004cf0400000,0x0000004cf0500000) (1024K)]
  0x0000016b985feee0 JavaThread "Notification Thread"        daemon [_thread_blocked, id=17020, stack(0x0000004cf0300000,0x0000004cf0400000) (1024K)]
  0x0000016b9e9cd980 JavaThread "Active Thread: Equinox Container: 4575f336-6f3a-4fe1-87d6-886ab0d570e0"        [_thread_blocked, id=10300, stack(0x0000004cf0e00000,0x0000004cf0f00000) (1024K)]
  0x0000016b9e61b160 JavaThread "Refresh Thread: Equinox Container: 4575f336-6f3a-4fe1-87d6-886ab0d570e0" daemon [_thread_blocked, id=15380, stack(0x0000004cf0500000,0x0000004cf0600000) (1024K)]
  0x0000016b9ec0a740 JavaThread "Framework Event Dispatcher: Equinox Container: 4575f336-6f3a-4fe1-87d6-886ab0d570e0" daemon [_thread_blocked, id=16032, stack(0x0000004cf0c00000,0x0000004cf0d00000) (1024K)]
  0x0000016b9ecaa9c0 JavaThread "Start Level: Equinox Container: 4575f336-6f3a-4fe1-87d6-886ab0d570e0" daemon [_thread_blocked, id=18464, stack(0x0000004cf0d00000,0x0000004cf0e00000) (1024K)]
  0x0000016b9f1852d0 JavaThread "Bundle File Closer"         daemon [_thread_blocked, id=8888, stack(0x0000004cf1600000,0x0000004cf1700000) (1024K)]
  0x0000016b9f3d3620 JavaThread "SCR Component Actor"        daemon [_thread_blocked, id=24652, stack(0x0000004cf1000000,0x0000004cf1100000) (1024K)]
  0x0000016b9f0d3bd0 JavaThread "Worker-JM"                         [_thread_blocked, id=23568, stack(0x0000004cf1900000,0x0000004cf1a00000) (1024K)]
  0x0000016b9f34a120 JavaThread "JNA Cleaner"                daemon [_thread_blocked, id=22988, stack(0x0000004cf1800000,0x0000004cf1900000) (1024K)]
  0x0000016b9f102da0 JavaThread "Worker-0"                          [_thread_blocked, id=4556, stack(0x0000004cf1a00000,0x0000004cf1b00000) (1024K)]
  0x0000016b9f102710 JavaThread "Worker-1"                          [_thread_blocked, id=15404, stack(0x0000004cf1b00000,0x0000004cf1c00000) (1024K)]
  0x0000016b9f0ff920 JavaThread "Java indexing"              daemon [_thread_blocked, id=22696, stack(0x0000004cf1e00000,0x0000004cf1f00000) (1024K)]
  0x0000016b9f100640 JavaThread "Worker-2"                          [_thread_blocked, id=14348, stack(0x0000004cf2100000,0x0000004cf2200000) (1024K)]
  0x0000016b9f102080 JavaThread "Worker-3"                          [_thread_blocked, id=13228, stack(0x0000004cf2200000,0x0000004cf2300000) (1024K)]
  0x0000016b9f100cd0 JavaThread "Worker-4: Synchronize Gradle projects with workspace"        [_thread_blocked, id=10984, stack(0x0000004cf2300000,0x0000004cf2400000) (1024K)]
  0x0000016b9f101360 JavaThread "Worker-5: Initialize Workspace"        [_thread_blocked, id=24148, stack(0x0000004cf2400000,0x0000004cf2500000) (1024K)]
  0x0000016b9f0fffb0 JavaThread "Thread-1"                   daemon [_thread_in_native, id=17016, stack(0x0000004cf2500000,0x0000004cf2600000) (1024K)]
  0x0000016ba0d0b210 JavaThread "Thread-2"                   daemon [_thread_in_native, id=23940, stack(0x0000004cf2600000,0x0000004cf2700000) (1024K)]
  0x0000016ba0d0b8a0 JavaThread "Thread-3"                   daemon [_thread_in_native, id=25188, stack(0x0000004cf2700000,0x0000004cf2800000) (1024K)]
  0x0000016ba0d0c5c0 JavaThread "Thread-4"                   daemon [_thread_in_native, id=15508, stack(0x0000004cf2800000,0x0000004cf2900000) (1024K)]
  0x0000016ba0d0d970 JavaThread "Thread-5"                   daemon [_thread_in_native, id=22952, stack(0x0000004cf2900000,0x0000004cf2a00000) (1024K)]
  0x0000016ba0d0e690 JavaThread "Thread-6"                   daemon [_thread_in_native, id=17300, stack(0x0000004cf2a00000,0x0000004cf2b00000) (1024K)]
  0x0000016ba0d0bf30 JavaThread "Thread-7"                   daemon [_thread_in_native, id=13736, stack(0x0000004cf2b00000,0x0000004cf2c00000) (1024K)]
  0x0000016ba0d0cc50 JavaThread "Thread-8"                   daemon [_thread_in_native, id=18792, stack(0x0000004cf2c00000,0x0000004cf2d00000) (1024K)]
  0x0000016ba0d0d2e0 JavaThread "Thread-9"                   daemon [_thread_in_native, id=18588, stack(0x0000004cf2d00000,0x0000004cf2e00000) (1024K)]
  0x0000016ba0d0e000 JavaThread "Thread-10"                  daemon [_thread_in_native, id=21160, stack(0x0000004cf2e00000,0x0000004cf2f00000) (1024K)]
  0x0000016ba21955a0 JavaThread "Thread-11"                  daemon [_thread_in_native, id=14620, stack(0x0000004cf2f00000,0x0000004cf3000000) (1024K)]
  0x0000016ba2194f10 JavaThread "Thread-12"                  daemon [_thread_in_native, id=21800, stack(0x0000004cf3000000,0x0000004cf3100000) (1024K)]
  0x0000016ba2192e40 JavaThread "Thread-13"                  daemon [_thread_in_native, id=13708, stack(0x0000004cf3100000,0x0000004cf3200000) (1024K)]
  0x0000016ba2194880 JavaThread "Thread-14"                  daemon [_thread_in_native, id=19924, stack(0x0000004cf3200000,0x0000004cf3300000) (1024K)]
  0x0000016ba2193b60 JavaThread "Thread-15"                  daemon [_thread_in_native, id=13956, stack(0x0000004cf3300000,0x0000004cf3400000) (1024K)]
  0x0000016ba2195c30 JavaThread "Thread-16"                  daemon [_thread_in_native, id=22108, stack(0x0000004cf3400000,0x0000004cf3500000) (1024K)]
  0x0000016ba21941f0 JavaThread "Thread-17"                  daemon [_thread_in_native, id=15472, stack(0x0000004cf3500000,0x0000004cf3600000) (1024K)]
  0x0000016ba21927b0 JavaThread "pool-2-thread-1"                   [_thread_blocked, id=12624, stack(0x0000004cf3700000,0x0000004cf3800000) (1024K)]
  0x0000016ba21962c0 JavaThread "Timer-0"                           [_thread_blocked, id=21556, stack(0x0000004cf3b00000,0x0000004cf3c00000) (1024K)]
  0x0000016ba2196950 JavaThread "Timer-1"                           [_thread_blocked, id=164, stack(0x0000004cf3c00000,0x0000004cf3d00000) (1024K)]
  0x0000016ba21934d0 JavaThread "WorkspaceEventsHandler"            [_thread_blocked, id=20988, stack(0x0000004cf3a00000,0x0000004cf3b00000) (1024K)]
  0x0000016ba2197670 JavaThread "pool-1-thread-1"                   [_thread_blocked, id=21756, stack(0x0000004cf3d00000,0x0000004cf3e00000) (1024K)]
  0x0000016ba53841f0 JavaThread "ForkJoinPool.commonPool-worker-1" daemon [_thread_blocked, id=1028, stack(0x0000004cf3600000,0x0000004cf3700000) (1024K)]
  0x0000016ba53862c0 JavaThread "ForkJoinPool.commonPool-worker-2" daemon [_thread_blocked, id=6776, stack(0x0000004cf3800000,0x0000004cf3900000) (1024K)]
  0x0000016ba5386950 JavaThread "Timer-2"                           [_thread_blocked, id=12968, stack(0x0000004cf3900000,0x0000004cf3a00000) (1024K)]
  0x0000016ba5386fe0 JavaThread "Timer-3"                           [_thread_blocked, id=5568, stack(0x0000004cf0200000,0x0000004cf0300000) (1024K)]
  0x0000016ba5383b60 JavaThread "Timer-4"                           [_thread_blocked, id=7892, stack(0x0000004cf1200000,0x0000004cf1300000) (1024K)]
  0x0000016ba53855a0 JavaThread "Timer-5"                           [_thread_blocked, id=18532, stack(0x0000004cf1c00000,0x0000004cf1d00000) (1024K)]
  0x0000016ba5384880 JavaThread "Timer-6"                           [_thread_blocked, id=6000, stack(0x0000004cf1d00000,0x0000004cf1e00000) (1024K)]
  0x0000016ba5385c30 JavaThread "Timer-7"                           [_thread_blocked, id=10288, stack(0x0000004cf3e00000,0x0000004cf3f00000) (1024K)]
  0x0000016ba5387670 JavaThread "Connection worker"                 [_thread_in_native, id=24424, stack(0x0000004cf3f00000,0x0000004cf4000000) (1024K)]
  0x0000016ba5387d00 JavaThread "pool-3-thread-1"                   [_thread_blocked, id=3096, stack(0x0000004cf0100000,0x0000004cf0200000) (1024K)]
  0x0000016b9f2c18b0 JavaThread "C1 CompilerThread1"         daemon [_thread_blocked, id=16196, stack(0x0000004cf0000000,0x0000004cf0100000) (1024K)]
  0x0000016ba2944e30 JavaThread "C2 CompilerThread1"         daemon [_thread_in_native, id=19216, stack(0x0000004cf4300000,0x0000004cf4400000) (1024K)]
  0x0000016ba2942c20 JavaThread "C2 CompilerThread2"         daemon [_thread_in_native, id=14616, stack(0x0000004cf4400000,0x0000004cf4500000) (1024K)]
  0x0000016ba2945500 JavaThread "C2 CompilerThread3"         daemon [_thread_in_native, id=19928, stack(0x0000004cf4500000,0x0000004cf4600000) (1024K)]
  0x0000016ba29439c0 JavaThread "C2 CompilerThread4"         daemon [_thread_in_native, id=6616, stack(0x0000004cf4600000,0x0000004cf4700000) (1024K)]
  0x0000016ba2945bd0 JavaThread "C2 CompilerThread5"         daemon [_thread_in_native, id=21232, stack(0x0000004cf4700000,0x0000004cf4800000) (1024K)]
  0x0000016ba2942550 JavaThread "C2 CompilerThread6"         daemon [_thread_in_native, id=17588, stack(0x0000004cf4800000,0x0000004cf4900000) (1024K)]
  0x0000016ba2944090 JavaThread "C2 CompilerThread7"         daemon [_thread_in_native, id=24512, stack(0x0000004cf4900000,0x0000004cf4a00000) (1024K)]
  0x0000016ba29462a0 JavaThread "C1 CompilerThread2"         daemon [_thread_blocked, id=17900, stack(0x0000004cf4100000,0x0000004cf4200000) (1024K)]
Total: 67

Other Threads:
  0x0000016b3f3c4910 VMThread "VM Thread"                           [id=19668, stack(0x0000004cef700000,0x0000004cef800000) (1024K)]
  0x0000016b3f2bca00 WatcherThread "VM Periodic Task Thread"        [id=10136, stack(0x0000004cef600000,0x0000004cef700000) (1024K)]
  0x0000016b3f44ca10 WorkerThread "GC Thread#0"                     [id=16976, stack(0x0000004cef500000,0x0000004cef600000) (1024K)]
  0x0000016b9e5deeb0 WorkerThread "GC Thread#1"                     [id=25104, stack(0x0000004cf0600000,0x0000004cf0700000) (1024K)]
  0x0000016b9e6271a0 WorkerThread "GC Thread#2"                     [id=14668, stack(0x0000004cf0700000,0x0000004cf0800000) (1024K)]
  0x0000016b9e5df250 WorkerThread "GC Thread#3"                     [id=22548, stack(0x0000004cf0800000,0x0000004cf0900000) (1024K)]
  0x0000016b9e6dc080 WorkerThread "GC Thread#4"                     [id=11484, stack(0x0000004cf0900000,0x0000004cf0a00000) (1024K)]
  0x0000016b9e6dc420 WorkerThread "GC Thread#5"                     [id=23996, stack(0x0000004cf0a00000,0x0000004cf0b00000) (1024K)]
  0x0000016b9e6d3e70 WorkerThread "GC Thread#6"                     [id=13216, stack(0x0000004cf0b00000,0x0000004cf0c00000) (1024K)]
  0x0000016b9e9ab130 WorkerThread "GC Thread#7"                     [id=24548, stack(0x0000004cf0f00000,0x0000004cf1000000) (1024K)]
  0x0000016b9e9a9f10 WorkerThread "GC Thread#8"                     [id=14128, stack(0x0000004cf1300000,0x0000004cf1400000) (1024K)]
  0x0000016b9e9aa2b0 WorkerThread "GC Thread#9"                     [id=3088, stack(0x0000004cf1400000,0x0000004cf1500000) (1024K)]
  0x0000016b9e9a97d0 WorkerThread "GC Thread#10"                    [id=12300, stack(0x0000004cf1500000,0x0000004cf1600000) (1024K)]
  0x0000016b9e9aa650 WorkerThread "GC Thread#11"                    [id=3256, stack(0x0000004cf1100000,0x0000004cf1200000) (1024K)]
  0x0000016b9e9a9b70 WorkerThread "GC Thread#12"                    [id=7692, stack(0x0000004cf1700000,0x0000004cf1800000) (1024K)]
Total: 15

Threads with active compile tasks:
C2 CompilerThread0  26068 7957       4       java.io.ObjectInputStream::readClassDesc (121 bytes)
C2 CompilerThread1  26068 8066 % !   4       java.io.ObjectInputStream$BlockDataInputStream::readUTFSpan @ 53 (502 bytes)
C2 CompilerThread2  26068 7983   !   4       java.io.ObjectInputStream::readTypeString (128 bytes)
C2 CompilerThread3  26068 7990   !   4       java.io.ObjectStreamClass::readNonProxy (395 bytes)
C2 CompilerThread4  26069 7973   !   4       java.io.ObjectInputStream::readSerialData (474 bytes)
C2 CompilerThread5  26069 7986       4       java.io.ObjectStreamClass::getReflector (100 bytes)
C2 CompilerThread6  26069 7991       4       java.io.ObjectInputStream$BlockDataInputStream::readLong (76 bytes)
C2 CompilerThread7  26069 7995       4       java.io.ObjectInputStream::skipCustomData (105 bytes)
Total: 8

VM state: not at safepoint (normal execution)

VM Mutex/Monitor currently owned by a thread: None

Heap address: 0x0000000080000000, size: 2048 MB, Compressed Oops mode: 32-bit

CDS archive(s) mapped at: [0x0000016b56000000-0x0000016b56ba0000-0x0000016b56ba0000), size 12189696, SharedBaseAddress: 0x0000016b56000000, ArchiveRelocationMode: 1.
Compressed class space mapped at: 0x0000016b57000000-0x0000016b97000000, reserved size: 1073741824
Narrow klass base: 0x0000016b56000000, Narrow klass shift: 0, Narrow klass range: 0x100000000

GC Precious Log:
 CardTable entry size: 512
 CPUs: 16 total, 16 available
 Memory: 15789M
 Large Page Support: Disabled
 NUMA Support: Disabled
 Compressed Oops: Enabled (32-bit)
 Alignments: Space 512K, Generation 512K, Heap 2M
 Heap Min Capacity: 100M
 Heap Initial Capacity: 100M
 Heap Max Capacity: 2G
 Pre-touch: Disabled
 Parallel Workers: 13

Heap:
 PSYoungGen      total 21504K, used 18759K [0x00000000d5580000, 0x00000000d6c00000, 0x0000000100000000)
  eden space 20992K, 87% used [0x00000000d5580000,0x00000000d6769f78,0x00000000d6a00000)
  from space 512K, 81% used [0x00000000d6a80000,0x00000000d6ae8000,0x00000000d6b00000)
  to   space 1024K, 0% used [0x00000000d6b00000,0x00000000d6b00000,0x00000000d6c00000)
 ParOldGen       total 68608K, used 41459K [0x0000000080000000, 0x0000000084300000, 0x00000000d5580000)
  object space 68608K, 60% used [0x0000000080000000,0x000000008287ce58,0x0000000084300000)
 Metaspace       used 63545K, committed 64960K, reserved 1114112K
  class space    used 8072K, committed 8704K, reserved 1048576K

Card table byte_map: [0x0000016b3edd0000,0x0000016b3f1e0000] _byte_map_base: 0x0000016b3e9d0000

Marking Bits: (ParMarkBitMap*) 0x00007ffd7c422460
 Begin Bits: [0x0000016b518e0000, 0x0000016b538e0000)
 End Bits:   [0x0000016b538e0000, 0x0000016b558e0000)

Polling page: 0x0000016b3d330000

Metaspace:

Usage:
  Non-class:     54.17 MB used.
      Class:      7.88 MB used.
       Both:     62.06 MB used.

Virtual space:
  Non-class space:       64.00 MB reserved,      54.94 MB ( 86%) committed,  1 nodes.
      Class space:        1.00 GB reserved,       8.50 MB ( <1%) committed,  1 nodes.
             Both:        1.06 GB reserved,      63.44 MB (  6%) committed. 

Chunk freelists:
   Non-Class:  8.93 MB
       Class:  7.54 MB
        Both:  16.47 MB

MaxMetaspaceSize: unlimited
CompressedClassSpaceSize: 1.00 GB
Initial GC threshold: 21.00 MB
Current GC threshold: 97.31 MB
CDS: on
 - commit_granule_bytes: 65536.
 - commit_granule_words: 8192.
 - virtual_space_node_default_size: 8388608.
 - enlarge_chunks_in_place: 1.
 - use_allocation_guard: 0.


Internal statistics:

num_allocs_failed_limit: 9.
num_arena_births: 1254.
num_arena_deaths: 38.
num_vsnodes_births: 2.
num_vsnodes_deaths: 0.
num_space_committed: 1015.
num_space_uncommitted: 0.
num_chunks_returned_to_freelist: 55.
num_chunks_taken_from_freelist: 4177.
num_chunk_merges: 16.
num_chunk_splits: 2599.
num_chunks_enlarged: 1500.
num_inconsistent_stats: 0.

CodeHeap 'non-profiled nmethods': size=119168Kb used=4760Kb max_used=4760Kb free=114407Kb
 bounds [0x0000016b4a1d0000, 0x0000016b4a680000, 0x0000016b51630000]
CodeHeap 'profiled nmethods': size=119104Kb used=14876Kb max_used=14876Kb free=104227Kb
 bounds [0x0000016b42630000, 0x0000016b434c0000, 0x0000016b49a80000]
CodeHeap 'non-nmethods': size=7488Kb used=2520Kb max_used=3182Kb free=4967Kb
 bounds [0x0000016b49a80000, 0x0000016b49da0000, 0x0000016b4a1d0000]
CodeCache: size=245760Kb, used=22156Kb, max_used=22818Kb, free=223601Kb
 total_blobs=7969, nmethods=7269, adapters=604, full_count=0
Compilation: enabled, stopped_count=0, restarted_count=0

Compilation events (20 events):
Event: 16.937 Thread 0x0000016b9f2c33f0 nmethod 7963 0x0000016b43496490 code [0x0000016b43496640, 0x0000016b43496880]
Event: 16.937 Thread 0x0000016b9f2c2d20 7965       3       sun.nio.ch.SocketChannelImpl::translateReadyOps (173 bytes)
Event: 16.937 Thread 0x0000016b3f4e7400 nmethod 7961 0x0000016b43496990 code [0x0000016b43496c20, 0x0000016b434977a0]
Event: 16.938 Thread 0x0000016b9f2c2d20 nmethod 7965 0x0000016b43497b90 code [0x0000016b43497d80, 0x0000016b434983b8]
Event: 16.947 Thread 0x0000016b9f2c33f0 7967       3       java.lang.invoke.LambdaForm$MH/0x0000016b57178800::invoke (57 bytes)
Event: 16.948 Thread 0x0000016b9f2c33f0 nmethod 7967 0x0000016b43498510 code [0x0000016b43498720, 0x0000016b43499018]
Event: 16.954 Thread 0x0000016b3f4e7400 7969  s    3       org.gradle.tooling.internal.consumer.parameters.BuildProgressListenerAdapter::removeDescriptor (52 bytes)
Event: 16.954 Thread 0x0000016b9f2c33f0 7970       3       org.gradle.internal.build.event.types.DefaultOperationFinishedProgressEvent::getDisplayName (39 bytes)
Event: 16.954 Thread 0x0000016b9f2c18b0 7971       3       org.gradle.tooling.internal.consumer.parameters.BuildProgressListenerAdapter::toResult (65 bytes)
Event: 16.954 Thread 0x0000016b9f2c2d20 7972       3       org.gradle.tooling.events.internal.DefaultFinishEvent::<init> (15 bytes)
Event: 16.954 Thread 0x0000016b9f2c2d20 nmethod 7972 0x0000016b43499210 code [0x0000016b434993c0, 0x0000016b434995c8]
Event: 16.954 Thread 0x0000016b9f2c33f0 nmethod 7970 0x0000016b43499710 code [0x0000016b43499940, 0x0000016b4349a188]
Event: 16.954 Thread 0x0000016b9f2c18b0 nmethod 7971 0x0000016b4349a490 code [0x0000016b4349a6c0, 0x0000016b4349b1a0]
Event: 16.955 Thread 0x0000016b3f4e7400 nmethod 7969 0x0000016b4349b490 code [0x0000016b4349b740, 0x0000016b4349c6a0]
Event: 17.268 Thread 0x0000016b9f2c18b0 8005       3       com.google.gson.stream.JsonWriter::string (171 bytes)
Event: 17.269 Thread 0x0000016b9f2c18b0 nmethod 8005 0x0000016b4349cc10 code [0x0000016b4349cec0, 0x0000016b4349dcf0]
Event: 17.687 Thread 0x0000016b9f2c2d20 8006       3       java.util.concurrent.ScheduledThreadPoolExecutor::canRunInCurrentRunState (61 bytes)
Event: 17.687 Thread 0x0000016b9f2c2d20 nmethod 8006 0x0000016b4349e290 code [0x0000016b4349e4a0, 0x0000016b4349ec50]
Event: 17.767 Thread 0x0000016b3f4e7400 8007       3       com.google.gson.stream.JsonWriter::replaceTop (13 bytes)
Event: 17.767 Thread 0x0000016b3f4e7400 nmethod 8007 0x0000016b4349ee90 code [0x0000016b4349f040, 0x0000016b4349f180]

GC Heap History (20 events):
Event: 14.320 GC heap before
{Heap before GC invocations=36 (full 3):
 PSYoungGen      total 21504K, used 21504K [0x00000000d5580000, 0x00000000d6d80000, 0x0000000100000000)
  eden space 20992K, 100% used [0x00000000d5580000,0x00000000d6a00000,0x00000000d6a00000)
  from space 512K, 100% used [0x00000000d6d00000,0x00000000d6d80000,0x00000000d6d80000)
  to   space 1024K, 0% used [0x00000000d6b80000,0x00000000d6b80000,0x00000000d6c80000)
 ParOldGen       total 68608K, used 38512K [0x0000000080000000, 0x0000000084300000, 0x00000000d5580000)
  object space 68608K, 56% used [0x0000000080000000,0x000000008259c338,0x0000000084300000)
 Metaspace       used 60263K, committed 61568K, reserved 1114112K
  class space    used 7604K, committed 8192K, reserved 1048576K
}
Event: 14.320 GC heap after
{Heap after GC invocations=36 (full 3):
 PSYoungGen      total 22016K, used 1016K [0x00000000d5580000, 0x00000000d6e00000, 0x0000000100000000)
  eden space 20992K, 0% used [0x00000000d5580000,0x00000000d5580000,0x00000000d6a00000)
  from space 1024K, 99% used [0x00000000d6b80000,0x00000000d6c7e0f0,0x00000000d6c80000)
  to   space 1536K, 0% used [0x00000000d6c80000,0x00000000d6c80000,0x00000000d6e00000)
 ParOldGen       total 68608K, used 39218K [0x0000000080000000, 0x0000000084300000, 0x00000000d5580000)
  object space 68608K, 57% used [0x0000000080000000,0x000000008264c8b0,0x0000000084300000)
 Metaspace       used 60263K, committed 61568K, reserved 1114112K
  class space    used 7604K, committed 8192K, reserved 1048576K
}
Event: 14.573 GC heap before
{Heap before GC invocations=37 (full 3):
 PSYoungGen      total 22016K, used 22008K [0x00000000d5580000, 0x00000000d6e00000, 0x0000000100000000)
  eden space 20992K, 100% used [0x00000000d5580000,0x00000000d6a00000,0x00000000d6a00000)
  from space 1024K, 99% used [0x00000000d6b80000,0x00000000d6c7e0f0,0x00000000d6c80000)
  to   space 1536K, 0% used [0x00000000d6c80000,0x00000000d6c80000,0x00000000d6e00000)
 ParOldGen       total 68608K, used 39218K [0x0000000080000000, 0x0000000084300000, 0x00000000d5580000)
  object space 68608K, 57% used [0x0000000080000000,0x000000008264c8b0,0x0000000084300000)
 Metaspace       used 60263K, committed 61568K, reserved 1114112K
  class space    used 7604K, committed 8192K, reserved 1048576K
}
Event: 14.574 GC heap after
{Heap after GC invocations=37 (full 3):
 PSYoungGen      total 22016K, used 924K [0x00000000d5580000, 0x00000000d6d80000, 0x0000000100000000)
  eden space 20992K, 0% used [0x00000000d5580000,0x00000000d5580000,0x00000000d6a00000)
  from space 1024K, 90% used [0x00000000d6c80000,0x00000000d6d67148,0x00000000d6d80000)
  to   space 1536K, 0% used [0x00000000d6a80000,0x00000000d6a80000,0x00000000d6c00000)
 ParOldGen       total 68608K, used 39434K [0x0000000080000000, 0x0000000084300000, 0x00000000d5580000)
  object space 68608K, 57% used [0x0000000080000000,0x00000000826828b0,0x0000000084300000)
 Metaspace       used 60263K, committed 61568K, reserved 1114112K
  class space    used 7604K, committed 8192K, reserved 1048576K
}
Event: 14.811 GC heap before
{Heap before GC invocations=38 (full 3):
 PSYoungGen      total 22016K, used 21916K [0x00000000d5580000, 0x00000000d6d80000, 0x0000000100000000)
  eden space 20992K, 100% used [0x00000000d5580000,0x00000000d6a00000,0x00000000d6a00000)
  from space 1024K, 90% used [0x00000000d6c80000,0x00000000d6d67148,0x00000000d6d80000)
  to   space 1536K, 0% used [0x00000000d6a80000,0x00000000d6a80000,0x00000000d6c00000)
 ParOldGen       total 68608K, used 39434K [0x0000000080000000, 0x0000000084300000, 0x00000000d5580000)
  object space 68608K, 57% used [0x0000000080000000,0x00000000826828b0,0x0000000084300000)
 Metaspace       used 60263K, committed 61568K, reserved 1114112K
  class space    used 7604K, committed 8192K, reserved 1048576K
}
Event: 14.812 GC heap after
{Heap after GC invocations=38 (full 3):
 PSYoungGen      total 22528K, used 865K [0x00000000d5580000, 0x00000000d6d00000, 0x0000000100000000)
  eden space 20992K, 0% used [0x00000000d5580000,0x00000000d5580000,0x00000000d6a00000)
  from space 1536K, 56% used [0x00000000d6a80000,0x00000000d6b58640,0x00000000d6c00000)
  to   space 1024K, 0% used [0x00000000d6c00000,0x00000000d6c00000,0x00000000d6d00000)
 ParOldGen       total 68608K, used 39506K [0x0000000080000000, 0x0000000084300000, 0x00000000d5580000)
  object space 68608K, 57% used [0x0000000080000000,0x00000000826948b0,0x0000000084300000)
 Metaspace       used 60263K, committed 61568K, reserved 1114112K
  class space    used 7604K, committed 8192K, reserved 1048576K
}
Event: 15.075 GC heap before
{Heap before GC invocations=39 (full 3):
 PSYoungGen      total 22528K, used 21857K [0x00000000d5580000, 0x00000000d6d00000, 0x0000000100000000)
  eden space 20992K, 100% used [0x00000000d5580000,0x00000000d6a00000,0x00000000d6a00000)
  from space 1536K, 56% used [0x00000000d6a80000,0x00000000d6b58640,0x00000000d6c00000)
  to   space 1024K, 0% used [0x00000000d6c00000,0x00000000d6c00000,0x00000000d6d00000)
 ParOldGen       total 68608K, used 39506K [0x0000000080000000, 0x0000000084300000, 0x00000000d5580000)
  object space 68608K, 57% used [0x0000000080000000,0x00000000826948b0,0x0000000084300000)
 Metaspace       used 60263K, committed 61568K, reserved 1114112K
  class space    used 7604K, committed 8192K, reserved 1048576K
}
Event: 15.075 GC heap after
{Heap after GC invocations=39 (full 3):
 PSYoungGen      total 22016K, used 528K [0x00000000d5580000, 0x00000000d6d00000, 0x0000000100000000)
  eden space 20992K, 0% used [0x00000000d5580000,0x00000000d5580000,0x00000000d6a00000)
  from space 1024K, 51% used [0x00000000d6c00000,0x00000000d6c84248,0x00000000d6d00000)
  to   space 1024K, 0% used [0x00000000d6b00000,0x00000000d6b00000,0x00000000d6c00000)
 ParOldGen       total 68608K, used 39546K [0x0000000080000000, 0x0000000084300000, 0x00000000d5580000)
  object space 68608K, 57% used [0x0000000080000000,0x000000008269e8b0,0x0000000084300000)
 Metaspace       used 60263K, committed 61568K, reserved 1114112K
  class space    used 7604K, committed 8192K, reserved 1048576K
}
Event: 15.341 GC heap before
{Heap before GC invocations=40 (full 3):
 PSYoungGen      total 22016K, used 21520K [0x00000000d5580000, 0x00000000d6d00000, 0x0000000100000000)
  eden space 20992K, 100% used [0x00000000d5580000,0x00000000d6a00000,0x00000000d6a00000)
  from space 1024K, 51% used [0x00000000d6c00000,0x00000000d6c84248,0x00000000d6d00000)
  to   space 1024K, 0% used [0x00000000d6b00000,0x00000000d6b00000,0x00000000d6c00000)
 ParOldGen       total 68608K, used 39546K [0x0000000080000000, 0x0000000084300000, 0x00000000d5580000)
  object space 68608K, 57% used [0x0000000080000000,0x000000008269e8b0,0x0000000084300000)
 Metaspace       used 60264K, committed 61568K, reserved 1114112K
  class space    used 7604K, committed 8192K, reserved 1048576K
}
Event: 15.342 GC heap after
{Heap after GC invocations=40 (full 3):
 PSYoungGen      total 22016K, used 557K [0x00000000d5580000, 0x00000000d6c80000, 0x0000000100000000)
  eden space 20992K, 0% used [0x00000000d5580000,0x00000000d5580000,0x00000000d6a00000)
  from space 1024K, 54% used [0x00000000d6b00000,0x00000000d6b8b420,0x00000000d6c00000)
  to   space 512K, 0% used [0x00000000d6c00000,0x00000000d6c00000,0x00000000d6c80000)
 ParOldGen       total 68608K, used 39610K [0x0000000080000000, 0x0000000084300000, 0x00000000d5580000)
  object space 68608K, 57% used [0x0000000080000000,0x00000000826ae8b0,0x0000000084300000)
 Metaspace       used 60264K, committed 61568K, reserved 1114112K
  class space    used 7604K, committed 8192K, reserved 1048576K
}
Event: 15.591 GC heap before
{Heap before GC invocations=41 (full 3):
 PSYoungGen      total 22016K, used 21549K [0x00000000d5580000, 0x00000000d6c80000, 0x0000000100000000)
  eden space 20992K, 100% used [0x00000000d5580000,0x00000000d6a00000,0x00000000d6a00000)
  from space 1024K, 54% used [0x00000000d6b00000,0x00000000d6b8b420,0x00000000d6c00000)
  to   space 512K, 0% used [0x00000000d6c00000,0x00000000d6c00000,0x00000000d6c80000)
 ParOldGen       total 68608K, used 39610K [0x0000000080000000, 0x0000000084300000, 0x00000000d5580000)
  object space 68608K, 57% used [0x0000000080000000,0x00000000826ae8b0,0x0000000084300000)
 Metaspace       used 60264K, committed 61568K, reserved 1114112K
  class space    used 7604K, committed 8192K, reserved 1048576K
}
Event: 15.592 GC heap after
{Heap after GC invocations=41 (full 3):
 PSYoungGen      total 21504K, used 416K [0x00000000d5580000, 0x00000000d6c80000, 0x0000000100000000)
  eden space 20992K, 0% used [0x00000000d5580000,0x00000000d5580000,0x00000000d6a00000)
  from space 512K, 81% used [0x00000000d6c00000,0x00000000d6c68000,0x00000000d6c80000)
  to   space 512K, 0% used [0x00000000d6b80000,0x00000000d6b80000,0x00000000d6c00000)
 ParOldGen       total 68608K, used 39658K [0x0000000080000000, 0x0000000084300000, 0x00000000d5580000)
  object space 68608K, 57% used [0x0000000080000000,0x00000000826ba8b0,0x0000000084300000)
 Metaspace       used 60264K, committed 61568K, reserved 1114112K
  class space    used 7604K, committed 8192K, reserved 1048576K
}
Event: 15.816 GC heap before
{Heap before GC invocations=42 (full 3):
 PSYoungGen      total 21504K, used 21408K [0x00000000d5580000, 0x00000000d6c80000, 0x0000000100000000)
  eden space 20992K, 100% used [0x00000000d5580000,0x00000000d6a00000,0x00000000d6a00000)
  from space 512K, 81% used [0x00000000d6c00000,0x00000000d6c68000,0x00000000d6c80000)
  to   space 512K, 0% used [0x00000000d6b80000,0x00000000d6b80000,0x00000000d6c00000)
 ParOldGen       total 68608K, used 39658K [0x0000000080000000, 0x0000000084300000, 0x00000000d5580000)
  object space 68608K, 57% used [0x0000000080000000,0x00000000826ba8b0,0x0000000084300000)
 Metaspace       used 60264K, committed 61568K, reserved 1114112K
  class space    used 7604K, committed 8192K, reserved 1048576K
}
Event: 15.817 GC heap after
{Heap after GC invocations=42 (full 3):
 PSYoungGen      total 21504K, used 416K [0x00000000d5580000, 0x00000000d6c80000, 0x0000000100000000)
  eden space 20992K, 0% used [0x00000000d5580000,0x00000000d5580000,0x00000000d6a00000)
  from space 512K, 81% used [0x00000000d6b80000,0x00000000d6be8000,0x00000000d6c00000)
  to   space 512K, 0% used [0x00000000d6c00000,0x00000000d6c00000,0x00000000d6c80000)
 ParOldGen       total 68608K, used 39774K [0x0000000080000000, 0x0000000084300000, 0x00000000d5580000)
  object space 68608K, 57% used [0x0000000080000000,0x00000000826d7980,0x0000000084300000)
 Metaspace       used 60264K, committed 61568K, reserved 1114112K
  class space    used 7604K, committed 8192K, reserved 1048576K
}
Event: 16.066 GC heap before
{Heap before GC invocations=43 (full 3):
 PSYoungGen      total 21504K, used 21408K [0x00000000d5580000, 0x00000000d6c80000, 0x0000000100000000)
  eden space 20992K, 100% used [0x00000000d5580000,0x00000000d6a00000,0x00000000d6a00000)
  from space 512K, 81% used [0x00000000d6b80000,0x00000000d6be8000,0x00000000d6c00000)
  to   space 512K, 0% used [0x00000000d6c00000,0x00000000d6c00000,0x00000000d6c80000)
 ParOldGen       total 68608K, used 39774K [0x0000000080000000, 0x0000000084300000, 0x00000000d5580000)
  object space 68608K, 57% used [0x0000000080000000,0x00000000826d7980,0x0000000084300000)
 Metaspace       used 60264K, committed 61568K, reserved 1114112K
  class space    used 7604K, committed 8192K, reserved 1048576K
}
Event: 16.066 GC heap after
{Heap after GC invocations=43 (full 3):
 PSYoungGen      total 21504K, used 500K [0x00000000d5580000, 0x00000000d6c80000, 0x0000000100000000)
  eden space 20992K, 0% used [0x00000000d5580000,0x00000000d5580000,0x00000000d6a00000)
  from space 512K, 97% used [0x00000000d6c00000,0x00000000d6c7d2a0,0x00000000d6c80000)
  to   space 1024K, 0% used [0x00000000d6a80000,0x00000000d6a80000,0x00000000d6b80000)
 ParOldGen       total 68608K, used 40091K [0x0000000080000000, 0x0000000084300000, 0x00000000d5580000)
  object space 68608K, 58% used [0x0000000080000000,0x0000000082726dd8,0x0000000084300000)
 Metaspace       used 60264K, committed 61568K, reserved 1114112K
  class space    used 7604K, committed 8192K, reserved 1048576K
}
Event: 16.294 GC heap before
{Heap before GC invocations=44 (full 3):
 PSYoungGen      total 21504K, used 21492K [0x00000000d5580000, 0x00000000d6c80000, 0x0000000100000000)
  eden space 20992K, 100% used [0x00000000d5580000,0x00000000d6a00000,0x00000000d6a00000)
  from space 512K, 97% used [0x00000000d6c00000,0x00000000d6c7d2a0,0x00000000d6c80000)
  to   space 1024K, 0% used [0x00000000d6a80000,0x00000000d6a80000,0x00000000d6b80000)
 ParOldGen       total 68608K, used 40091K [0x0000000080000000, 0x0000000084300000, 0x00000000d5580000)
  object space 68608K, 58% used [0x0000000080000000,0x0000000082726dd8,0x0000000084300000)
 Metaspace       used 62181K, committed 63552K, reserved 1114112K
  class space    used 7909K, committed 8576K, reserved 1048576K
}
Event: 16.295 GC heap after
{Heap after GC invocations=44 (full 3):
 PSYoungGen      total 22016K, used 816K [0x00000000d5580000, 0x00000000d6c80000, 0x0000000100000000)
  eden space 20992K, 0% used [0x00000000d5580000,0x00000000d5580000,0x00000000d6a00000)
  from space 1024K, 79% used [0x00000000d6a80000,0x00000000d6b4c020,0x00000000d6b80000)
  to   space 1024K, 0% used [0x00000000d6b80000,0x00000000d6b80000,0x00000000d6c80000)
 ParOldGen       total 68608K, used 40131K [0x0000000080000000, 0x0000000084300000, 0x00000000d5580000)
  object space 68608K, 58% used [0x0000000080000000,0x0000000082730dd8,0x0000000084300000)
 Metaspace       used 62181K, committed 63552K, reserved 1114112K
  class space    used 7909K, committed 8576K, reserved 1048576K
}
Event: 17.023 GC heap before
{Heap before GC invocations=45 (full 3):
 PSYoungGen      total 22016K, used 21808K [0x00000000d5580000, 0x00000000d6c80000, 0x0000000100000000)
  eden space 20992K, 100% used [0x00000000d5580000,0x00000000d6a00000,0x00000000d6a00000)
  from space 1024K, 79% used [0x00000000d6a80000,0x00000000d6b4c020,0x00000000d6b80000)
  to   space 1024K, 0% used [0x00000000d6b80000,0x00000000d6b80000,0x00000000d6c80000)
 ParOldGen       total 68608K, used 40131K [0x0000000080000000, 0x0000000084300000, 0x00000000d5580000)
  object space 68608K, 58% used [0x0000000080000000,0x0000000082730dd8,0x0000000084300000)
 Metaspace       used 63435K, committed 64768K, reserved 1114112K
  class space    used 8055K, committed 8640K, reserved 1048576K
}
Event: 17.024 GC heap after
{Heap after GC invocations=45 (full 3):
 PSYoungGen      total 22016K, used 864K [0x00000000d5580000, 0x00000000d6c80000, 0x0000000100000000)
  eden space 20992K, 0% used [0x00000000d5580000,0x00000000d5580000,0x00000000d6a00000)
  from space 1024K, 84% used [0x00000000d6b80000,0x00000000d6c58010,0x00000000d6c80000)
  to   space 1024K, 0% used [0x00000000d6a80000,0x00000000d6a80000,0x00000000d6b80000)
 ParOldGen       total 68608K, used 40803K [0x0000000080000000, 0x0000000084300000, 0x00000000d5580000)
  object space 68608K, 59% used [0x0000000080000000,0x00000000827d8e08,0x0000000084300000)
 Metaspace       used 63435K, committed 64768K, reserved 1114112K
  class space    used 8055K, committed 8640K, reserved 1048576K
}

Dll operation events (15 events):
Event: 0.025 Loaded shared library c:\Users\86156\.trae-cn\extensions\redhat.java-1.51.0-win32-x64\jre\21.0.9-win32-x86_64\bin\java.dll
Event: 0.065 Loaded shared library c:\Users\86156\.trae-cn\extensions\redhat.java-1.51.0-win32-x64\jre\21.0.9-win32-x86_64\bin\zip.dll
Event: 0.165 Loaded shared library C:\Users\86156\.trae-cn\extensions\redhat.java-1.51.0-win32-x64\jre\21.0.9-win32-x86_64\bin\instrument.dll
Event: 0.178 Loaded shared library C:\Users\86156\.trae-cn\extensions\redhat.java-1.51.0-win32-x64\jre\21.0.9-win32-x86_64\bin\net.dll
Event: 0.186 Loaded shared library C:\Users\86156\.trae-cn\extensions\redhat.java-1.51.0-win32-x64\jre\21.0.9-win32-x86_64\bin\nio.dll
Event: 0.193 Loaded shared library C:\Users\86156\.trae-cn\extensions\redhat.java-1.51.0-win32-x64\jre\21.0.9-win32-x86_64\bin\zip.dll
Event: 0.222 Loaded shared library C:\Users\86156\.trae-cn\extensions\redhat.java-1.51.0-win32-x64\jre\21.0.9-win32-x86_64\bin\jimage.dll
Event: 0.414 Loaded shared library c:\Users\86156\.trae-cn\extensions\redhat.java-1.51.0-win32-x64\jre\21.0.9-win32-x86_64\bin\verify.dll
Event: 3.207 Loaded shared library C:\Users\86156\AppData\Roaming\Trae CN\User\globalStorage\redhat.java\1.51.0\config_win\org.eclipse.equinox.launcher\org.eclipse.equinox.launcher.win32.win32.x86_64_1.2.1400.v20250801-0854\eclipse_11916.dll
Event: 5.588 Loaded shared library C:\Users\86156\AppData\Local\Temp\jna-53374676\jna16032897898335334375.dll
Event: 9.488 Loaded shared library C:\Users\86156\.gradle\native\1def1411415f61bf3af743bc5b6707747c0891f09f0c88961ee8f79bc544acac\windows-amd64\native-platform.dll
Event: 11.319 Loaded shared library C:\Users\86156\.trae-cn\extensions\redhat.java-1.51.0-win32-x64\jre\21.0.9-win32-x86_64\bin\management.dll
Event: 11.327 Loaded shared library C:\Users\86156\.trae-cn\extensions\redhat.java-1.51.0-win32-x64\jre\21.0.9-win32-x86_64\bin\management_ext.dll
Event: 16.176 Loaded shared library C:\Users\86156\.trae-cn\extensions\redhat.java-1.51.0-win32-x64\jre\21.0.9-win32-x86_64\bin\extnet.dll
Event: 16.348 Loaded shared library C:\Users\86156\.trae-cn\extensions\redhat.java-1.51.0-win32-x64\jre\21.0.9-win32-x86_64\bin\sunmscapi.dll

Deoptimization events (20 events):
Event: 16.558 Thread 0x0000016ba5387670 DEOPT UNPACKING pc=0x0000016b49ad3aa2 sp=0x0000004cf3ffe890 mode 2
Event: 16.573 Thread 0x0000016ba5387670 Uncommon trap: trap_request=0xffffffc6 fr.pc=0x0000016b4a477f88 relative=0x0000000000000968
Event: 16.573 Thread 0x0000016ba5387670 Uncommon trap: reason=bimorphic_or_optimized_type_check action=maybe_recompile pc=0x0000016b4a477f88 method=java.util.Collections$SetFromMap.add(Ljava/lang/Object;)Z @ 8 c2
Event: 16.573 Thread 0x0000016ba5387670 DEOPT PACKING pc=0x0000016b4a477f88 sp=0x0000004cf3ffe8a0
Event: 16.573 Thread 0x0000016ba5387670 DEOPT UNPACKING pc=0x0000016b49ad3aa2 sp=0x0000004cf3ffe890 mode 2
Event: 16.589 Thread 0x0000016ba5387670 Uncommon trap: trap_request=0xffffffc6 fr.pc=0x0000016b4a52dc88 relative=0x00000000000008e8
Event: 16.589 Thread 0x0000016ba5387670 Uncommon trap: reason=bimorphic_or_optimized_type_check action=maybe_recompile pc=0x0000016b4a52dc88 method=java.util.concurrent.ConcurrentHashMap.replaceNode(Ljava/lang/Object;Ljava/lang/Object;Ljava/lang/Object;)Ljava/lang/Object; @ 147 c2
Event: 16.589 Thread 0x0000016ba5387670 DEOPT PACKING pc=0x0000016b4a52dc88 sp=0x0000004cf3ffe810
Event: 16.589 Thread 0x0000016ba5387670 DEOPT UNPACKING pc=0x0000016b49ad3aa2 sp=0x0000004cf3ffe788 mode 2
Event: 16.606 Thread 0x0000016ba5387670 Uncommon trap: trap_request=0xffffffc6 fr.pc=0x0000016b4a52dc88 relative=0x00000000000008e8
Event: 16.606 Thread 0x0000016ba5387670 Uncommon trap: reason=bimorphic_or_optimized_type_check action=maybe_recompile pc=0x0000016b4a52dc88 method=java.util.concurrent.ConcurrentHashMap.replaceNode(Ljava/lang/Object;Ljava/lang/Object;Ljava/lang/Object;)Ljava/lang/Object; @ 147 c2
Event: 16.606 Thread 0x0000016ba5387670 DEOPT PACKING pc=0x0000016b4a52dc88 sp=0x0000004cf3ffe810
Event: 16.606 Thread 0x0000016ba5387670 DEOPT UNPACKING pc=0x0000016b49ad3aa2 sp=0x0000004cf3ffe788 mode 2
Event: 16.636 Thread 0x0000016ba5387670 Uncommon trap: trap_request=0xffffffc6 fr.pc=0x0000016b4a52dc88 relative=0x00000000000008e8
Event: 16.636 Thread 0x0000016ba5387670 Uncommon trap: reason=bimorphic_or_optimized_type_check action=maybe_recompile pc=0x0000016b4a52dc88 method=java.util.concurrent.ConcurrentHashMap.replaceNode(Ljava/lang/Object;Ljava/lang/Object;Ljava/lang/Object;)Ljava/lang/Object; @ 147 c2
Event: 16.636 Thread 0x0000016ba5387670 DEOPT PACKING pc=0x0000016b4a52dc88 sp=0x0000004cf3ffe810
Event: 16.636 Thread 0x0000016ba5387670 DEOPT UNPACKING pc=0x0000016b49ad3aa2 sp=0x0000004cf3ffe788 mode 2
Event: 17.149 Thread 0x0000016ba5387670 Uncommon trap: trap_request=0xffffff45 fr.pc=0x0000016b4a652810 relative=0x00000000000004b0
Event: 17.150 Thread 0x0000016ba5387670 Uncommon trap: reason=unstable_if action=reinterpret pc=0x0000016b4a652810 method=java.io.ObjectInputStream$PeekInputStream.read([BII)I @ 10 c2
Event: 17.150 Thread 0x0000016ba5387670 DEOPT PACKING pc=0x0000016b4a652810 sp=0x0000004cf3ffcc40

Classes loaded (20 events):
Event: 16.364 Loading class java/nio/channels/spi/AbstractSelectionKey done
Event: 16.364 Loading class sun/nio/ch/SelectionKeyImpl done
Event: 16.364 Loading class java/lang/invoke/ConstantBootstraps
Event: 16.365 Loading class java/lang/invoke/ConstantBootstraps done
Event: 16.378 Loading class java/io/ObjectStreamClass$1
Event: 16.378 Loading class java/io/ObjectStreamClass$1 done
Event: 16.378 Loading class java/io/ObjectStreamClass$MemberSignature
Event: 16.378 Loading class java/io/ObjectStreamClass$MemberSignature done
Event: 16.378 Loading class java/io/ObjectStreamClass$3
Event: 16.378 Loading class java/io/ObjectStreamClass$3 done
Event: 16.379 Loading class java/io/ObjectStreamClass$4
Event: 16.379 Loading class java/io/ObjectStreamClass$4 done
Event: 16.379 Loading class java/io/ObjectStreamClass$5
Event: 16.379 Loading class java/io/ObjectStreamClass$5 done
Event: 16.388 Loading class java/nio/channels/spi/AbstractSelector$1
Event: 16.388 Loading class java/nio/channels/spi/AbstractSelector$1 done
Event: 16.404 Loading class java/util/concurrent/Executors$AutoShutdownDelegatedExecutorService
Event: 16.404 Loading class java/util/concurrent/Executors$AutoShutdownDelegatedExecutorService done
Event: 16.413 Loading class java/lang/UnsupportedClassVersionError
Event: 16.413 Loading class java/lang/UnsupportedClassVersionError done

Classes unloaded (19 events):
Event: 6.287 Thread 0x0000016b3f3c4910 Unloading class 0x0000016b571a4400 'java/lang/invoke/LambdaForm$MH+0x0000016b571a4400'
Event: 6.287 Thread 0x0000016b3f3c4910 Unloading class 0x0000016b571a4000 'java/lang/invoke/LambdaForm$MH+0x0000016b571a4000'
Event: 6.287 Thread 0x0000016b3f3c4910 Unloading class 0x0000016b571a3c00 'java/lang/invoke/LambdaForm$MH+0x0000016b571a3c00'
Event: 6.287 Thread 0x0000016b3f3c4910 Unloading class 0x0000016b571a3800 'java/lang/invoke/LambdaForm$MH+0x0000016b571a3800'
Event: 6.287 Thread 0x0000016b3f3c4910 Unloading class 0x0000016b571a3400 'java/lang/invoke/LambdaForm$BMH+0x0000016b571a3400'
Event: 6.287 Thread 0x0000016b3f3c4910 Unloading class 0x0000016b571a3000 'java/lang/invoke/LambdaForm$DMH+0x0000016b571a3000'
Event: 6.287 Thread 0x0000016b3f3c4910 Unloading class 0x0000016b571a2000 'java/lang/invoke/LambdaForm$DMH+0x0000016b571a2000'
Event: 7.840 Thread 0x0000016b3f3c4910 Unloading class 0x0000016b57369000 'java/lang/invoke/LambdaForm$MH+0x0000016b57369000'
Event: 7.840 Thread 0x0000016b3f3c4910 Unloading class 0x0000016b57363c00 'java/lang/invoke/LambdaForm$MH+0x0000016b57363c00'
Event: 7.840 Thread 0x0000016b3f3c4910 Unloading class 0x0000016b57363400 'java/lang/invoke/LambdaForm$MH+0x0000016b57363400'
Event: 7.840 Thread 0x0000016b3f3c4910 Unloading class 0x0000016b57362c00 'java/lang/invoke/LambdaForm$MH+0x0000016b57362c00'
Event: 7.840 Thread 0x0000016b3f3c4910 Unloading class 0x0000016b57362800 'java/lang/invoke/LambdaForm$DMH+0x0000016b57362800'
Event: 7.840 Thread 0x0000016b3f3c4910 Unloading class 0x0000016b57361c00 'java/lang/invoke/LambdaForm$MH+0x0000016b57361c00'
Event: 7.840 Thread 0x0000016b3f3c4910 Unloading class 0x0000016b57359c00 'java/lang/invoke/LambdaForm$MH+0x0000016b57359c00'
Event: 7.840 Thread 0x0000016b3f3c4910 Unloading class 0x0000016b57358c00 'java/lang/invoke/LambdaForm$MH+0x0000016b57358c00'
Event: 7.840 Thread 0x0000016b3f3c4910 Unloading class 0x0000016b57358000 'java/lang/invoke/LambdaForm$MH+0x0000016b57358000'
Event: 7.840 Thread 0x0000016b3f3c4910 Unloading class 0x0000016b57356800 'java/lang/invoke/LambdaForm$MH+0x0000016b57356800'
Event: 7.840 Thread 0x0000016b3f3c4910 Unloading class 0x0000016b57354c00 'java/lang/invoke/LambdaForm$MH+0x0000016b57354c00'
Event: 7.840 Thread 0x0000016b3f3c4910 Unloading class 0x0000016b57354400 'java/lang/invoke/LambdaForm$DMH+0x0000016b57354400'

Classes redefined (0 events):
No events

Internal exceptions (20 events):
Event: 16.241 Thread 0x0000016ba5387670 Exception <a 'java/lang/NoSuchMethodError'{0x00000000d6428860}: 'java.lang.Object java.lang.invoke.Invokers$Holder.linkToTargetMethod(java.lang.Object, java.lang.Object, java.lang.Object, java.lang.Object, java.lang.Object, java.lang.Object, java.lang.Object, java.lang.Object, java.lang.Object, java.lang.Object, java.lang.Object, java.lang.Object, java.lang.Object, java.lang.Object, java.lang.Object, java.lang.Object, java.lang.Object, java.lang.Object, java.lang.Object, java.lang.Object, java.lang.Object,
Event: 16.241 Thread 0x0000016ba5387670 Exception <a 'java/lang/NoSuchMethodError'{0x00000000d642dcf0}: 'java.lang.Object java.lang.invoke.DirectMethodHandle$Holder.invokeVirtual(java.lang.Object, java.lang.Object, java.lang.Object, java.lang.Object, java.lang.Object, java.lang.Object, java.lang.Object, java.lang.Object, java.lang.Object, java.lang.Object)'> (0x00000000d642dcf0) 
thrown [s\src\hotspot\share\interpreter\linkResolver.cpp, line 773]
Event: 16.253 Thread 0x0000016ba5387670 Exception <a 'java/lang/NoSuchMethodError'{0x00000000d658ecd8}: 'java.lang.Object java.lang.invoke.DirectMethodHandle$Holder.invokeVirtual(java.lang.Object, java.lang.Object, java.lang.Object, java.lang.Object, java.lang.Object, java.lang.Object, java.lang.Object, java.lang.Object, java.lang.Object)'> (0x00000000d658ecd8) 
thrown [s\src\hotspot\share\interpreter\linkResolver.cpp, line 773]
Event: 16.277 Thread 0x0000016ba5387670 Exception <a 'java/lang/NoSuchMethodError'{0x00000000d683d9c8}: 'long java.lang.invoke.DirectMethodHandle$Holder.invokeVirtual(java.lang.Object, java.lang.Object)'> (0x00000000d683d9c8) 
thrown [s\src\hotspot\share\interpreter\linkResolver.cpp, line 773]
Event: 16.277 Thread 0x0000016ba5387670 Exception <a 'java/lang/NoSuchMethodError'{0x00000000d6840dc8}: 'long java.lang.invoke.DelegatingMethodHandle$Holder.reinvoke_L(java.lang.Object, java.lang.Object)'> (0x00000000d6840dc8) 
thrown [s\src\hotspot\share\interpreter\linkResolver.cpp, line 773]
Event: 16.379 Thread 0x0000016ba5387670 Exception <a 'java/lang/NoSuchMethodError'{0x00000000d5ac9848}: static Lorg/gradle/tooling/internal/provider/serialization/ClassLoaderDetails;.<clinit>()V> (0x00000000d5ac9848) 
thrown [s\src\hotspot\share\prims\jni.cpp, line 1111]
Event: 16.380 Thread 0x0000016ba5387670 Exception <a 'java/lang/NoSuchMethodError'{0x00000000d5aedb68}: static Lorg/gradle/tooling/internal/provider/serialization/WellKnownClassLoaderRegistry$KnownClassLoaderSpec;.<clinit>()V> (0x00000000d5aedb68) 
thrown [s\src\hotspot\share\prims\jni.cpp, line 1111]
Event: 16.380 Thread 0x0000016ba5387670 Exception <a 'java/lang/NoSuchMethodError'{0x00000000d5aef410}: static Lorg/gradle/internal/classloader/ClassLoaderSpec;.<clinit>()V> (0x00000000d5aef410) 
thrown [s\src\hotspot\share\prims\jni.cpp, line 1111]
Event: 16.382 Thread 0x0000016ba5387670 Exception <a 'java/lang/NoSuchMethodError'{0x00000000d5b0c168}: static Lorg/gradle/tooling/internal/provider/serialization/ClientOwnedClassLoaderSpec;.<clinit>()V> (0x00000000d5b0c168) 
thrown [s\src\hotspot\share\prims\jni.cpp, line 1111]
Event: 16.385 Thread 0x0000016ba5387670 Exception <a 'java/lang/NoSuchMethodError'{0x00000000d5b524a8}: static [Ljava/lang/Object;.<clinit>()V> (0x00000000d5b524a8) 
thrown [s\src\hotspot\share\prims\jni.cpp, line 1111]
Event: 16.415 Thread 0x0000016ba5387670 Exception <a 'java/lang/NoSuchMethodError'{0x00000000d5bf2550}: static Lorg/gradle/internal/build/event/types/AbstractProgressEvent;.<clinit>()V> (0x00000000d5bf2550) 
thrown [s\src\hotspot\share\prims\jni.cpp, line 1111]
Event: 16.415 Thread 0x0000016ba5387670 Exception <a 'java/lang/NoSuchMethodError'{0x00000000d5c00218}: static Lorg/gradle/internal/build/event/types/DefaultOperationStartedProgressEvent;.<clinit>()V> (0x00000000d5c00218) 
thrown [s\src\hotspot\share\prims\jni.cpp, line 1111]
Event: 16.417 Thread 0x0000016ba5387670 Exception <a 'java/lang/NoSuchMethodError'{0x00000000d5c16268}: static Lorg/gradle/internal/build/event/types/DefaultOperationDescriptor;.<clinit>()V> (0x00000000d5c16268) 
thrown [s\src\hotspot\share\prims\jni.cpp, line 1111]
Event: 16.417 Thread 0x0000016ba5387670 Exception <a 'java/lang/NoSuchMethodError'{0x00000000d5c24ad8}: static Lorg/gradle/internal/operations/OperationIdentifier;.<clinit>()V> (0x00000000d5c24ad8) 
thrown [s\src\hotspot\share\prims\jni.cpp, line 1111]
Event: 16.445 Thread 0x0000016ba5387670 Exception <a 'java/lang/NoSuchMethodError'{0x00000000d5c70ce8}: static Lorg/gradle/internal/build/event/types/DefaultOperationFinishedProgressEvent;.<clinit>()V> (0x00000000d5c70ce8) 
thrown [s\src\hotspot\share\prims\jni.cpp, line 1111]
Event: 16.447 Thread 0x0000016ba5387670 Exception <a 'java/lang/NoSuchMethodError'{0x00000000d5c876f0}: static Lorg/gradle/internal/build/event/types/AbstractResult;.<clinit>()V> (0x00000000d5c876f0) 
thrown [s\src\hotspot\share\prims\jni.cpp, line 1111]
Event: 16.447 Thread 0x0000016ba5387670 Exception <a 'java/lang/NoSuchMethodError'{0x00000000d5c953c8}: static Lorg/gradle/internal/build/event/types/AbstractOperationResult;.<clinit>()V> (0x00000000d5c953c8) 
thrown [s\src\hotspot\share\prims\jni.cpp, line 1111]
Event: 16.448 Thread 0x0000016ba5387670 Exception <a 'java/lang/NoSuchMethodError'{0x00000000d5ca33f8}: static Lorg/gradle/internal/build/event/types/DefaultSuccessResult;.<clinit>()V> (0x00000000d5ca33f8) 
thrown [s\src\hotspot\share\prims\jni.cpp, line 1111]
Event: 16.605 Thread 0x0000016ba5387670 Exception <a 'java/lang/NoSuchMethodError'{0x00000000d5cef8f8}: static Lorg/gradle/internal/build/event/types/DefaultBuildPhaseDescriptor;.<clinit>()V> (0x00000000d5cef8f8) 
thrown [s\src\hotspot\share\prims\jni.cpp, line 1111]
Event: 16.640 Thread 0x0000016ba5387670 Exception <a 'java/lang/NoSuchMethodError'{0x00000000d5eddf58}: static Lorg/gradle/internal/build/event/types/DefaultProjectConfigurationDescriptor;.<clinit>()V> (0x00000000d5eddf58) 
thrown [s\src\hotspot\share\prims\jni.cpp, line 1111]

ZGC Phase Switch (0 events):
No events

VM Operations (20 events):
Event: 14.811 Executing VM operation: ParallelGCFailedAllocation (Allocation Failure)
Event: 14.812 Executing VM operation: ParallelGCFailedAllocation (Allocation Failure) done
Event: 15.075 Executing VM operation: ParallelGCFailedAllocation (Allocation Failure)
Event: 15.075 Executing VM operation: ParallelGCFailedAllocation (Allocation Failure) done
Event: 15.341 Executing VM operation: ParallelGCFailedAllocation (Allocation Failure)
Event: 15.342 Executing VM operation: ParallelGCFailedAllocation (Allocation Failure) done
Event: 15.591 Executing VM operation: ParallelGCFailedAllocation (Allocation Failure)
Event: 15.592 Executing VM operation: ParallelGCFailedAllocation (Allocation Failure) done
Event: 15.816 Executing VM operation: ParallelGCFailedAllocation (Allocation Failure)
Event: 15.817 Executing VM operation: ParallelGCFailedAllocation (Allocation Failure) done
Event: 16.066 Executing VM operation: ParallelGCFailedAllocation (Allocation Failure)
Event: 16.066 Executing VM operation: ParallelGCFailedAllocation (Allocation Failure) done
Event: 16.258 Executing VM operation: HandshakeAllThreads (Deoptimize)
Event: 16.258 Executing VM operation: HandshakeAllThreads (Deoptimize) done
Event: 16.294 Executing VM operation: ParallelGCFailedAllocation (Allocation Failure)
Event: 16.295 Executing VM operation: ParallelGCFailedAllocation (Allocation Failure) done
Event: 16.332 Executing VM operation: HandshakeAllThreads (Deoptimize)
Event: 16.332 Executing VM operation: HandshakeAllThreads (Deoptimize) done
Event: 17.023 Executing VM operation: ParallelGCFailedAllocation (Allocation Failure)
Event: 17.024 Executing VM operation: ParallelGCFailedAllocation (Allocation Failure) done

Memory protections (0 events):
No events

Nmethod flushes (20 events):
Event: 13.711 Thread 0x0000016b3f3c4910 flushing  nmethod 0x0000016b42f49e10
Event: 13.711 Thread 0x0000016b3f3c4910 flushing  nmethod 0x0000016b42f4a410
Event: 13.711 Thread 0x0000016b3f3c4910 flushing  nmethod 0x0000016b42f4ac90
Event: 13.711 Thread 0x0000016b3f3c4910 flushing  nmethod 0x0000016b42f4bc10
Event: 13.711 Thread 0x0000016b3f3c4910 flushing  nmethod 0x0000016b42f4bf90
Event: 13.711 Thread 0x0000016b3f3c4910 flushing  nmethod 0x0000016b42f4e090
Event: 13.711 Thread 0x0000016b3f3c4910 flushing  nmethod 0x0000016b42f5a490
Event: 13.711 Thread 0x0000016b3f3c4910 flushing  nmethod 0x0000016b42f61410
Event: 13.711 Thread 0x0000016b3f3c4910 flushing  nmethod 0x0000016b42f7b810
Event: 13.711 Thread 0x0000016b3f3c4910 flushing  nmethod 0x0000016b42fa5e10
Event: 13.711 Thread 0x0000016b3f3c4910 flushing  nmethod 0x0000016b42fc2d10
Event: 13.711 Thread 0x0000016b3f3c4910 flushing  nmethod 0x0000016b42fd9190
Event: 13.711 Thread 0x0000016b3f3c4910 flushing  nmethod 0x0000016b42fd9b90
Event: 13.711 Thread 0x0000016b3f3c4910 flushing  nmethod 0x0000016b42fdb490
Event: 13.711 Thread 0x0000016b3f3c4910 flushing  nmethod 0x0000016b42fdb910
Event: 13.711 Thread 0x0000016b3f3c4910 flushing  nmethod 0x0000016b42fdd410
Event: 13.711 Thread 0x0000016b3f3c4910 flushing  nmethod 0x0000016b42fddc90
Event: 13.711 Thread 0x0000016b3f3c4910 flushing  nmethod 0x0000016b42fde690
Event: 13.711 Thread 0x0000016b3f3c4910 flushing  nmethod 0x0000016b42fdf090
Event: 13.711 Thread 0x0000016b3f3c4910 flushing  nmethod 0x0000016b42feae10

Events (20 events):
Event: 12.768 Thread 0x0000016b9f101360 Thread added: 0x0000016ba53855a0
Event: 12.891 Thread 0x0000016b9f101360 Thread added: 0x0000016ba5384880
Event: 12.894 Thread 0x0000016b9f101360 Thread added: 0x0000016ba5384f10
Event: 12.913 Thread 0x0000016ba5384f10 Thread exited: 0x0000016ba5384f10
Event: 12.913 Thread 0x0000016b9f101360 Thread added: 0x0000016ba5385c30
Event: 12.917 Thread 0x0000016b9f101360 Thread added: 0x0000016ba5387670
Event: 13.873 Thread 0x0000016b983abd50 Thread exited: 0x0000016b983abd50
Event: 13.873 Thread 0x0000016b983a36a0 Thread exited: 0x0000016b983a36a0
Event: 13.877 Thread 0x0000016b3f4e1f70 Thread added: 0x0000016b9f2c33f0
Event: 15.287 Thread 0x0000016b9f2c33f0 Thread exited: 0x0000016b9f2c33f0
Event: 16.231 Thread 0x0000016b3f4e7400 Thread added: 0x0000016b9f2c18b0
Event: 16.286 Thread 0x0000016ba5387670 Thread added: 0x0000016ba5387d00
Event: 16.554 Thread 0x0000016b9f2c18b0 Thread exited: 0x0000016b9f2c18b0
Event: 16.621 Thread 0x0000016b3f4e7400 Thread added: 0x0000016b9f2c18b0
Event: 16.622 Thread 0x0000016b3f4e7400 Thread added: 0x0000016b9f2c2d20
Event: 16.624 Thread 0x0000016b3f4e7400 Thread added: 0x0000016b9f2c33f0
Event: 16.628 Thread 0x0000016b9f2c33f0 Thread added: 0x0000016ba2942c20
Event: 16.632 Thread 0x0000016b9f2c2d20 Thread added: 0x0000016ba29432f0
Event: 16.848 Thread 0x0000016ba29432f0 Thread exited: 0x0000016ba29432f0
Event: 16.848 Thread 0x0000016ba2942c20 Thread exited: 0x0000016ba2942c20


Dynamic libraries:
0x00007ff775cd0000 - 0x00007ff775cde000 	c:\Users\86156\.trae-cn\extensions\redhat.java-1.51.0-win32-x64\jre\21.0.9-win32-x86_64\bin\java.exe
0x00007ffe267c0000 - 0x00007ffe26a27000 	C:\WINDOWS\SYSTEM32\ntdll.dll
0x00007ffe252c0000 - 0x00007ffe25389000 	C:\WINDOWS\System32\KERNEL32.DLL
0x00007ffe23d30000 - 0x00007ffe2411f000 	C:\WINDOWS\System32\KERNELBASE.dll
0x00007ffe24130000 - 0x00007ffe2427b000 	C:\WINDOWS\System32\ucrtbase.dll
0x00007ffe122b0000 - 0x00007ffe122c8000 	c:\Users\86156\.trae-cn\extensions\redhat.java-1.51.0-win32-x64\jre\21.0.9-win32-x86_64\bin\jli.dll
0x00007ffe11a00000 - 0x00007ffe11a1e000 	c:\Users\86156\.trae-cn\extensions\redhat.java-1.51.0-win32-x64\jre\21.0.9-win32-x86_64\bin\VCRUNTIME140.dll
0x00007ffe24bf0000 - 0x00007ffe24db5000 	C:\WINDOWS\System32\USER32.dll
0x00007ffe23a40000 - 0x00007ffe23a67000 	C:\WINDOWS\System32\win32u.dll
0x00007ffe24eb0000 - 0x00007ffe24edb000 	C:\WINDOWS\System32\GDI32.dll
0x00007ffe23910000 - 0x00007ffe23a3c000 	C:\WINDOWS\System32\gdi32full.dll
0x00007ffe08da0000 - 0x00007ffe09033000 	C:\WINDOWS\WinSxS\amd64_microsoft.windows.common-controls_6595b64144ccf1df_6.0.26100.7309_none_3e05feeae336a044\COMCTL32.dll
0x00007ffe243f0000 - 0x00007ffe24493000 	C:\WINDOWS\System32\msvcp_win.dll
0x00007ffe24560000 - 0x00007ffe24609000 	C:\WINDOWS\System32\msvcrt.dll
0x00007ffe24a70000 - 0x00007ffe24aa1000 	C:\WINDOWS\System32\IMM32.DLL
0x00007ffe13d40000 - 0x00007ffe13d4c000 	c:\Users\86156\.trae-cn\extensions\redhat.java-1.51.0-win32-x64\jre\21.0.9-win32-x86_64\bin\vcruntime140_1.dll
0x00007ffdfb1e0000 - 0x00007ffdfb26d000 	c:\Users\86156\.trae-cn\extensions\redhat.java-1.51.0-win32-x64\jre\21.0.9-win32-x86_64\bin\msvcp140.dll
0x00007ffd7b760000 - 0x00007ffd7c500000 	c:\Users\86156\.trae-cn\extensions\redhat.java-1.51.0-win32-x64\jre\21.0.9-win32-x86_64\bin\server\jvm.dll
0x00007ffe24de0000 - 0x00007ffe24e94000 	C:\WINDOWS\System32\ADVAPI32.dll
0x00007ffe25590000 - 0x00007ffe25636000 	C:\WINDOWS\System32\sechost.dll
0x00007ffe24ad0000 - 0x00007ffe24be8000 	C:\WINDOWS\System32\RPCRT4.dll
0x00007ffe261c0000 - 0x00007ffe26234000 	C:\WINDOWS\System32\WS2_32.dll
0x00007ffe23730000 - 0x00007ffe2378e000 	C:\WINDOWS\SYSTEM32\POWRPROF.dll
0x00007ffe1a700000 - 0x00007ffe1a735000 	C:\WINDOWS\SYSTEM32\WINMM.dll
0x00007ffe1c050000 - 0x00007ffe1c05b000 	C:\WINDOWS\SYSTEM32\VERSION.dll
0x00007ffe23660000 - 0x00007ffe23674000 	C:\WINDOWS\SYSTEM32\UMPDC.dll
0x00007ffe22680000 - 0x00007ffe2269b000 	C:\WINDOWS\SYSTEM32\kernel.appcore.dll
0x00007ffe0fce0000 - 0x00007ffe0fcea000 	c:\Users\86156\.trae-cn\extensions\redhat.java-1.51.0-win32-x64\jre\21.0.9-win32-x86_64\bin\jimage.dll
0x00007ffe1a300000 - 0x00007ffe1a542000 	C:\WINDOWS\SYSTEM32\DBGHELP.DLL
0x00007ffe25650000 - 0x00007ffe259d6000 	C:\WINDOWS\System32\combase.dll
0x00007ffe24990000 - 0x00007ffe24a66000 	C:\WINDOWS\System32\OLEAUT32.dll
0x00007ffe0a9a0000 - 0x00007ffe0a9dc000 	C:\WINDOWS\SYSTEM32\dbgcore.DLL
0x00007ffe23c80000 - 0x00007ffe23d25000 	C:\WINDOWS\System32\bcryptPrimitives.dll
0x00007ffe0fcd0000 - 0x00007ffe0fcdf000 	c:\Users\86156\.trae-cn\extensions\redhat.java-1.51.0-win32-x64\jre\21.0.9-win32-x86_64\bin\instrument.dll
0x00007ffe0f930000 - 0x00007ffe0f950000 	c:\Users\86156\.trae-cn\extensions\redhat.java-1.51.0-win32-x64\jre\21.0.9-win32-x86_64\bin\java.dll
0x00007ffe259e0000 - 0x00007ffe26133000 	C:\WINDOWS\System32\SHELL32.dll
0x00007ffe24280000 - 0x00007ffe243ea000 	C:\WINDOWS\System32\wintypes.dll
0x00007ffe214f0000 - 0x00007ffe21d4e000 	C:\WINDOWS\SYSTEM32\windows.storage.dll
0x00007ffe24ee0000 - 0x00007ffe24fd5000 	C:\WINDOWS\System32\SHCORE.dll
0x00007ffe24610000 - 0x00007ffe24676000 	C:\WINDOWS\System32\shlwapi.dll
0x00007ffe237f0000 - 0x00007ffe23819000 	C:\WINDOWS\SYSTEM32\profapi.dll
0x00007ffe0e740000 - 0x00007ffe0e758000 	c:\Users\86156\.trae-cn\extensions\redhat.java-1.51.0-win32-x64\jre\21.0.9-win32-x86_64\bin\zip.dll
0x00007ffe0f920000 - 0x00007ffe0f930000 	C:\Users\86156\.trae-cn\extensions\redhat.java-1.51.0-win32-x64\jre\21.0.9-win32-x86_64\bin\net.dll
0x00007ffe1c8e0000 - 0x00007ffe1ca08000 	C:\WINDOWS\SYSTEM32\WINHTTP.dll
0x00007ffe22bf0000 - 0x00007ffe22c5b000 	C:\WINDOWS\system32\mswsock.dll
0x00007ffe0d430000 - 0x00007ffe0d446000 	C:\Users\86156\.trae-cn\extensions\redhat.java-1.51.0-win32-x64\jre\21.0.9-win32-x86_64\bin\nio.dll
0x00007ffe0e730000 - 0x00007ffe0e740000 	c:\Users\86156\.trae-cn\extensions\redhat.java-1.51.0-win32-x64\jre\21.0.9-win32-x86_64\bin\verify.dll
0x00007ffdf4680000 - 0x00007ffdf46c4000 	C:\Users\86156\AppData\Roaming\Trae CN\User\globalStorage\redhat.java\1.51.0\config_win\org.eclipse.equinox.launcher\org.eclipse.equinox.launcher.win32.win32.x86_64_1.2.1400.v20250801-0854\eclipse_11916.dll
0x00007ffe25390000 - 0x00007ffe25527000 	C:\WINDOWS\System32\ole32.dll
0x00007ffe22ec0000 - 0x00007ffe22edb000 	C:\WINDOWS\SYSTEM32\CRYPTSP.dll
0x00007ffe225e0000 - 0x00007ffe2261a000 	C:\WINDOWS\system32\rsaenh.dll
0x00007ffe22ca0000 - 0x00007ffe22ccb000 	C:\WINDOWS\SYSTEM32\USERENV.dll
0x00007ffe237c0000 - 0x00007ffe237ea000 	C:\WINDOWS\SYSTEM32\bcrypt.dll
0x00007ffe22eb0000 - 0x00007ffe22ebc000 	C:\WINDOWS\SYSTEM32\CRYPTBASE.dll
0x00007ffe22140000 - 0x00007ffe22174000 	C:\WINDOWS\SYSTEM32\IPHLPAPI.DLL
0x00007ffe24ea0000 - 0x00007ffe24eaa000 	C:\WINDOWS\System32\NSI.dll
0x00007ffe0b300000 - 0x00007ffe0b349000 	C:\Users\86156\AppData\Local\Temp\jna-53374676\jna16032897898335334375.dll
0x00007ffe24dc0000 - 0x00007ffe24dc8000 	C:\WINDOWS\System32\PSAPI.DLL
0x00007ffe1df80000 - 0x00007ffe1df9e000 	C:\WINDOWS\SYSTEM32\dhcpcsvc6.DLL
0x00007ffe1ded0000 - 0x00007ffe1def3000 	C:\WINDOWS\SYSTEM32\dhcpcsvc.DLL
0x00007ffdfdca0000 - 0x00007ffdfdcc7000 	C:\Users\86156\.gradle\native\1def1411415f61bf3af743bc5b6707747c0891f09f0c88961ee8f79bc544acac\windows-amd64\native-platform.dll
0x00007ffe0e610000 - 0x00007ffe0e61a000 	C:\Users\86156\.trae-cn\extensions\redhat.java-1.51.0-win32-x64\jre\21.0.9-win32-x86_64\bin\management.dll
0x00007ffe0d570000 - 0x00007ffe0d57c000 	C:\Users\86156\.trae-cn\extensions\redhat.java-1.51.0-win32-x64\jre\21.0.9-win32-x86_64\bin\management_ext.dll
0x00007ffe0b2a0000 - 0x00007ffe0b2a9000 	C:\Users\86156\.trae-cn\extensions\redhat.java-1.51.0-win32-x64\jre\21.0.9-win32-x86_64\bin\extnet.dll
0x00007ffe0b290000 - 0x00007ffe0b29e000 	C:\Users\86156\.trae-cn\extensions\redhat.java-1.51.0-win32-x64\jre\21.0.9-win32-x86_64\bin\sunmscapi.dll
0x00007ffe23a70000 - 0x00007ffe23be7000 	C:\WINDOWS\System32\CRYPT32.dll
0x00007ffe230d0000 - 0x00007ffe23100000 	C:\WINDOWS\SYSTEM32\ncrypt.dll
0x00007ffe23080000 - 0x00007ffe230bf000 	C:\WINDOWS\SYSTEM32\NTASN1.dll
0x00007ffe031b0000 - 0x00007ffe031b8000 	C:\WINDOWS\system32\wshunix.dll

JVMTI agents:
c:\Users\86156\.trae-cn\extensions\redhat.java-1.51.0-win32-x64\lombok\lombok-1.18.39-4050.jar path:c:\Users\86156\.trae-cn\extensions\redhat.java-1.51.0-win32-x64\jre\21.0.9-win32-x86_64\bin\instrument.dll, loaded, initialized, instrumentlib options:none

dbghelp: loaded successfully - version: 4.0.5 - missing functions: none
symbol engine: initialized successfully - sym options: 0x614 - pdb path: .;c:\Users\86156\.trae-cn\extensions\redhat.java-1.51.0-win32-x64\jre\21.0.9-win32-x86_64\bin;C:\WINDOWS\SYSTEM32;C:\WINDOWS\WinSxS\amd64_microsoft.windows.common-controls_6595b64144ccf1df_6.0.26100.7309_none_3e05feeae336a044;c:\Users\86156\.trae-cn\extensions\redhat.java-1.51.0-win32-x64\jre\21.0.9-win32-x86_64\bin\server;C:\Users\86156\AppData\Roaming\Trae CN\User\globalStorage\redhat.java\1.51.0\config_win\org.eclipse.equinox.launcher\org.eclipse.equinox.launcher.win32.win32.x86_64_1.2.1400.v20250801-0854;C:\Users\86156\AppData\Local\Temp\jna-53374676;C:\Users\86156\.gradle\native\1def1411415f61bf3af743bc5b6707747c0891f09f0c88961ee8f79bc544acac\windows-amd64

VM Arguments:
jvm_args: --add-modules=ALL-SYSTEM --add-opens=java.base/java.util=ALL-UNNAMED --add-opens=java.base/java.lang=ALL-UNNAMED --add-opens=java.base/sun.nio.fs=ALL-UNNAMED -Declipse.application=org.eclipse.jdt.ls.core.id1 -Dosgi.bundles.defaultStartLevel=4 -Declipse.product=org.eclipse.jdt.ls.core.product -Djava.import.generatesMetadataFilesAtProjectRoot=false -DDetectVMInstallationsJob.disabled=true -Dfile.encoding=utf8 -XX:+UseParallelGC -XX:GCTimeRatio=4 -XX:AdaptiveSizePolicyWeight=90 -Dsun.zip.disableMemoryMapping=true -Xmx2G -Xms100m -Xlog:disable -javaagent:c:\Users\86156\.trae-cn\extensions\redhat.java-1.51.0-win32-x64\lombok\lombok-1.18.39-4050.jar -XX:+HeapDumpOnOutOfMemoryError -XX:HeapDumpPath=c:\Users\86156\AppData\Roaming\Trae CN\User\workspaceStorage\6f69e51d556dabda7e8a685fc940c2bd\redhat.java -Daether.dependencyCollector.impl=bf 
java_command: c:\Users\86156\.trae-cn\extensions\redhat.java-1.51.0-win32-x64\server\plugins\org.eclipse.equinox.launcher_1.7.100.v20251111-0406.jar -configuration c:\Users\86156\AppData\Roaming\Trae CN\User\globalStorage\redhat.java\1.51.0\config_win -data c:\Users\86156\AppData\Roaming\Trae CN\User\workspaceStorage\6f69e51d556dabda7e8a685fc940c2bd\redhat.java\jdt_ws --pipe=\\.\pipe\lsp-5c94749ed3483ded705f1778f11bb591-sock
java_class_path (initial): c:\Users\86156\.trae-cn\extensions\redhat.java-1.51.0-win32-x64\server\plugins\org.eclipse.equinox.launcher_1.7.100.v20251111-0406.jar
Launcher Type: SUN_STANDARD

[Global flags]
    uintx AdaptiveSizePolicyWeight                 = 90                                        {product} {command line}
     intx CICompilerCount                          = 12                                        {product} {ergonomic}
    uintx GCTimeRatio                              = 4                                         {product} {command line}
     bool HeapDumpOnOutOfMemoryError               = true                                   {manageable} {command line}
    ccstr HeapDumpPath                             = c:\Users\86156\AppData\Roaming\Trae CN\User\workspaceStorage\6f69e51d556dabda7e8a685fc940c2bd\redhat.java         {manageable} {command line}
   size_t InitialHeapSize                          = 104857600                                 {product} {command line}
   size_t MaxHeapSize                              = 2147483648                                {product} {command line}
   size_t MaxNewSize                               = 715653120                                 {product} {ergonomic}
   size_t MinHeapDeltaBytes                        = 524288                                    {product} {ergonomic}
   size_t MinHeapSize                              = 104857600                                 {product} {command line}
   size_t NewSize                                  = 34603008                                  {product} {ergonomic}
    uintx NonNMethodCodeHeapSize                   = 7602480                                {pd product} {ergonomic}
    uintx NonProfiledCodeHeapSize                  = 122027880                              {pd product} {ergonomic}
   size_t OldSize                                  = 70254592                                  {product} {ergonomic}
    uintx ProfiledCodeHeapSize                     = 122027880                              {pd product} {ergonomic}
    uintx ReservedCodeCacheSize                    = 251658240                              {pd product} {ergonomic}
     bool SegmentedCodeCache                       = true                                      {product} {ergonomic}
   size_t SoftMaxHeapSize                          = 2147483648                             {manageable} {ergonomic}
     bool UseCompressedOops                        = true                           {product lp64_product} {ergonomic}
     bool UseLargePagesIndividualAllocation        = false                                  {pd product} {ergonomic}
     bool UseParallelGC                            = true                                      {product} {command line}

Logging:
Log output configuration:
 #0: stdout all=off uptime,level,tags foldmultilines=false
 #1: stderr all=off uptime,level,tags foldmultilines=false

Release file:
JAVA_VERSION="21.0.9" 
MODULES="java.base java.compiler java.datatransfer java.xml java.prefs java.desktop java.instrument java.logging java.management java.security.sasl java.naming java.rmi java.management.rmi java.net.http java.scripting java.security.jgss java.transaction.xa java.sql java.sql.rowset java.xml.crypto java.se java.smartcardio jdk.accessibility jdk.internal.jvmstat jdk.attach jdk.charsets jdk.internal.opt jdk.zipfs jdk.compiler jdk.crypto.ec jdk.crypto.cryptoki jdk.crypto.mscapi jdk.dynalink jdk.internal.ed jdk.editpad jdk.hotspot.agent jdk.httpserver jdk.internal.le jdk.internal.vm.ci jdk.internal.vm.compiler jdk.internal.vm.compiler.management jdk.jartool jdk.javadoc jdk.jcmd jdk.management jdk.management.agent jdk.jconsole jdk.jdeps jdk.jdwp.agent jdk.jdi jdk.jfr jdk.jshell jdk.jsobject jdk.jstatd jdk.localedata jdk.management.jfr jdk.naming.dns jdk.naming.rmi jdk.net jdk.nio.mapmode jdk.random jdk.sctp jdk.security.auth jdk.security.jgss jdk.unsupported jdk.unsupported.desktop jdk.xml.dom" 

Environment Variables:
JAVA_HOME=C:\Program Files\Eclipse Adoptium\jdk-17.0.17.10-hotspot\
PATH=C:\Program Files\Eclipse Adoptium\jdk-17.0.17.10-hotspot\bin;C:\Windows\system32;C:\Windows;C:\Windows\System32\Wbem;C:\Windows\System32\WindowsPowerShell\v1.0\;C:\Windows\System32\OpenSSH\;C:\Program Files (x86)\NVIDIA Corporation\PhysX\Common;C:\Program Files\NVIDIA Corporation\NVIDIA NvDLISR;C:\Program Files\Bandizip\;C:\WINDOWS\system32;C:\WINDOWS;C:\WINDOWS\System32\Wbem;C:\WINDOWS\System32\WindowsPowerShell\v1.0\;C:\WINDOWS\System32\OpenSSH\;C:\Program Files\nodejs\;D:\ruanjian\Git\cmd;d:\ruanjian\Trae\bin;C:\Users\86156\AppData\Local\Microsoft\WindowsApps;C:\Users\86156\AppData\Roaming\npm;d:\ruanjian\Trae CN\resources\app\bin\lib
USERNAME=86156
OS=Windows_NT
PROCESSOR_IDENTIFIER=AMD64 Family 23 Model 96 Stepping 1, AuthenticAMD
TMP=C:\Users\86156\AppData\Local\Temp
TEMP=C:\Users\86156\AppData\Local\Temp




Periodic native trim disabled

---------------  S Y S T E M  ---------------

OS:
 Windows 11 , 64 bit Build 26100 (10.0.26100.7623)
OS uptime: 0 days 22:54 hours

CPU: total 16 (initial active 16) (16 cores per cpu, 2 threads per core) family 23 model 96 stepping 1 microcode 0x8600106, cx8, cmov, fxsr, ht, mmx, 3dnowpref, sse, sse2, sse3, ssse3, sse4a, sse4.1, sse4.2, popcnt, lzcnt, tsc, tscinvbit, avx, avx2, aes, clmul, bmi1, bmi2, adx, sha, fma, vzeroupper, clflush, clflushopt, rdtscp, rdpid, f16c
Processor Information for the first 16 processors :
  Max Mhz: 2901, Current Mhz: 2901, Mhz Limit: 2901

Memory: 4k page, system-wide physical 15789M (5703M free)
TotalPageFile size 15789M (AvailPageFile size 462M)
current process WorkingSet (physical memory assigned to process): 293M, peak: 293M
current process commit charge ("private bytes"): 408M, peak: 412M

vm_info: OpenJDK 64-Bit Server VM (21.0.9+10-LTS) for windows-amd64 JRE (21.0.9+10-LTS), built on 2025-10-21T00:00:00Z by "admin" with unknown MS VC++:1942

END.
