#
# There is insufficient memory for the Java Runtime Environment to continue.
# Native memory allocation (malloc) failed to allocate 485968 bytes. Error detail: Chunk::new
# Possible reasons:
#   The system is out of physical RAM or swap space
#   This process is running with CompressedOops enabled, and the Java Heap may be blocking the growth of the native heap
# Possible solutions:
#   Reduce memory load on the system
#   Increase physical memory or swap space
#   Check if swap backing store is full
#   Decrease Java heap size (-Xmx/-Xms)
#   Decrease number of Java threads
#   Decrease Java thread stack sizes (-Xss)
#   Set larger code cache with -XX:ReservedCodeCacheSize=
#   JVM is running with Unscaled Compressed Oops mode in which the Java heap is
#     placed in the first 4GB address space. The Java Heap base address is the
#     maximum limit for the native heap growth. Please use -XX:HeapBaseMinAddress
#     to set the Java Heap base and to place the Java Heap above 4GB virtual address.
# This output file may be truncated or incomplete.
#
#  Out of Memory Error (arena.cpp:191), pid=7836, tid=24040
#
# JRE version: OpenJDK Runtime Environment Temurin-17.0.17+10 (17.0.17+10) (build 17.0.17+10)
# Java VM: OpenJDK 64-Bit Server VM Temurin-17.0.17+10 (17.0.17+10, mixed mode, sharing, tiered, compressed oops, compressed class ptrs, g1 gc, windows-amd64)
# No core dump will be written. Minidumps are not enabled by default on client versions of Windows
#

---------------  S U M M A R Y ------------

Command Line: --add-opens=java.base/java.lang=ALL-UNNAMED --add-opens=java.base/java.lang.invoke=ALL-UNNAMED --add-opens=java.base/java.util=ALL-UNNAMED --add-opens=java.prefs/java.util.prefs=ALL-UNNAMED --add-exports=jdk.compiler/com.sun.tools.javac.api=ALL-UNNAMED --add-exports=jdk.compiler/com.sun.tools.javac.util=ALL-UNNAMED --add-opens=java.base/java.util=ALL-UNNAMED --add-opens=java.prefs/java.util.prefs=ALL-UNNAMED --add-opens=java.base/java.nio.charset=ALL-UNNAMED --add-opens=java.base/java.net=ALL-UNNAMED --add-opens=java.base/java.util.concurrent.atomic=ALL-UNNAMED --add-opens=java.xml/javax.xml.namespace=ALL-UNNAMED -Xmx1536m -Dfile.encoding=UTF-8 -Duser.country=CN -Duser.language=zh -Duser.variant -javaagent:C:\Users\86156\.gradle\wrapper\dists\gradle-8.14.3-all\10utluxaxniiv4wxiphsi49nj\gradle-8.14.3\lib\agents\gradle-instrumentation-agent-8.14.3.jar org.gradle.launcher.daemon.bootstrap.GradleDaemon 8.14.3

Host: AMD Ryzen 7 4800H with Radeon Graphics         , 16 cores, 15G,  Windows 11 , 64 bit Build 26100 (10.0.26100.7623)
Time: Thu Jan 15 23:12:39 2026  Windows 11 , 64 bit Build 26100 (10.0.26100.7623) elapsed time: 7495.601081 seconds (0d 2h 4m 55s)

---------------  T H R E A D  ---------------

Current thread (0x0000023f37831360):  JavaThread "C2 CompilerThread0" daemon [_thread_in_native, id=24040, stack(0x000000de83800000,0x000000de83900000)]


Current CompileTask:
C2:7495601 18752       4       org.gradle.api.internal.artifacts.transform.AbstractTransformedArtifactSet::visit (104 bytes)

Stack: [0x000000de83800000,0x000000de83900000]
Native frames: (J=compiled Java code, j=interpreted, Vv=VM code, C=native code)
V  [jvm.dll+0x683fb9]
V  [jvm.dll+0x83a1b5]
V  [jvm.dll+0x83bc2e]
V  [jvm.dll+0x83c2b3]
V  [jvm.dll+0x248eff]
V  [jvm.dll+0xad496]
V  [jvm.dll+0xadb3c]
V  [jvm.dll+0x11eca4]
V  [jvm.dll+0x615dd3]
V  [jvm.dll+0x61445e]
V  [jvm.dll+0x219c30]
V  [jvm.dll+0x219200]
V  [jvm.dll+0x1a4920]
V  [jvm.dll+0x22989a]
V  [jvm.dll+0x227a4b]
V  [jvm.dll+0x7effb8]
V  [jvm.dll+0x7ea44c]
V  [jvm.dll+0x682e87]
C  [ucrtbase.dll+0x37b0]
C  [KERNEL32.DLL+0x2e8d7]
C  [ntdll.dll+0x8c53c]


---------------  P R O C E S S  ---------------

Threads class SMR info:
_java_thread_list=0x0000023f071c7330, length=54, elements={
0x0000023f19aee2d0, 0x0000023f377a30d0, 0x0000023f377a4710, 0x0000023f37829cc0,
0x0000023f3782e5b0, 0x0000023f3782ee80, 0x0000023f3782f750, 0x0000023f37831360,
0x0000023f378329f0, 0x0000023f37845560, 0x0000023f379a4720, 0x0000023f37ab5740,
0x0000023f7e309b10, 0x0000023f7ec66510, 0x0000023f7ee8e590, 0x0000023f7e4ac650,
0x0000023f7e4aa7f0, 0x0000023f7e4ac140, 0x0000023f7e4acb60, 0x0000023f002ec950,
0x0000023f002ece60, 0x0000023f002ed880, 0x0000023f002ed370, 0x0000023f002ec440,
0x0000023f002ee2a0, 0x0000023f01a9ef00, 0x0000023f01a9bc60, 0x0000023f01a9c170,
0x0000023f01a9c680, 0x0000023f01a9cb90, 0x0000023f01a9d0a0, 0x0000023f01a9d5b0,
0x0000023f01a9e9f0, 0x0000023f01a9dfd0, 0x0000023f0126a800, 0x0000023f01577fb0,
0x0000023f0157a320, 0x0000023f015784c0, 0x0000023f04ee7260, 0x0000023f04de1150,
0x0000023f04de1660, 0x0000023f04dddeb0, 0x0000023f04dde8d0, 0x0000023f04dde3c0,
0x0000023f04ddede0, 0x0000023f01b96070, 0x0000023f01b98af0, 0x0000023f7f3827b0,
0x0000023f7f3822a0, 0x0000023f7f382cc0, 0x0000023f7f3831d0, 0x0000023f7f381880,
0x0000023f04ee8190, 0x0000023f04ee6840
}

Java Threads: ( => current thread )
  0x0000023f19aee2d0 JavaThread "main" [_thread_blocked, id=9328, stack(0x000000de82b00000,0x000000de82c00000)]
  0x0000023f377a30d0 JavaThread "Reference Handler" daemon [_thread_blocked, id=23424, stack(0x000000de83200000,0x000000de83300000)]
  0x0000023f377a4710 JavaThread "Finalizer" daemon [_thread_blocked, id=12280, stack(0x000000de83300000,0x000000de83400000)]
  0x0000023f37829cc0 JavaThread "Signal Dispatcher" daemon [_thread_blocked, id=9836, stack(0x000000de83400000,0x000000de83500000)]
  0x0000023f3782e5b0 JavaThread "Attach Listener" daemon [_thread_blocked, id=24172, stack(0x000000de83500000,0x000000de83600000)]
  0x0000023f3782ee80 JavaThread "Service Thread" daemon [_thread_blocked, id=9404, stack(0x000000de83600000,0x000000de83700000)]
  0x0000023f3782f750 JavaThread "Monitor Deflation Thread" daemon [_thread_blocked, id=11772, stack(0x000000de83700000,0x000000de83800000)]
=>0x0000023f37831360 JavaThread "C2 CompilerThread0" daemon [_thread_in_native, id=24040, stack(0x000000de83800000,0x000000de83900000)]
  0x0000023f378329f0 JavaThread "C1 CompilerThread0" daemon [_thread_blocked, id=2904, stack(0x000000de83900000,0x000000de83a00000)]
  0x0000023f37845560 JavaThread "Sweeper thread" daemon [_thread_blocked, id=4652, stack(0x000000de83a00000,0x000000de83b00000)]
  0x0000023f379a4720 JavaThread "Common-Cleaner" daemon [_thread_blocked, id=16352, stack(0x000000de83e00000,0x000000de83f00000)]
  0x0000023f37ab5740 JavaThread "Notification Thread" daemon [_thread_blocked, id=15912, stack(0x000000de84000000,0x000000de84100000)]
  0x0000023f7e309b10 JavaThread "Daemon health stats" [_thread_blocked, id=25148, stack(0x000000de84600000,0x000000de84700000)]
  0x0000023f7ec66510 JavaThread "Incoming local TCP Connector on port 14617" [_thread_in_native, id=15852, stack(0x000000de84900000,0x000000de84a00000)]
  0x0000023f7ee8e590 JavaThread "Daemon periodic checks" [_thread_blocked, id=14372, stack(0x000000de84c00000,0x000000de84d00000)]
  0x0000023f7e4ac650 JavaThread "Cache worker for journal cache (C:\Users\86156\.gradle\caches\journal-1)" [_thread_blocked, id=15200, stack(0x000000de84b00000,0x000000de84c00000)]
  0x0000023f7e4aa7f0 JavaThread "File lock request listener" [_thread_in_native, id=13860, stack(0x000000de85400000,0x000000de85500000)]
  0x0000023f7e4ac140 JavaThread "Cache worker for file hash cache (C:\Users\86156\.gradle\caches\8.14.3\fileHashes)" [_thread_blocked, id=8904, stack(0x000000de85500000,0x000000de85600000)]
  0x0000023f7e4acb60 JavaThread "File watcher server" daemon [_thread_in_native, id=7456, stack(0x000000de86100000,0x000000de86200000)]
  0x0000023f002ec950 JavaThread "File watcher consumer" daemon [_thread_blocked, id=1872, stack(0x000000de86200000,0x000000de86300000)]
  0x0000023f002ece60 JavaThread "jar transforms" [_thread_blocked, id=18748, stack(0x000000de86300000,0x000000de86400000)]
  0x0000023f002ed880 JavaThread "jar transforms Thread 2" [_thread_blocked, id=15092, stack(0x000000de86400000,0x000000de86500000)]
  0x0000023f002ed370 JavaThread "jar transforms Thread 3" [_thread_blocked, id=11112, stack(0x000000de86500000,0x000000de86600000)]
  0x0000023f002ec440 JavaThread "jar transforms Thread 4" [_thread_blocked, id=21056, stack(0x000000de86600000,0x000000de86700000)]
  0x0000023f002ee2a0 JavaThread "jar transforms Thread 5" [_thread_blocked, id=15760, stack(0x000000de86700000,0x000000de86800000)]
  0x0000023f01a9ef00 JavaThread "Cache worker for file content cache (C:\Users\86156\.gradle\caches\8.14.3\fileContent)" [_thread_blocked, id=13988, stack(0x000000de86b00000,0x000000de86c00000)]
  0x0000023f01a9bc60 JavaThread "jar transforms Thread 6" [_thread_blocked, id=16648, stack(0x000000de86c00000,0x000000de86d00000)]
  0x0000023f01a9c170 JavaThread "jar transforms Thread 7" [_thread_blocked, id=23116, stack(0x000000de86900000,0x000000de86a00000)]
  0x0000023f01a9c680 JavaThread "jar transforms Thread 8" [_thread_blocked, id=14252, stack(0x000000de86d00000,0x000000de86e00000)]
  0x0000023f01a9cb90 JavaThread "jar transforms Thread 9" [_thread_blocked, id=9220, stack(0x000000de86e00000,0x000000de86f00000)]
  0x0000023f01a9d0a0 JavaThread "jar transforms Thread 10" [_thread_blocked, id=19752, stack(0x000000de86f00000,0x000000de87000000)]
  0x0000023f01a9d5b0 JavaThread "jar transforms Thread 11" [_thread_blocked, id=17852, stack(0x000000de87000000,0x000000de87100000)]
  0x0000023f01a9e9f0 JavaThread "jar transforms Thread 12" [_thread_blocked, id=17308, stack(0x000000de87100000,0x000000de87200000)]
  0x0000023f01a9dfd0 JavaThread "jar transforms Thread 13" [_thread_blocked, id=21916, stack(0x000000de87200000,0x000000de87300000)]
  0x0000023f0126a800 JavaThread "jar transforms Thread 14" [_thread_blocked, id=18364, stack(0x000000de87500000,0x000000de87600000)]
  0x0000023f01577fb0 JavaThread "jar transforms Thread 15" [_thread_blocked, id=6088, stack(0x000000de8a500000,0x000000de8a600000)]
  0x0000023f0157a320 JavaThread "jar transforms Thread 16" [_thread_blocked, id=2172, stack(0x000000de8a600000,0x000000de8a700000)]
  0x0000023f015784c0 JavaThread "Memory manager" [_thread_blocked, id=8220, stack(0x000000de89200000,0x000000de89300000)]
  0x0000023f04ee7260 JavaThread "Daemon Thread 3" [_thread_blocked, id=6052, stack(0x000000de82800000,0x000000de82900000)]
  0x0000023f04de1150 JavaThread "Handler for socket connection from /127.0.0.1:14617 to /127.0.0.1:12519" [_thread_in_native, id=11636, stack(0x000000de82900000,0x000000de82a00000)]
  0x0000023f04de1660 JavaThread "Cancel handler" [_thread_blocked, id=13748, stack(0x000000de82a00000,0x000000de82b00000)]
  0x0000023f04dddeb0 JavaThread "Daemon worker Thread 3" [_thread_blocked, id=10600, stack(0x000000de83b00000,0x000000de83c00000)]
  0x0000023f04dde8d0 JavaThread "Asynchronous log dispatcher for DefaultDaemonConnection: socket connection from /127.0.0.1:14617 to /127.0.0.1:12519" [_thread_blocked, id=12412, stack(0x000000de83c00000,0x000000de83d00000)]
  0x0000023f04dde3c0 JavaThread "Stdin handler" [_thread_blocked, id=23644, stack(0x000000de83d00000,0x000000de83e00000)]
  0x0000023f04ddede0 JavaThread "Daemon client event forwarder" [_thread_in_native, id=14792, stack(0x000000de84a00000,0x000000de84b00000)]
  0x0000023f01b96070 JavaThread "C2 CompilerThread1" daemon [_thread_in_native, id=25408, stack(0x000000de84f00000,0x000000de85000000)]
  0x0000023f01b98af0 JavaThread "C2 CompilerThread2" daemon [_thread_in_native, id=23008, stack(0x000000de88b00000,0x000000de88c00000)]
  0x0000023f7f3827b0 JavaThread "Unconstrained build operations Thread 31" [_thread_blocked, id=12596, stack(0x000000de88c00000,0x000000de88d00000)]
  0x0000023f7f3822a0 JavaThread "Unconstrained build operations Thread 32" [_thread_blocked, id=2632, stack(0x000000de88d00000,0x000000de88e00000)]
  0x0000023f7f382cc0 JavaThread "Unconstrained build operations Thread 33" [_thread_blocked, id=14320, stack(0x000000de88e00000,0x000000de88f00000)]
  0x0000023f7f3831d0 JavaThread "Unconstrained build operations Thread 34" [_thread_blocked, id=3240, stack(0x000000de88f00000,0x000000de89000000)]
  0x0000023f7f381880 JavaThread "Unconstrained build operations Thread 35" [_thread_blocked, id=21140, stack(0x000000de89000000,0x000000de89100000)]
  0x0000023f04ee8190 JavaThread "Unconstrained build operations Thread 36" [_thread_blocked, id=19576, stack(0x000000de89100000,0x000000de89200000)]
  0x0000023f04ee6840 JavaThread "Unconstrained build operations Thread 37" [_thread_blocked, id=18960, stack(0x000000de89300000,0x000000de89400000)]

Other Threads:
  0x0000023f37796560 VMThread "VM Thread" [stack: 0x000000de83100000,0x000000de83200000] [id=12868]
  0x0000023f19aef060 WatcherThread [stack: 0x000000de84100000,0x000000de84200000] [id=24660]
  0x0000023f19b3dc60 GCTaskThread "GC Thread#0" [stack: 0x000000de82c00000,0x000000de82d00000] [id=22004]
  0x0000023f7d083a30 GCTaskThread "GC Thread#1" [stack: 0x000000de84200000,0x000000de84300000] [id=23012]
  0x0000023f37bc7e40 GCTaskThread "GC Thread#2" [stack: 0x000000de84300000,0x000000de84400000] [id=25536]
  0x0000023f37bc8100 GCTaskThread "GC Thread#3" [stack: 0x000000de84400000,0x000000de84500000] [id=16256]
  0x0000023f37bc83c0 GCTaskThread "GC Thread#4" [stack: 0x000000de84500000,0x000000de84600000] [id=21788]
  0x0000023f7ec9f010 GCTaskThread "GC Thread#5" [stack: 0x000000de83f00000,0x000000de84000000] [id=20968]
  0x0000023f7eca02e0 GCTaskThread "GC Thread#6" [stack: 0x000000de84700000,0x000000de84800000] [id=10904]
  0x0000023f7eca09a0 GCTaskThread "GC Thread#7" [stack: 0x000000de84800000,0x000000de84900000] [id=19892]
  0x0000023f7f32b0e0 GCTaskThread "GC Thread#8" [stack: 0x000000de85900000,0x000000de85a00000] [id=2480]
  0x0000023f7f32ab60 GCTaskThread "GC Thread#9" [stack: 0x000000de85a00000,0x000000de85b00000] [id=14652]
  0x0000023f7f32bbe0 GCTaskThread "GC Thread#10" [stack: 0x000000de85b00000,0x000000de85c00000] [id=24936]
  0x0000023f7f32b3a0 GCTaskThread "GC Thread#11" [stack: 0x000000de85c00000,0x000000de85d00000] [id=13544]
  0x0000023f7f32a060 GCTaskThread "GC Thread#12" [stack: 0x000000de85d00000,0x000000de85e00000] [id=6556]
  0x0000023f19b4bf30 ConcurrentGCThread "G1 Main Marker" [stack: 0x000000de82d00000,0x000000de82e00000] [id=17164]
  0x0000023f19b4c860 ConcurrentGCThread "G1 Conc#0" [stack: 0x000000de82e00000,0x000000de82f00000] [id=3968]
  0x0000023f7f32a5e0 ConcurrentGCThread "G1 Conc#1" [stack: 0x000000de85e00000,0x000000de85f00000] [id=15576]
  0x0000023f7f32ae20 ConcurrentGCThread "G1 Conc#2" [stack: 0x000000de85f00000,0x000000de86000000] [id=14860]
  0x0000023f376465e0 ConcurrentGCThread "G1 Refine#0" [stack: 0x000000de82f00000,0x000000de83000000] [id=2852]
  0x0000023f37646cc0 ConcurrentGCThread "G1 Service" [stack: 0x000000de83000000,0x000000de83100000] [id=12264]

Threads with active compile tasks:
C2 CompilerThread0  7497547 18752       4       org.gradle.api.internal.artifacts.transform.AbstractTransformedArtifactSet::visit (104 bytes)
C2 CompilerThread1  7497547 18838   !   4       java.io.ObjectOutputStream::writeObject0 (620 bytes)
C2 CompilerThread2  7497547 18798  s    4       org.gradle.model.internal.core.ModelPath$Cache::get (39 bytes)

VM state: not at safepoint (normal execution)

VM Mutex/Monitor currently owned by a thread: None

OutOfMemory and StackOverflow Exception counts:
OutOfMemoryError java_heap_errors=1
LinkageErrors=443

Heap address: 0x00000000a0000000, size: 1536 MB, Compressed Oops mode: 32-bit

CDS archive(s) mapped at: [0x0000023f38000000-0x0000023f38bb0000-0x0000023f38bb0000), size 12255232, SharedBaseAddress: 0x0000023f38000000, ArchiveRelocationMode: 1.
Compressed class space mapped at: 0x0000023f39000000-0x0000023f79000000, reserved size: 1073741824
Narrow klass base: 0x0000023f38000000, Narrow klass shift: 0, Narrow klass range: 0x100000000

GC Precious Log:
 CPUs: 16 total, 16 available
 Memory: 15789M
 Large Page Support: Disabled
 NUMA Support: Disabled
 Compressed Oops: Enabled (32-bit)
 Heap Region Size: 1M
 Heap Min Capacity: 8M
 Heap Initial Capacity: 248M
 Heap Max Capacity: 1536M
 Pre-touch: Disabled
 Parallel Workers: 13
 Concurrent Workers: 3
 Concurrent Refinement Workers: 13
 Periodic GC: Disabled

Heap:
 garbage-first heap   total 254976K, used 219174K [0x00000000a0000000, 0x0000000100000000)
  region size 1024K, 21 young (21504K), 3 survivors (3072K)
 Metaspace       used 102335K, committed 103680K, reserved 1179648K
  class space    used 14177K, committed 14848K, reserved 1048576K

Heap Regions: E=young(eden), S=young(survivor), O=old, HS=humongous(starts), HC=humongous(continues), CS=collection set, F=free, OA=open archive, CA=closed archive, TAMS=top-at-mark-start (previous, next)
|   0|0x00000000a0000000, 0x00000000a0100000, 0x00000000a0100000|100%|HS|  |TAMS 0x00000000a0100000, 0x00000000a0000000| Complete 
|   1|0x00000000a0100000, 0x00000000a0200000, 0x00000000a0200000|100%|HC|  |TAMS 0x00000000a0200000, 0x00000000a0100000| Complete 
|   2|0x00000000a0200000, 0x00000000a0300000, 0x00000000a0300000|100%|HC|  |TAMS 0x00000000a0300000, 0x00000000a0200000| Complete 
|   3|0x00000000a0300000, 0x00000000a0400000, 0x00000000a0400000|100%| O|  |TAMS 0x00000000a0400000, 0x00000000a0300000| Untracked 
|   4|0x00000000a0400000, 0x00000000a0500000, 0x00000000a0500000|100%| O|  |TAMS 0x00000000a0500000, 0x00000000a0400000| Untracked 
|   5|0x00000000a0500000, 0x00000000a0600000, 0x00000000a0600000|100%| O|  |TAMS 0x00000000a0600000, 0x00000000a0500000| Untracked 
|   6|0x00000000a0600000, 0x00000000a0700000, 0x00000000a0700000|100%|HS|  |TAMS 0x00000000a0700000, 0x00000000a0600000| Complete 
|   7|0x00000000a0700000, 0x00000000a0800000, 0x00000000a0800000|100%| O|  |TAMS 0x00000000a0800000, 0x00000000a0700000| Untracked 
|   8|0x00000000a0800000, 0x00000000a0900000, 0x00000000a0900000|100%| O|  |TAMS 0x00000000a0900000, 0x00000000a0800000| Untracked 
|   9|0x00000000a0900000, 0x00000000a0a00000, 0x00000000a0a00000|100%| O|  |TAMS 0x00000000a0a00000, 0x00000000a0900000| Untracked 
|  10|0x00000000a0a00000, 0x00000000a0b00000, 0x00000000a0b00000|100%| O|  |TAMS 0x00000000a0b00000, 0x00000000a0a00000| Untracked 
|  11|0x00000000a0b00000, 0x00000000a0c00000, 0x00000000a0c00000|100%| O|  |TAMS 0x00000000a0c00000, 0x00000000a0b00000| Untracked 
|  12|0x00000000a0c00000, 0x00000000a0d00000, 0x00000000a0d00000|100%| O|  |TAMS 0x00000000a0d00000, 0x00000000a0c00000| Untracked 
|  13|0x00000000a0d00000, 0x00000000a0e00000, 0x00000000a0e00000|100%| O|  |TAMS 0x00000000a0e00000, 0x00000000a0d00000| Untracked 
|  14|0x00000000a0e00000, 0x00000000a0f00000, 0x00000000a0f00000|100%| O|  |TAMS 0x00000000a0f00000, 0x00000000a0e00000| Untracked 
|  15|0x00000000a0f00000, 0x00000000a1000000, 0x00000000a1000000|100%| O|  |TAMS 0x00000000a1000000, 0x00000000a0f00000| Untracked 
|  16|0x00000000a1000000, 0x00000000a1100000, 0x00000000a1100000|100%| O|  |TAMS 0x00000000a1100000, 0x00000000a1000000| Untracked 
|  17|0x00000000a1100000, 0x00000000a1200000, 0x00000000a1200000|100%| O|  |TAMS 0x00000000a1200000, 0x00000000a1100000| Untracked 
|  18|0x00000000a1200000, 0x00000000a1300000, 0x00000000a1300000|100%| O|  |TAMS 0x00000000a1300000, 0x00000000a1200000| Untracked 
|  19|0x00000000a1300000, 0x00000000a1400000, 0x00000000a1400000|100%| O|  |TAMS 0x00000000a1400000, 0x00000000a1300000| Untracked 
|  20|0x00000000a1400000, 0x00000000a1500000, 0x00000000a1500000|100%| O|  |TAMS 0x00000000a1500000, 0x00000000a1400000| Untracked 
|  21|0x00000000a1500000, 0x00000000a1600000, 0x00000000a1600000|100%| O|  |TAMS 0x00000000a1600000, 0x00000000a1500000| Untracked 
|  22|0x00000000a1600000, 0x00000000a1700000, 0x00000000a1700000|100%| O|  |TAMS 0x00000000a1700000, 0x00000000a1600000| Untracked 
|  23|0x00000000a1700000, 0x00000000a1800000, 0x00000000a1800000|100%| O|  |TAMS 0x00000000a1800000, 0x00000000a1700000| Untracked 
|  24|0x00000000a1800000, 0x00000000a1900000, 0x00000000a1900000|100%| O|  |TAMS 0x00000000a1900000, 0x00000000a1800000| Untracked 
|  25|0x00000000a1900000, 0x00000000a1a00000, 0x00000000a1a00000|100%| O|  |TAMS 0x00000000a1a00000, 0x00000000a1900000| Untracked 
|  26|0x00000000a1a00000, 0x00000000a1b00000, 0x00000000a1b00000|100%| O|  |TAMS 0x00000000a1b00000, 0x00000000a1a00000| Untracked 
|  27|0x00000000a1b00000, 0x00000000a1c00000, 0x00000000a1c00000|100%| O|  |TAMS 0x00000000a1c00000, 0x00000000a1b00000| Untracked 
|  28|0x00000000a1c00000, 0x00000000a1d00000, 0x00000000a1d00000|100%| O|  |TAMS 0x00000000a1d00000, 0x00000000a1c00000| Untracked 
|  29|0x00000000a1d00000, 0x00000000a1e00000, 0x00000000a1e00000|100%| O|  |TAMS 0x00000000a1e00000, 0x00000000a1d00000| Untracked 
|  30|0x00000000a1e00000, 0x00000000a1f00000, 0x00000000a1f00000|100%| O|  |TAMS 0x00000000a1f00000, 0x00000000a1e00000| Untracked 
|  31|0x00000000a1f00000, 0x00000000a2000000, 0x00000000a2000000|100%| O|  |TAMS 0x00000000a2000000, 0x00000000a1f00000| Untracked 
|  32|0x00000000a2000000, 0x00000000a2100000, 0x00000000a2100000|100%| O|  |TAMS 0x00000000a2100000, 0x00000000a2000000| Untracked 
|  33|0x00000000a2100000, 0x00000000a2200000, 0x00000000a2200000|100%| O|  |TAMS 0x00000000a2200000, 0x00000000a2100000| Untracked 
|  34|0x00000000a2200000, 0x00000000a2300000, 0x00000000a2300000|100%| O|  |TAMS 0x00000000a2300000, 0x00000000a2200000| Untracked 
|  35|0x00000000a2300000, 0x00000000a2400000, 0x00000000a2400000|100%| O|  |TAMS 0x00000000a2400000, 0x00000000a2300000| Untracked 
|  36|0x00000000a2400000, 0x00000000a2500000, 0x00000000a2500000|100%| O|  |TAMS 0x00000000a2500000, 0x00000000a2400000| Untracked 
|  37|0x00000000a2500000, 0x00000000a2600000, 0x00000000a2600000|100%| O|  |TAMS 0x00000000a2600000, 0x00000000a2500000| Untracked 
|  38|0x00000000a2600000, 0x00000000a2700000, 0x00000000a2700000|100%| O|  |TAMS 0x00000000a2700000, 0x00000000a2600000| Untracked 
|  39|0x00000000a2700000, 0x00000000a2800000, 0x00000000a2800000|100%| O|  |TAMS 0x00000000a2800000, 0x00000000a2700000| Untracked 
|  40|0x00000000a2800000, 0x00000000a2900000, 0x00000000a2900000|100%| O|  |TAMS 0x00000000a2900000, 0x00000000a2800000| Untracked 
|  41|0x00000000a2900000, 0x00000000a2a00000, 0x00000000a2a00000|100%| O|  |TAMS 0x00000000a2a00000, 0x00000000a2900000| Untracked 
|  42|0x00000000a2a00000, 0x00000000a2b00000, 0x00000000a2b00000|100%| O|  |TAMS 0x00000000a2b00000, 0x00000000a2a00000| Untracked 
|  43|0x00000000a2b00000, 0x00000000a2c00000, 0x00000000a2c00000|100%| O|  |TAMS 0x00000000a2c00000, 0x00000000a2b00000| Untracked 
|  44|0x00000000a2c00000, 0x00000000a2d00000, 0x00000000a2d00000|100%| O|  |TAMS 0x00000000a2d00000, 0x00000000a2c00000| Untracked 
|  45|0x00000000a2d00000, 0x00000000a2e00000, 0x00000000a2e00000|100%| O|  |TAMS 0x00000000a2e00000, 0x00000000a2d00000| Untracked 
|  46|0x00000000a2e00000, 0x00000000a2f00000, 0x00000000a2f00000|100%|HS|  |TAMS 0x00000000a2f00000, 0x00000000a2e00000| Complete 
|  47|0x00000000a2f00000, 0x00000000a3000000, 0x00000000a3000000|100%|HS|  |TAMS 0x00000000a3000000, 0x00000000a2f00000| Complete 
|  48|0x00000000a3000000, 0x00000000a3100000, 0x00000000a3100000|100%|HS|  |TAMS 0x00000000a3100000, 0x00000000a3000000| Complete 
|  49|0x00000000a3100000, 0x00000000a3200000, 0x00000000a3200000|100%|HS|  |TAMS 0x00000000a3200000, 0x00000000a3100000| Complete 
|  50|0x00000000a3200000, 0x00000000a3300000, 0x00000000a3300000|100%|HS|  |TAMS 0x00000000a3300000, 0x00000000a3200000| Complete 
|  51|0x00000000a3300000, 0x00000000a3400000, 0x00000000a3400000|100%| O|  |TAMS 0x00000000a3400000, 0x00000000a3300000| Untracked 
|  52|0x00000000a3400000, 0x00000000a3500000, 0x00000000a3500000|100%| O|  |TAMS 0x00000000a3500000, 0x00000000a3400000| Untracked 
|  53|0x00000000a3500000, 0x00000000a3600000, 0x00000000a3600000|100%| O|  |TAMS 0x00000000a3600000, 0x00000000a3500000| Untracked 
|  54|0x00000000a3600000, 0x00000000a3700000, 0x00000000a3700000|100%| O|  |TAMS 0x00000000a3600000, 0x00000000a3600000| Untracked 
|  55|0x00000000a3700000, 0x00000000a3800000, 0x00000000a3800000|100%| O|  |TAMS 0x00000000a3800000, 0x00000000a3700000| Untracked 
|  56|0x00000000a3800000, 0x00000000a3900000, 0x00000000a3900000|100%| O|  |TAMS 0x00000000a3900000, 0x00000000a3800000| Untracked 
|  57|0x00000000a3900000, 0x00000000a3a00000, 0x00000000a3a00000|100%| O|  |TAMS 0x00000000a3a00000, 0x00000000a3900000| Untracked 
|  58|0x00000000a3a00000, 0x00000000a3b00000, 0x00000000a3b00000|100%| O|  |TAMS 0x00000000a3b00000, 0x00000000a3a00000| Untracked 
|  59|0x00000000a3b00000, 0x00000000a3c00000, 0x00000000a3c00000|100%|HS|  |TAMS 0x00000000a3c00000, 0x00000000a3b00000| Complete 
|  60|0x00000000a3c00000, 0x00000000a3d00000, 0x00000000a3d00000|100%| O|  |TAMS 0x00000000a3d00000, 0x00000000a3c00000| Untracked 
|  61|0x00000000a3d00000, 0x00000000a3e00000, 0x00000000a3e00000|100%| O|  |TAMS 0x00000000a3e00000, 0x00000000a3d00000| Untracked 
|  62|0x00000000a3e00000, 0x00000000a3f00000, 0x00000000a3f00000|100%| O|  |TAMS 0x00000000a3f00000, 0x00000000a3e00000| Untracked 
|  63|0x00000000a3f00000, 0x00000000a4000000, 0x00000000a4000000|100%| O|  |TAMS 0x00000000a4000000, 0x00000000a3f00000| Untracked 
|  64|0x00000000a4000000, 0x00000000a4100000, 0x00000000a4100000|100%| O|  |TAMS 0x00000000a4100000, 0x00000000a4000000| Untracked 
|  65|0x00000000a4100000, 0x00000000a4200000, 0x00000000a4200000|100%| O|  |TAMS 0x00000000a4200000, 0x00000000a4100000| Untracked 
|  66|0x00000000a4200000, 0x00000000a4300000, 0x00000000a4300000|100%|HS|  |TAMS 0x00000000a4300000, 0x00000000a4200000| Complete 
|  67|0x00000000a4300000, 0x00000000a4400000, 0x00000000a4400000|100%| O|  |TAMS 0x00000000a4400000, 0x00000000a4300000| Untracked 
|  68|0x00000000a4400000, 0x00000000a4500000, 0x00000000a4500000|100%| O|  |TAMS 0x00000000a4500000, 0x00000000a4400000| Untracked 
|  69|0x00000000a4500000, 0x00000000a4600000, 0x00000000a4600000|100%| O|  |TAMS 0x00000000a4600000, 0x00000000a4500000| Untracked 
|  70|0x00000000a4600000, 0x00000000a4700000, 0x00000000a4700000|100%| O|  |TAMS 0x00000000a4700000, 0x00000000a4600000| Untracked 
|  71|0x00000000a4700000, 0x00000000a4800000, 0x00000000a4800000|100%| O|  |TAMS 0x00000000a4800000, 0x00000000a4700000| Untracked 
|  72|0x00000000a4800000, 0x00000000a4900000, 0x00000000a4900000|100%| O|  |TAMS 0x00000000a4900000, 0x00000000a4800000| Untracked 
|  73|0x00000000a4900000, 0x00000000a4a00000, 0x00000000a4a00000|100%| O|  |TAMS 0x00000000a4a00000, 0x00000000a4900000| Untracked 
|  74|0x00000000a4a00000, 0x00000000a4b00000, 0x00000000a4b00000|100%| O|  |TAMS 0x00000000a4b00000, 0x00000000a4a00000| Untracked 
|  75|0x00000000a4b00000, 0x00000000a4c00000, 0x00000000a4c00000|100%| O|  |TAMS 0x00000000a4c00000, 0x00000000a4b00000| Untracked 
|  76|0x00000000a4c00000, 0x00000000a4d00000, 0x00000000a4d00000|100%| O|  |TAMS 0x00000000a4d00000, 0x00000000a4c00000| Untracked 
|  77|0x00000000a4d00000, 0x00000000a4e00000, 0x00000000a4e00000|100%| O|  |TAMS 0x00000000a4e00000, 0x00000000a4d00000| Untracked 
|  78|0x00000000a4e00000, 0x00000000a4f00000, 0x00000000a4f00000|100%| O|  |TAMS 0x00000000a4f00000, 0x00000000a4e00000| Untracked 
|  79|0x00000000a4f00000, 0x00000000a5000000, 0x00000000a5000000|100%| O|  |TAMS 0x00000000a5000000, 0x00000000a4f00000| Untracked 
|  80|0x00000000a5000000, 0x00000000a5100000, 0x00000000a5100000|100%| O|  |TAMS 0x00000000a5100000, 0x00000000a5000000| Untracked 
|  81|0x00000000a5100000, 0x00000000a5200000, 0x00000000a5200000|100%| O|  |TAMS 0x00000000a5200000, 0x00000000a5100000| Untracked 
|  82|0x00000000a5200000, 0x00000000a5300000, 0x00000000a5300000|100%| O|  |TAMS 0x00000000a5300000, 0x00000000a5200000| Untracked 
|  83|0x00000000a5300000, 0x00000000a5400000, 0x00000000a5400000|100%| O|  |TAMS 0x00000000a5400000, 0x00000000a5300000| Untracked 
|  84|0x00000000a5400000, 0x00000000a5500000, 0x00000000a5500000|100%| O|  |TAMS 0x00000000a5500000, 0x00000000a5400000| Untracked 
|  85|0x00000000a5500000, 0x00000000a5600000, 0x00000000a5600000|100%| O|  |TAMS 0x00000000a5600000, 0x00000000a5500000| Untracked 
|  86|0x00000000a5600000, 0x00000000a5700000, 0x00000000a5700000|100%| O|  |TAMS 0x00000000a5700000, 0x00000000a5600000| Untracked 
|  87|0x00000000a5700000, 0x00000000a5800000, 0x00000000a5800000|100%| O|  |TAMS 0x00000000a5800000, 0x00000000a5700000| Untracked 
|  88|0x00000000a5800000, 0x00000000a5900000, 0x00000000a5900000|100%| O|  |TAMS 0x00000000a5900000, 0x00000000a5800000| Untracked 
|  89|0x00000000a5900000, 0x00000000a5a00000, 0x00000000a5a00000|100%| O|  |TAMS 0x00000000a5a00000, 0x00000000a5900000| Untracked 
|  90|0x00000000a5a00000, 0x00000000a5b00000, 0x00000000a5b00000|100%| O|  |TAMS 0x00000000a5b00000, 0x00000000a5a00000| Untracked 
|  91|0x00000000a5b00000, 0x00000000a5c00000, 0x00000000a5c00000|100%|HS|  |TAMS 0x00000000a5b00000, 0x00000000a5b00000| Complete 
|  92|0x00000000a5c00000, 0x00000000a5d00000, 0x00000000a5d00000|100%| O|  |TAMS 0x00000000a5d00000, 0x00000000a5c00000| Untracked 
|  93|0x00000000a5d00000, 0x00000000a5e00000, 0x00000000a5e00000|100%|HS|  |TAMS 0x00000000a5e00000, 0x00000000a5d00000| Complete 
|  94|0x00000000a5e00000, 0x00000000a5f00000, 0x00000000a5f00000|100%|HC|  |TAMS 0x00000000a5f00000, 0x00000000a5e00000| Complete 
|  95|0x00000000a5f00000, 0x00000000a6000000, 0x00000000a6000000|100%|HS|  |TAMS 0x00000000a6000000, 0x00000000a5f00000| Complete 
|  96|0x00000000a6000000, 0x00000000a6100000, 0x00000000a6100000|100%|HC|  |TAMS 0x00000000a6100000, 0x00000000a6000000| Complete 
|  97|0x00000000a6100000, 0x00000000a6200000, 0x00000000a6200000|100%| O|  |TAMS 0x00000000a6200000, 0x00000000a6100000| Untracked 
|  98|0x00000000a6200000, 0x00000000a6300000, 0x00000000a6300000|100%| O|  |TAMS 0x00000000a6300000, 0x00000000a6200000| Untracked 
|  99|0x00000000a6300000, 0x00000000a6400000, 0x00000000a6400000|100%| O|  |TAMS 0x00000000a6400000, 0x00000000a6300000| Untracked 
| 100|0x00000000a6400000, 0x00000000a6500000, 0x00000000a6500000|100%| O|  |TAMS 0x00000000a6500000, 0x00000000a6400000| Untracked 
| 101|0x00000000a6500000, 0x00000000a6600000, 0x00000000a6600000|100%| O|  |TAMS 0x00000000a6532600, 0x00000000a6500000| Untracked 
| 102|0x00000000a6600000, 0x00000000a6700000, 0x00000000a6700000|100%| O|  |TAMS 0x00000000a6600000, 0x00000000a6600000| Untracked 
| 103|0x00000000a6700000, 0x00000000a6800000, 0x00000000a6800000|100%| O|  |TAMS 0x00000000a6700000, 0x00000000a6700000| Untracked 
| 104|0x00000000a6800000, 0x00000000a6900000, 0x00000000a6900000|100%| O|  |TAMS 0x00000000a6800000, 0x00000000a6800000| Untracked 
| 105|0x00000000a6900000, 0x00000000a6a00000, 0x00000000a6a00000|100%| O|  |TAMS 0x00000000a6900000, 0x00000000a6900000| Untracked 
| 106|0x00000000a6a00000, 0x00000000a6b00000, 0x00000000a6b00000|100%| O|  |TAMS 0x00000000a6a00000, 0x00000000a6a00000| Untracked 
| 107|0x00000000a6b00000, 0x00000000a6c00000, 0x00000000a6c00000|100%| O|  |TAMS 0x00000000a6b00000, 0x00000000a6b00000| Untracked 
| 108|0x00000000a6c00000, 0x00000000a6d00000, 0x00000000a6d00000|100%| O|  |TAMS 0x00000000a6c00000, 0x00000000a6c00000| Untracked 
| 109|0x00000000a6d00000, 0x00000000a6e00000, 0x00000000a6e00000|100%| O|  |TAMS 0x00000000a6d00000, 0x00000000a6d00000| Untracked 
| 110|0x00000000a6e00000, 0x00000000a6f00000, 0x00000000a6f00000|100%| O|  |TAMS 0x00000000a6e00000, 0x00000000a6e00000| Untracked 
| 111|0x00000000a6f00000, 0x00000000a7000000, 0x00000000a7000000|100%| O|  |TAMS 0x00000000a6f00000, 0x00000000a6f00000| Untracked 
| 112|0x00000000a7000000, 0x00000000a7100000, 0x00000000a7100000|100%| O|  |TAMS 0x00000000a7000000, 0x00000000a7000000| Untracked 
| 113|0x00000000a7100000, 0x00000000a7200000, 0x00000000a7200000|100%| O|  |TAMS 0x00000000a7100000, 0x00000000a7100000| Untracked 
| 114|0x00000000a7200000, 0x00000000a7300000, 0x00000000a7300000|100%| O|  |TAMS 0x00000000a7200000, 0x00000000a7200000| Untracked 
| 115|0x00000000a7300000, 0x00000000a7400000, 0x00000000a7400000|100%| O|  |TAMS 0x00000000a7300000, 0x00000000a7300000| Untracked 
| 116|0x00000000a7400000, 0x00000000a7500000, 0x00000000a7500000|100%| O|  |TAMS 0x00000000a7400000, 0x00000000a7400000| Untracked 
| 117|0x00000000a7500000, 0x00000000a7600000, 0x00000000a7600000|100%| O|  |TAMS 0x00000000a7500000, 0x00000000a7500000| Untracked 
| 118|0x00000000a7600000, 0x00000000a7700000, 0x00000000a7700000|100%| O|  |TAMS 0x00000000a7600000, 0x00000000a7600000| Untracked 
| 119|0x00000000a7700000, 0x00000000a7800000, 0x00000000a7800000|100%| O|  |TAMS 0x00000000a7700000, 0x00000000a7700000| Untracked 
| 120|0x00000000a7800000, 0x00000000a7900000, 0x00000000a7900000|100%| O|  |TAMS 0x00000000a7800000, 0x00000000a7800000| Untracked 
| 121|0x00000000a7900000, 0x00000000a7a00000, 0x00000000a7a00000|100%| O|  |TAMS 0x00000000a7900000, 0x00000000a7900000| Untracked 
| 122|0x00000000a7a00000, 0x00000000a7b00000, 0x00000000a7b00000|100%| O|  |TAMS 0x00000000a7a00000, 0x00000000a7a00000| Untracked 
| 123|0x00000000a7b00000, 0x00000000a7c00000, 0x00000000a7c00000|100%| O|  |TAMS 0x00000000a7b00000, 0x00000000a7b00000| Untracked 
| 124|0x00000000a7c00000, 0x00000000a7d00000, 0x00000000a7d00000|100%| O|  |TAMS 0x00000000a7c00000, 0x00000000a7c00000| Untracked 
| 125|0x00000000a7d00000, 0x00000000a7e00000, 0x00000000a7e00000|100%| O|  |TAMS 0x00000000a7d00000, 0x00000000a7d00000| Untracked 
| 126|0x00000000a7e00000, 0x00000000a7f00000, 0x00000000a7f00000|100%| O|  |TAMS 0x00000000a7e00000, 0x00000000a7e00000| Untracked 
| 127|0x00000000a7f00000, 0x00000000a8000000, 0x00000000a8000000|100%| O|  |TAMS 0x00000000a7f00000, 0x00000000a7f00000| Untracked 
| 128|0x00000000a8000000, 0x00000000a8100000, 0x00000000a8100000|100%| O|  |TAMS 0x00000000a8000000, 0x00000000a8000000| Untracked 
| 129|0x00000000a8100000, 0x00000000a8200000, 0x00000000a8200000|100%| O|  |TAMS 0x00000000a8100000, 0x00000000a8100000| Untracked 
| 130|0x00000000a8200000, 0x00000000a8300000, 0x00000000a8300000|100%| O|  |TAMS 0x00000000a8200000, 0x00000000a8200000| Untracked 
| 131|0x00000000a8300000, 0x00000000a8400000, 0x00000000a8400000|100%| O|  |TAMS 0x00000000a8300000, 0x00000000a8300000| Untracked 
| 132|0x00000000a8400000, 0x00000000a8500000, 0x00000000a8500000|100%| O|  |TAMS 0x00000000a8400000, 0x00000000a8400000| Untracked 
| 133|0x00000000a8500000, 0x00000000a8600000, 0x00000000a8600000|100%| O|  |TAMS 0x00000000a8500000, 0x00000000a8500000| Untracked 
| 134|0x00000000a8600000, 0x00000000a8700000, 0x00000000a8700000|100%| O|  |TAMS 0x00000000a8600000, 0x00000000a8600000| Untracked 
| 135|0x00000000a8700000, 0x00000000a8800000, 0x00000000a8800000|100%| O|  |TAMS 0x00000000a8700000, 0x00000000a8700000| Untracked 
| 136|0x00000000a8800000, 0x00000000a8900000, 0x00000000a8900000|100%| O|  |TAMS 0x00000000a8800000, 0x00000000a8800000| Untracked 
| 137|0x00000000a8900000, 0x00000000a8a00000, 0x00000000a8a00000|100%| O|  |TAMS 0x00000000a8900000, 0x00000000a8900000| Untracked 
| 138|0x00000000a8a00000, 0x00000000a8b00000, 0x00000000a8b00000|100%| O|  |TAMS 0x00000000a8a00000, 0x00000000a8a00000| Untracked 
| 139|0x00000000a8b00000, 0x00000000a8c00000, 0x00000000a8c00000|100%| O|  |TAMS 0x00000000a8b00000, 0x00000000a8b00000| Untracked 
| 140|0x00000000a8c00000, 0x00000000a8d00000, 0x00000000a8d00000|100%| O|  |TAMS 0x00000000a8c00000, 0x00000000a8c00000| Untracked 
| 141|0x00000000a8d00000, 0x00000000a8e00000, 0x00000000a8e00000|100%| O|  |TAMS 0x00000000a8d00000, 0x00000000a8d00000| Untracked 
| 142|0x00000000a8e00000, 0x00000000a8f00000, 0x00000000a8f00000|100%| O|  |TAMS 0x00000000a8e00000, 0x00000000a8e00000| Untracked 
| 143|0x00000000a8f00000, 0x00000000a9000000, 0x00000000a9000000|100%| O|  |TAMS 0x00000000a8f00000, 0x00000000a8f00000| Untracked 
| 144|0x00000000a9000000, 0x00000000a9100000, 0x00000000a9100000|100%| O|  |TAMS 0x00000000a9000000, 0x00000000a9000000| Untracked 
| 145|0x00000000a9100000, 0x00000000a9200000, 0x00000000a9200000|100%| O|  |TAMS 0x00000000a9100000, 0x00000000a9100000| Untracked 
| 146|0x00000000a9200000, 0x00000000a9300000, 0x00000000a9300000|100%| O|  |TAMS 0x00000000a9200000, 0x00000000a9200000| Untracked 
| 147|0x00000000a9300000, 0x00000000a9400000, 0x00000000a9400000|100%| O|  |TAMS 0x00000000a9300000, 0x00000000a9300000| Untracked 
| 148|0x00000000a9400000, 0x00000000a9500000, 0x00000000a9500000|100%| O|  |TAMS 0x00000000a9400000, 0x00000000a9400000| Untracked 
| 149|0x00000000a9500000, 0x00000000a9600000, 0x00000000a9600000|100%| O|  |TAMS 0x00000000a9500000, 0x00000000a9500000| Untracked 
| 150|0x00000000a9600000, 0x00000000a9700000, 0x00000000a9700000|100%| O|  |TAMS 0x00000000a9600000, 0x00000000a9600000| Untracked 
| 151|0x00000000a9700000, 0x00000000a9800000, 0x00000000a9800000|100%| O|  |TAMS 0x00000000a9700000, 0x00000000a9700000| Untracked 
| 152|0x00000000a9800000, 0x00000000a9900000, 0x00000000a9900000|100%| O|  |TAMS 0x00000000a9800000, 0x00000000a9800000| Untracked 
| 153|0x00000000a9900000, 0x00000000a9a00000, 0x00000000a9a00000|100%| O|  |TAMS 0x00000000a9900000, 0x00000000a9900000| Untracked 
| 154|0x00000000a9a00000, 0x00000000a9b00000, 0x00000000a9b00000|100%| O|  |TAMS 0x00000000a9a00000, 0x00000000a9a00000| Untracked 
| 155|0x00000000a9b00000, 0x00000000a9c00000, 0x00000000a9c00000|100%| O|  |TAMS 0x00000000a9b00000, 0x00000000a9b00000| Untracked 
| 156|0x00000000a9c00000, 0x00000000a9d00000, 0x00000000a9d00000|100%| O|  |TAMS 0x00000000a9c00000, 0x00000000a9c00000| Untracked 
| 157|0x00000000a9d00000, 0x00000000a9e00000, 0x00000000a9e00000|100%| O|  |TAMS 0x00000000a9d00000, 0x00000000a9d00000| Untracked 
| 158|0x00000000a9e00000, 0x00000000a9f00000, 0x00000000a9f00000|100%| O|  |TAMS 0x00000000a9e00000, 0x00000000a9e00000| Untracked 
| 159|0x00000000a9f00000, 0x00000000aa000000, 0x00000000aa000000|100%| O|  |TAMS 0x00000000a9f00000, 0x00000000a9f00000| Untracked 
| 160|0x00000000aa000000, 0x00000000aa100000, 0x00000000aa100000|100%| O|  |TAMS 0x00000000aa000000, 0x00000000aa000000| Untracked 
| 161|0x00000000aa100000, 0x00000000aa200000, 0x00000000aa200000|100%| O|  |TAMS 0x00000000aa100000, 0x00000000aa100000| Untracked 
| 162|0x00000000aa200000, 0x00000000aa300000, 0x00000000aa300000|100%| O|  |TAMS 0x00000000aa200000, 0x00000000aa200000| Untracked 
| 163|0x00000000aa300000, 0x00000000aa400000, 0x00000000aa400000|100%| O|  |TAMS 0x00000000aa300000, 0x00000000aa300000| Untracked 
| 164|0x00000000aa400000, 0x00000000aa500000, 0x00000000aa500000|100%| O|  |TAMS 0x00000000aa400000, 0x00000000aa400000| Untracked 
| 165|0x00000000aa500000, 0x00000000aa600000, 0x00000000aa600000|100%| O|  |TAMS 0x00000000aa500000, 0x00000000aa500000| Untracked 
| 166|0x00000000aa600000, 0x00000000aa700000, 0x00000000aa700000|100%| O|  |TAMS 0x00000000aa600000, 0x00000000aa600000| Untracked 
| 167|0x00000000aa700000, 0x00000000aa800000, 0x00000000aa800000|100%| O|  |TAMS 0x00000000aa700000, 0x00000000aa700000| Untracked 
| 168|0x00000000aa800000, 0x00000000aa900000, 0x00000000aa900000|100%| O|  |TAMS 0x00000000aa800000, 0x00000000aa800000| Untracked 
| 169|0x00000000aa900000, 0x00000000aaa00000, 0x00000000aaa00000|100%| O|  |TAMS 0x00000000aa900000, 0x00000000aa900000| Untracked 
| 170|0x00000000aaa00000, 0x00000000aab00000, 0x00000000aab00000|100%| O|  |TAMS 0x00000000aaa00000, 0x00000000aaa00000| Untracked 
| 171|0x00000000aab00000, 0x00000000aac00000, 0x00000000aac00000|100%| O|  |TAMS 0x00000000aab00000, 0x00000000aab00000| Untracked 
| 172|0x00000000aac00000, 0x00000000aad00000, 0x00000000aad00000|100%| O|  |TAMS 0x00000000aac00000, 0x00000000aac00000| Untracked 
| 173|0x00000000aad00000, 0x00000000aae00000, 0x00000000aae00000|100%| O|  |TAMS 0x00000000aad00000, 0x00000000aad00000| Untracked 
| 174|0x00000000aae00000, 0x00000000aaf00000, 0x00000000aaf00000|100%| O|  |TAMS 0x00000000aae00000, 0x00000000aae00000| Untracked 
| 175|0x00000000aaf00000, 0x00000000ab000000, 0x00000000ab000000|100%| O|  |TAMS 0x00000000aaf00000, 0x00000000aaf00000| Untracked 
| 176|0x00000000ab000000, 0x00000000ab100000, 0x00000000ab100000|100%| O|  |TAMS 0x00000000ab000000, 0x00000000ab000000| Untracked 
| 177|0x00000000ab100000, 0x00000000ab200000, 0x00000000ab200000|100%| O|  |TAMS 0x00000000ab100000, 0x00000000ab100000| Untracked 
| 178|0x00000000ab200000, 0x00000000ab300000, 0x00000000ab300000|100%| O|  |TAMS 0x00000000ab200000, 0x00000000ab200000| Untracked 
| 179|0x00000000ab300000, 0x00000000ab400000, 0x00000000ab400000|100%| O|  |TAMS 0x00000000ab300000, 0x00000000ab300000| Untracked 
| 180|0x00000000ab400000, 0x00000000ab500000, 0x00000000ab500000|100%| O|  |TAMS 0x00000000ab400000, 0x00000000ab400000| Untracked 
| 181|0x00000000ab500000, 0x00000000ab600000, 0x00000000ab600000|100%| O|  |TAMS 0x00000000ab500000, 0x00000000ab500000| Untracked 
| 182|0x00000000ab600000, 0x00000000ab700000, 0x00000000ab700000|100%| O|  |TAMS 0x00000000ab600000, 0x00000000ab600000| Untracked 
| 183|0x00000000ab700000, 0x00000000ab800000, 0x00000000ab800000|100%| O|  |TAMS 0x00000000ab700000, 0x00000000ab700000| Untracked 
| 184|0x00000000ab800000, 0x00000000ab900000, 0x00000000ab900000|100%| O|  |TAMS 0x00000000ab800000, 0x00000000ab800000| Untracked 
| 185|0x00000000ab900000, 0x00000000aba00000, 0x00000000aba00000|100%| O|  |TAMS 0x00000000ab900000, 0x00000000ab900000| Untracked 
| 186|0x00000000aba00000, 0x00000000abb00000, 0x00000000abb00000|100%| O|  |TAMS 0x00000000aba00000, 0x00000000aba00000| Untracked 
| 187|0x00000000abb00000, 0x00000000abc00000, 0x00000000abc00000|100%| O|  |TAMS 0x00000000abb00000, 0x00000000abb00000| Untracked 
| 188|0x00000000abc00000, 0x00000000abd00000, 0x00000000abd00000|100%| O|  |TAMS 0x00000000abc00000, 0x00000000abc00000| Untracked 
| 189|0x00000000abd00000, 0x00000000abe00000, 0x00000000abe00000|100%| O|  |TAMS 0x00000000abd00000, 0x00000000abd00000| Untracked 
| 190|0x00000000abe00000, 0x00000000abf00000, 0x00000000abf00000|100%| O|  |TAMS 0x00000000abe00000, 0x00000000abe00000| Untracked 
| 191|0x00000000abf00000, 0x00000000ac000000, 0x00000000ac000000|100%| O|  |TAMS 0x00000000abf00000, 0x00000000abf00000| Untracked 
| 192|0x00000000ac000000, 0x00000000ac100000, 0x00000000ac100000|100%| O|  |TAMS 0x00000000ac000000, 0x00000000ac000000| Untracked 
| 193|0x00000000ac100000, 0x00000000ac200000, 0x00000000ac200000|100%| O|  |TAMS 0x00000000ac100000, 0x00000000ac100000| Untracked 
| 194|0x00000000ac200000, 0x00000000ac2c2200, 0x00000000ac300000| 75%| O|  |TAMS 0x00000000ac200000, 0x00000000ac200000| Untracked 
| 195|0x00000000ac300000, 0x00000000ac300000, 0x00000000ac400000|  0%| F|  |TAMS 0x00000000ac300000, 0x00000000ac300000| Untracked 
| 196|0x00000000ac400000, 0x00000000ac400000, 0x00000000ac500000|  0%| F|  |TAMS 0x00000000ac400000, 0x00000000ac400000| Untracked 
| 197|0x00000000ac500000, 0x00000000ac500000, 0x00000000ac600000|  0%| F|  |TAMS 0x00000000ac500000, 0x00000000ac500000| Untracked 
| 198|0x00000000ac600000, 0x00000000ac600000, 0x00000000ac700000|  0%| F|  |TAMS 0x00000000ac600000, 0x00000000ac600000| Untracked 
| 199|0x00000000ac700000, 0x00000000ac700000, 0x00000000ac800000|  0%| F|  |TAMS 0x00000000ac700000, 0x00000000ac700000| Untracked 
| 200|0x00000000ac800000, 0x00000000ac800000, 0x00000000ac900000|  0%| F|  |TAMS 0x00000000ac800000, 0x00000000ac800000| Untracked 
| 201|0x00000000ac900000, 0x00000000ac900000, 0x00000000aca00000|  0%| F|  |TAMS 0x00000000ac900000, 0x00000000ac900000| Untracked 
| 202|0x00000000aca00000, 0x00000000aca00000, 0x00000000acb00000|  0%| F|  |TAMS 0x00000000aca00000, 0x00000000aca00000| Untracked 
| 203|0x00000000acb00000, 0x00000000acb00000, 0x00000000acc00000|  0%| F|  |TAMS 0x00000000acb00000, 0x00000000acb00000| Untracked 
| 204|0x00000000acc00000, 0x00000000acc00000, 0x00000000acd00000|  0%| F|  |TAMS 0x00000000acc00000, 0x00000000acc00000| Untracked 
| 205|0x00000000acd00000, 0x00000000acd00000, 0x00000000ace00000|  0%| F|  |TAMS 0x00000000acd00000, 0x00000000acd00000| Untracked 
| 206|0x00000000ace00000, 0x00000000ace00000, 0x00000000acf00000|  0%| F|  |TAMS 0x00000000ace00000, 0x00000000ace00000| Untracked 
| 207|0x00000000acf00000, 0x00000000acf00000, 0x00000000ad000000|  0%| F|  |TAMS 0x00000000acf00000, 0x00000000acf00000| Untracked 
| 208|0x00000000ad000000, 0x00000000ad000000, 0x00000000ad100000|  0%| F|  |TAMS 0x00000000ad000000, 0x00000000ad000000| Untracked 
| 209|0x00000000ad100000, 0x00000000ad100000, 0x00000000ad200000|  0%| F|  |TAMS 0x00000000ad100000, 0x00000000ad100000| Untracked 
| 210|0x00000000ad200000, 0x00000000ad200000, 0x00000000ad300000|  0%| F|  |TAMS 0x00000000ad200000, 0x00000000ad200000| Untracked 
| 211|0x00000000ad300000, 0x00000000ad300000, 0x00000000ad400000|  0%| F|  |TAMS 0x00000000ad300000, 0x00000000ad300000| Untracked 
| 212|0x00000000ad400000, 0x00000000ad400000, 0x00000000ad500000|  0%| F|  |TAMS 0x00000000ad400000, 0x00000000ad400000| Untracked 
| 213|0x00000000ad500000, 0x00000000ad500000, 0x00000000ad600000|  0%| F|  |TAMS 0x00000000ad500000, 0x00000000ad500000| Untracked 
| 214|0x00000000ad600000, 0x00000000ad600000, 0x00000000ad700000|  0%| F|  |TAMS 0x00000000ad600000, 0x00000000ad600000| Untracked 
| 215|0x00000000ad700000, 0x00000000ad700000, 0x00000000ad800000|  0%| F|  |TAMS 0x00000000ad700000, 0x00000000ad700000| Untracked 
| 216|0x00000000ad800000, 0x00000000ad800000, 0x00000000ad900000|  0%| F|  |TAMS 0x00000000ad800000, 0x00000000ad800000| Untracked 
| 217|0x00000000ad900000, 0x00000000ad900000, 0x00000000ada00000|  0%| F|  |TAMS 0x00000000ad900000, 0x00000000ad900000| Untracked 
| 218|0x00000000ada00000, 0x00000000ada00000, 0x00000000adb00000|  0%| F|  |TAMS 0x00000000ada00000, 0x00000000ada00000| Untracked 
| 219|0x00000000adb00000, 0x00000000adb00000, 0x00000000adc00000|  0%| F|  |TAMS 0x00000000adb00000, 0x00000000adb00000| Untracked 
| 220|0x00000000adc00000, 0x00000000adc00000, 0x00000000add00000|  0%| F|  |TAMS 0x00000000adc00000, 0x00000000adc00000| Untracked 
| 221|0x00000000add00000, 0x00000000add00000, 0x00000000ade00000|  0%| F|  |TAMS 0x00000000add00000, 0x00000000add00000| Untracked 
| 222|0x00000000ade00000, 0x00000000ade00000, 0x00000000adf00000|  0%| F|  |TAMS 0x00000000ade00000, 0x00000000ade00000| Untracked 
| 223|0x00000000adf00000, 0x00000000adf00000, 0x00000000ae000000|  0%| F|  |TAMS 0x00000000adf00000, 0x00000000adf00000| Untracked 
| 224|0x00000000ae000000, 0x00000000ae047700, 0x00000000ae100000| 27%| S|CS|TAMS 0x00000000ae000000, 0x00000000ae000000| Complete 
| 225|0x00000000ae100000, 0x00000000ae200000, 0x00000000ae200000|100%| S|CS|TAMS 0x00000000ae100000, 0x00000000ae100000| Complete 
| 226|0x00000000ae200000, 0x00000000ae300000, 0x00000000ae300000|100%| S|CS|TAMS 0x00000000ae200000, 0x00000000ae200000| Complete 
| 227|0x00000000ae300000, 0x00000000ae300000, 0x00000000ae400000|  0%| F|  |TAMS 0x00000000ae300000, 0x00000000ae300000| Untracked 
| 228|0x00000000ae400000, 0x00000000ae400000, 0x00000000ae500000|  0%| F|  |TAMS 0x00000000ae400000, 0x00000000ae400000| Untracked 
| 229|0x00000000ae500000, 0x00000000ae500000, 0x00000000ae600000|  0%| F|  |TAMS 0x00000000ae500000, 0x00000000ae500000| Untracked 
| 230|0x00000000ae600000, 0x00000000ae600000, 0x00000000ae700000|  0%| F|  |TAMS 0x00000000ae600000, 0x00000000ae600000| Untracked 
| 231|0x00000000ae700000, 0x00000000ae753f70, 0x00000000ae800000| 32%| E|  |TAMS 0x00000000ae700000, 0x00000000ae700000| Complete 
| 232|0x00000000ae800000, 0x00000000ae900000, 0x00000000ae900000|100%| E|CS|TAMS 0x00000000ae800000, 0x00000000ae800000| Complete 
| 233|0x00000000ae900000, 0x00000000aea00000, 0x00000000aea00000|100%| E|CS|TAMS 0x00000000ae900000, 0x00000000ae900000| Complete 
| 234|0x00000000aea00000, 0x00000000aeb00000, 0x00000000aeb00000|100%| E|CS|TAMS 0x00000000aea00000, 0x00000000aea00000| Complete 
| 235|0x00000000aeb00000, 0x00000000aec00000, 0x00000000aec00000|100%| E|CS|TAMS 0x00000000aeb00000, 0x00000000aeb00000| Complete 
| 236|0x00000000aec00000, 0x00000000aed00000, 0x00000000aed00000|100%| E|CS|TAMS 0x00000000aec00000, 0x00000000aec00000| Complete 
| 237|0x00000000aed00000, 0x00000000aee00000, 0x00000000aee00000|100%| E|CS|TAMS 0x00000000aed00000, 0x00000000aed00000| Complete 
| 238|0x00000000aee00000, 0x00000000aef00000, 0x00000000aef00000|100%| E|CS|TAMS 0x00000000aee00000, 0x00000000aee00000| Complete 
| 239|0x00000000aef00000, 0x00000000af000000, 0x00000000af000000|100%| E|CS|TAMS 0x00000000aef00000, 0x00000000aef00000| Complete 
| 240|0x00000000af000000, 0x00000000af100000, 0x00000000af100000|100%| E|CS|TAMS 0x00000000af000000, 0x00000000af000000| Complete 
| 241|0x00000000af100000, 0x00000000af200000, 0x00000000af200000|100%| E|CS|TAMS 0x00000000af100000, 0x00000000af100000| Complete 
| 242|0x00000000af200000, 0x00000000af300000, 0x00000000af300000|100%| E|CS|TAMS 0x00000000af200000, 0x00000000af200000| Complete 
| 243|0x00000000af300000, 0x00000000af400000, 0x00000000af400000|100%| E|CS|TAMS 0x00000000af300000, 0x00000000af300000| Complete 
| 244|0x00000000af400000, 0x00000000af500000, 0x00000000af500000|100%| E|CS|TAMS 0x00000000af400000, 0x00000000af400000| Complete 
| 245|0x00000000af500000, 0x00000000af600000, 0x00000000af600000|100%| E|CS|TAMS 0x00000000af500000, 0x00000000af500000| Complete 
| 246|0x00000000af600000, 0x00000000af700000, 0x00000000af700000|100%| E|CS|TAMS 0x00000000af600000, 0x00000000af600000| Complete 
| 247|0x00000000af700000, 0x00000000af800000, 0x00000000af800000|100%| E|CS|TAMS 0x00000000af700000, 0x00000000af700000| Complete 
| 248|0x00000000af800000, 0x00000000af900000, 0x00000000af900000|100%| E|CS|TAMS 0x00000000af800000, 0x00000000af800000| Complete 

Card table byte_map: [0x0000023f311e0000,0x0000023f314e0000] _byte_map_base: 0x0000023f30ce0000

Marking Bits (Prev, Next): (CMBitMap*) 0x0000023f19b3e190, (CMBitMap*) 0x0000023f19b3e1d0
 Prev Bits: [0x0000023f317e0000, 0x0000023f32fe0000)
 Next Bits: [0x0000023f32fe0000, 0x0000023f347e0000)

Polling page: 0x0000023f17a20000

Metaspace:

Usage:
  Non-class:     86.09 MB used.
      Class:     13.85 MB used.
       Both:     99.94 MB used.

Virtual space:
  Non-class space:      128.00 MB reserved,      86.75 MB ( 68%) committed,  2 nodes.
      Class space:        1.00 GB reserved,      14.50 MB (  1%) committed,  1 nodes.
             Both:        1.12 GB reserved,     101.25 MB (  9%) committed. 

Chunk freelists:
   Non-Class:  9.11 MB
       Class:  1.46 MB
        Both:  10.57 MB

MaxMetaspaceSize: unlimited
CompressedClassSpaceSize: 1.00 GB
Initial GC threshold: 21.00 MB
Current GC threshold: 142.00 MB
CDS: on
MetaspaceReclaimPolicy: balanced
 - commit_granule_bytes: 65536.
 - commit_granule_words: 8192.
 - virtual_space_node_default_size: 8388608.
 - enlarge_chunks_in_place: 1.
 - new_chunks_are_fully_committed: 0.
 - uncommit_free_chunks: 1.
 - use_allocation_guard: 0.
 - handle_deallocations: 1.


Internal statistics:

num_allocs_failed_limit: 6.
num_arena_births: 2094.
num_arena_deaths: 0.
num_vsnodes_births: 3.
num_vsnodes_deaths: 0.
num_space_committed: 1620.
num_space_uncommitted: 0.
num_chunks_returned_to_freelist: 6.
num_chunks_taken_from_freelist: 7117.
num_chunk_merges: 6.
num_chunk_splits: 4323.
num_chunks_enlarged: 2408.
num_inconsistent_stats: 0.

CodeHeap 'non-profiled nmethods': size=119168Kb used=13130Kb max_used=13130Kb free=106037Kb
 bounds [0x0000023f29200000, 0x0000023f29ee0000, 0x0000023f30660000]
CodeHeap 'profiled nmethods': size=119104Kb used=28677Kb max_used=30589Kb free=90426Kb
 bounds [0x0000023f21660000, 0x0000023f23450000, 0x0000023f28ab0000]
CodeHeap 'non-nmethods': size=7488Kb used=2442Kb max_used=4267Kb free=5045Kb
 bounds [0x0000023f28ab0000, 0x0000023f28ef0000, 0x0000023f29200000]
 total_blobs=16193 nmethods=15212 adapters=891
 compilation: enabled
              stopped_count=0, restarted_count=0
 full_count=0

Compilation events (20 events):
Event: 7493.556 Thread 0x0000023f378329f0 nmethod 18827 0x0000023f2235c090 code [0x0000023f2235c240, 0x0000023f2235c488]
Event: 7493.558 Thread 0x0000023f378329f0 18828       3       java.lang.StackTraceElement::toString (322 bytes)
Event: 7493.560 Thread 0x0000023f378329f0 nmethod 18828 0x0000023f22756810 code [0x0000023f22756e80, 0x0000023f22759c18]
Event: 7493.560 Thread 0x0000023f378329f0 18829       3       java.lang.StackTraceElement::dropModuleVersion (16 bytes)
Event: 7493.560 Thread 0x0000023f378329f0 nmethod 18829 0x0000023f21d2e210 code [0x0000023f21d2e3a0, 0x0000023f21d2e518]
Event: 7493.567 Thread 0x0000023f01b96070 nmethod 18825 0x0000023f29ecf810 code [0x0000023f29ecfa00, 0x0000023f29ed0728]
Event: 7493.568 Thread 0x0000023f01b96070 18830       4       java.lang.StackTraceElement::dropClassLoaderName (16 bytes)
Event: 7493.568 Thread 0x0000023f01b96070 nmethod 18830 0x0000023f29ed0c90 code [0x0000023f29ed0e20, 0x0000023f29ed0eb8]
Event: 7493.568 Thread 0x0000023f01b96070 18800       4       java.util.HashSet::toArray (18 bytes)
Event: 7493.570 Thread 0x0000023f378329f0 18831       3       org.gradle.internal.build.ExecutionResult::succeeded (4 bytes)
Event: 7493.570 Thread 0x0000023f378329f0 nmethod 18831 0x0000023f2224c210 code [0x0000023f2224c3a0, 0x0000023f2224c498]
Event: 7493.570 Thread 0x0000023f378329f0 18832       1       org.gradle.cache.internal.InMemoryDecoratedCache::getCacheId (5 bytes)
Event: 7493.570 Thread 0x0000023f378329f0 nmethod 18832 0x0000023f29ed0f90 code [0x0000023f29ed1120, 0x0000023f29ed11f8]
Event: 7493.571 Thread 0x0000023f378329f0 18833       1       org.gradle.internal.logging.events.StyledTextOutputEvent$Span::access$000 (5 bytes)
Event: 7493.571 Thread 0x0000023f378329f0 nmethod 18833 0x0000023f29ed1290 code [0x0000023f29ed1420, 0x0000023f29ed14d8]
Event: 7493.571 Thread 0x0000023f378329f0 18835       3       org.gradle.internal.logging.services.TextStreamOutputEventListener::onOutput (45 bytes)
Event: 7493.571 Thread 0x0000023f378329f0 nmethod 18835 0x0000023f22e21e10 code [0x0000023f22e22020, 0x0000023f22e227d8]
Event: 7493.571 Thread 0x0000023f378329f0 18834       1       org.gradle.internal.logging.events.StyledTextOutputEvent$Span::access$100 (5 bytes)
Event: 7493.571 Thread 0x0000023f378329f0 nmethod 18834 0x0000023f29ed1590 code [0x0000023f29ed1720, 0x0000023f29ed17d8]
Event: 7493.581 Thread 0x0000023f378329f0 18837   !   3       org.gradle.internal.concurrent.CompositeStoppable$3::stop (19 bytes)

GC Heap History (20 events):
Event: 4607.710 GC heap before
{Heap before GC invocations=79 (full 0):
 garbage-first heap   total 254976K, used 216508K [0x00000000a0000000, 0x0000000100000000)
  region size 1024K, 39 young (39936K), 6 survivors (6144K)
 Metaspace       used 101840K, committed 103104K, reserved 1179648K
  class space    used 14103K, committed 14784K, reserved 1048576K
}
Event: 4607.718 GC heap after
{Heap after GC invocations=80 (full 0):
 garbage-first heap   total 254976K, used 188416K [0x00000000a0000000, 0x0000000100000000)
  region size 1024K, 5 young (5120K), 5 survivors (5120K)
 Metaspace       used 101840K, committed 103104K, reserved 1179648K
  class space    used 14103K, committed 14784K, reserved 1048576K
}
Event: 4607.915 GC heap before
{Heap before GC invocations=80 (full 0):
 garbage-first heap   total 254976K, used 217088K [0x00000000a0000000, 0x0000000100000000)
  region size 1024K, 33 young (33792K), 5 survivors (5120K)
 Metaspace       used 101932K, committed 103296K, reserved 1179648K
  class space    used 14110K, committed 14784K, reserved 1048576K
}
Event: 4607.921 GC heap after
{Heap after GC invocations=81 (full 0):
 garbage-first heap   total 254976K, used 194001K [0x00000000a0000000, 0x0000000100000000)
  region size 1024K, 5 young (5120K), 5 survivors (5120K)
 Metaspace       used 101932K, committed 103296K, reserved 1179648K
  class space    used 14110K, committed 14784K, reserved 1048576K
}
Event: 4608.427 GC heap before
{Heap before GC invocations=81 (full 0):
 garbage-first heap   total 254976K, used 217553K [0x00000000a0000000, 0x0000000100000000)
  region size 1024K, 28 young (28672K), 5 survivors (5120K)
 Metaspace       used 101932K, committed 103296K, reserved 1179648K
  class space    used 14110K, committed 14784K, reserved 1048576K
}
Event: 4608.429 GC heap after
{Heap after GC invocations=82 (full 0):
 garbage-first heap   total 254976K, used 194727K [0x00000000a0000000, 0x0000000100000000)
  region size 1024K, 1 young (1024K), 1 survivors (1024K)
 Metaspace       used 101932K, committed 103296K, reserved 1179648K
  class space    used 14110K, committed 14784K, reserved 1048576K
}
Event: 4608.976 GC heap before
{Heap before GC invocations=82 (full 0):
 garbage-first heap   total 254976K, used 219303K [0x00000000a0000000, 0x0000000100000000)
  region size 1024K, 25 young (25600K), 1 survivors (1024K)
 Metaspace       used 101932K, committed 103296K, reserved 1179648K
  class space    used 14110K, committed 14784K, reserved 1048576K
}
Event: 4608.976 GC heap after
{Heap after GC invocations=83 (full 0):
 garbage-first heap   total 254976K, used 194481K [0x00000000a0000000, 0x0000000100000000)
  region size 1024K, 1 young (1024K), 1 survivors (1024K)
 Metaspace       used 101932K, committed 103296K, reserved 1179648K
  class space    used 14110K, committed 14784K, reserved 1048576K
}
Event: 4609.594 GC heap before
{Heap before GC invocations=83 (full 0):
 garbage-first heap   total 254976K, used 220081K [0x00000000a0000000, 0x0000000100000000)
  region size 1024K, 26 young (26624K), 1 survivors (1024K)
 Metaspace       used 101932K, committed 103296K, reserved 1179648K
  class space    used 14110K, committed 14784K, reserved 1048576K
}
Event: 4609.594 GC heap after
{Heap after GC invocations=84 (full 0):
 garbage-first heap   total 254976K, used 194326K [0x00000000a0000000, 0x0000000100000000)
  region size 1024K, 1 young (1024K), 1 survivors (1024K)
 Metaspace       used 101932K, committed 103296K, reserved 1179648K
  class space    used 14110K, committed 14784K, reserved 1048576K
}
Event: 4733.214 GC heap before
{Heap before GC invocations=84 (full 0):
 garbage-first heap   total 254976K, used 221974K [0x00000000a0000000, 0x0000000100000000)
  region size 1024K, 28 young (28672K), 1 survivors (1024K)
 Metaspace       used 101932K, committed 103296K, reserved 1179648K
  class space    used 14110K, committed 14784K, reserved 1048576K
}
Event: 4733.216 GC heap after
{Heap after GC invocations=85 (full 0):
 garbage-first heap   total 254976K, used 194290K [0x00000000a0000000, 0x0000000100000000)
  region size 1024K, 1 young (1024K), 1 survivors (1024K)
 Metaspace       used 101932K, committed 103296K, reserved 1179648K
  class space    used 14110K, committed 14784K, reserved 1048576K
}
Event: 6205.208 GC heap before
{Heap before GC invocations=85 (full 0):
 garbage-first heap   total 254976K, used 222962K [0x00000000a0000000, 0x0000000100000000)
  region size 1024K, 29 young (29696K), 1 survivors (1024K)
 Metaspace       used 101932K, committed 103296K, reserved 1179648K
  class space    used 14110K, committed 14784K, reserved 1048576K
}
Event: 6205.209 GC heap after
{Heap after GC invocations=86 (full 0):
 garbage-first heap   total 254976K, used 194286K [0x00000000a0000000, 0x0000000100000000)
  region size 1024K, 1 young (1024K), 1 survivors (1024K)
 Metaspace       used 101932K, committed 103296K, reserved 1179648K
  class space    used 14110K, committed 14784K, reserved 1048576K
}
Event: 7487.924 GC heap before
{Heap before GC invocations=86 (full 0):
 garbage-first heap   total 254976K, used 222958K [0x00000000a0000000, 0x0000000100000000)
  region size 1024K, 30 young (30720K), 1 survivors (1024K)
 Metaspace       used 101958K, committed 103296K, reserved 1179648K
  class space    used 14114K, committed 14784K, reserved 1048576K
}
Event: 7487.926 GC heap after
{Heap after GC invocations=87 (full 0):
 garbage-first heap   total 254976K, used 195795K [0x00000000a0000000, 0x0000000100000000)
  region size 1024K, 2 young (2048K), 2 survivors (2048K)
 Metaspace       used 101958K, committed 103296K, reserved 1179648K
  class space    used 14114K, committed 14784K, reserved 1048576K
}
Event: 7488.365 GC heap before
{Heap before GC invocations=87 (full 0):
 garbage-first heap   total 254976K, used 222419K [0x00000000a0000000, 0x0000000100000000)
  region size 1024K, 29 young (29696K), 2 survivors (2048K)
 Metaspace       used 102239K, committed 103552K, reserved 1179648K
  class space    used 14171K, committed 14848K, reserved 1048576K
}
Event: 7488.368 GC heap after
{Heap after GC invocations=88 (full 0):
 garbage-first heap   total 254976K, used 199497K [0x00000000a0000000, 0x0000000100000000)
  region size 1024K, 4 young (4096K), 4 survivors (4096K)
 Metaspace       used 102239K, committed 103552K, reserved 1179648K
  class space    used 14171K, committed 14848K, reserved 1048576K
}
Event: 7491.527 GC heap before
{Heap before GC invocations=88 (full 0):
 garbage-first heap   total 254976K, used 222025K [0x00000000a0000000, 0x0000000100000000)
  region size 1024K, 26 young (26624K), 4 survivors (4096K)
 Metaspace       used 102290K, committed 103616K, reserved 1179648K
  class space    used 14172K, committed 14848K, reserved 1048576K
}
Event: 7491.531 GC heap after
{Heap after GC invocations=89 (full 0):
 garbage-first heap   total 254976K, used 201766K [0x00000000a0000000, 0x0000000100000000)
  region size 1024K, 3 young (3072K), 3 survivors (3072K)
 Metaspace       used 102290K, committed 103616K, reserved 1179648K
  class space    used 14172K, committed 14848K, reserved 1048576K
}

Dll operation events (15 events):
Event: 0.036 Loaded shared library C:\Program Files\Eclipse Adoptium\jdk-17.0.17.10-hotspot\bin\java.dll
Event: 0.074 Loaded shared library C:\Program Files\Eclipse Adoptium\jdk-17.0.17.10-hotspot\bin\jsvml.dll
Event: 0.126 Loaded shared library C:\Program Files\Eclipse Adoptium\jdk-17.0.17.10-hotspot\bin\zip.dll
Event: 0.133 Loaded shared library C:\Program Files\Eclipse Adoptium\jdk-17.0.17.10-hotspot\bin\instrument.dll
Event: 0.140 Loaded shared library C:\Program Files\Eclipse Adoptium\jdk-17.0.17.10-hotspot\bin\net.dll
Event: 0.144 Loaded shared library C:\Program Files\Eclipse Adoptium\jdk-17.0.17.10-hotspot\bin\nio.dll
Event: 0.148 Loaded shared library C:\Program Files\Eclipse Adoptium\jdk-17.0.17.10-hotspot\bin\zip.dll
Event: 0.571 Loaded shared library C:\Program Files\Eclipse Adoptium\jdk-17.0.17.10-hotspot\bin\jimage.dll
Event: 0.793 Loaded shared library C:\Program Files\Eclipse Adoptium\jdk-17.0.17.10-hotspot\bin\verify.dll
Event: 0.885 Loaded shared library C:\Users\86156\.gradle\native\1def1411415f61bf3af743bc5b6707747c0891f09f0c88961ee8f79bc544acac\windows-amd64\native-platform.dll
Event: 0.901 Loaded shared library C:\Users\86156\.gradle\native\0.2.7\x86_64-windows-gnu\gradle-fileevents.dll
Event: 2.154 Loaded shared library C:\Program Files\Eclipse Adoptium\jdk-17.0.17.10-hotspot\bin\management.dll
Event: 2.160 Loaded shared library C:\Program Files\Eclipse Adoptium\jdk-17.0.17.10-hotspot\bin\management_ext.dll
Event: 2.533 Loaded shared library C:\Program Files\Eclipse Adoptium\jdk-17.0.17.10-hotspot\bin\extnet.dll
Event: 2.806 Loaded shared library C:\Program Files\Eclipse Adoptium\jdk-17.0.17.10-hotspot\bin\sunmscapi.dll

Deoptimization events (20 events):
Event: 7488.067 Thread 0x0000023f04dddeb0 Uncommon trap: trap_request=0xffffffc6 fr.pc=0x0000023f29a8112c relative=0x00000000000007ec
Event: 7488.067 Thread 0x0000023f04dddeb0 Uncommon trap: reason=bimorphic_or_optimized_type_check action=maybe_recompile pc=0x0000023f29a8112c method=com.google.common.collect.AbstractMultimap.keySet()Ljava/util/Set; @ 11 c2
Event: 7488.068 Thread 0x0000023f04dddeb0 DEOPT PACKING pc=0x0000023f29a8112c sp=0x000000de83bf6840
Event: 7488.068 Thread 0x0000023f04dddeb0 DEOPT UNPACKING pc=0x0000023f28b069a3 sp=0x000000de83bf6800 mode 2
Event: 7488.077 Thread 0x0000023f04dddeb0 DEOPT PACKING pc=0x0000023f21e54e11 sp=0x000000de83bf9640
Event: 7488.077 Thread 0x0000023f04dddeb0 DEOPT UNPACKING pc=0x0000023f28b07143 sp=0x000000de83bf8b30 mode 0
Event: 7488.194 Thread 0x0000023f04dddeb0 Uncommon trap: trap_request=0xffffffd6 fr.pc=0x0000023f29d5e288 relative=0x0000000000000368
Event: 7488.194 Thread 0x0000023f04dddeb0 Uncommon trap: reason=array_check action=maybe_recompile pc=0x0000023f29d5e288 method=java.util.LinkedHashMap.keysToArray([Ljava/lang/Object;)[Ljava/lang/Object; @ 25 c2
Event: 7488.194 Thread 0x0000023f04dddeb0 DEOPT PACKING pc=0x0000023f29d5e288 sp=0x000000de83bf74f0
Event: 7488.194 Thread 0x0000023f04dddeb0 DEOPT UNPACKING pc=0x0000023f28b069a3 sp=0x000000de83bf7498 mode 2
Event: 7488.396 Thread 0x0000023f04ddede0 DEOPT PACKING pc=0x0000023f23212cd6 sp=0x000000de84aff670
Event: 7488.396 Thread 0x0000023f04ddede0 DEOPT UNPACKING pc=0x0000023f28b07143 sp=0x000000de84afeb80 mode 0
Event: 7488.506 Thread 0x0000023f04dddeb0 Uncommon trap: trap_request=0xfffffff4 fr.pc=0x0000023f29dcc724 relative=0x0000000000000104
Event: 7489.504 Thread 0x0000023f04dddeb0 Uncommon trap: reason=null_check action=make_not_entrant pc=0x0000023f29dcc724 method=org.gradle.api.internal.collections.CollectionFilter.filter(Ljava/lang/Object;)Ljava/lang/Object; @ 5 c2
Event: 7491.525 Thread 0x0000023f04dddeb0 DEOPT PACKING pc=0x0000023f29dcc724 sp=0x000000de83bf8cc0
Event: 7491.525 Thread 0x0000023f04dddeb0 DEOPT UNPACKING pc=0x0000023f28b069a3 sp=0x000000de83bf8c60 mode 2
Event: 7493.557 Thread 0x0000023f04dddeb0 Uncommon trap: trap_request=0xffffff45 fr.pc=0x0000023f29cec234 relative=0x00000000000028d4
Event: 7493.557 Thread 0x0000023f04dddeb0 Uncommon trap: reason=unstable_if action=reinterpret pc=0x0000023f29cec234 method=java.lang.StackTraceElement.isNativeMethod()Z @ 6 c2
Event: 7493.557 Thread 0x0000023f04dddeb0 DEOPT PACKING pc=0x0000023f29cec234 sp=0x000000de83bf85e0
Event: 7493.557 Thread 0x0000023f04dddeb0 DEOPT UNPACKING pc=0x0000023f28b069a3 sp=0x000000de83bf8570 mode 2

Classes loaded (20 events):
Event: 4601.212 Loading class java/util/HashMapCustomizer
Event: 4601.212 Loading class java/util/HashMapCustomizer done
Event: 4601.212 Loading class java/beans/ParameterDescriptor
Event: 4601.213 Loading class java/beans/ParameterDescriptor done
Event: 4601.217 Loading class java/util/TreeSetBeanInfo
Event: 4601.217 Loading class java/util/TreeSetBeanInfo done
Event: 4601.217 Loading class java/util/TreeSetBeanInfo
Event: 4601.217 Loading class java/util/TreeSetBeanInfo done
Event: 4601.217 Loading class java/util/AbstractSetBeanInfo
Event: 4601.217 Loading class java/util/AbstractSetBeanInfo done
Event: 4601.218 Loading class java/util/AbstractSetBeanInfo
Event: 4601.218 Loading class java/util/AbstractSetBeanInfo done
Event: 4601.218 Loading class java/util/AbstractSetCustomizer
Event: 4601.218 Loading class java/util/AbstractSetCustomizer done
Event: 4601.218 Loading class java/util/AbstractSetCustomizer
Event: 4601.218 Loading class java/util/AbstractSetCustomizer done
Event: 4601.218 Loading class java/util/TreeSetCustomizer
Event: 4601.218 Loading class java/util/TreeSetCustomizer done
Event: 4601.219 Loading class java/util/TreeSetCustomizer
Event: 4601.219 Loading class java/util/TreeSetCustomizer done

Classes unloaded (0 events):
No events

Classes redefined (0 events):
No events

Internal exceptions (20 events):
Event: 7487.967 Thread 0x0000023f04dddeb0 Exception <a 'java/lang/NoSuchMethodError'{0x00000000af2dcd80}: static Lorg/gradle/tooling/internal/consumer/versioning/VersionDetails$R35VersionDetails;.<clinit>()V> (0x00000000af2dcd80) 
thrown [s\src\hotspot\share\prims\jni.cpp, line 1112]
Event: 7487.967 Thread 0x0000023f04dddeb0 Exception <a 'java/lang/NoSuchMethodError'{0x00000000af2de450}: static Lorg/gradle/tooling/internal/consumer/versioning/VersionDetails$R44VersionDetails;.<clinit>()V> (0x00000000af2de450) 
thrown [s\src\hotspot\share\prims\jni.cpp, line 1112]
Event: 7487.967 Thread 0x0000023f04dddeb0 Exception <a 'java/lang/NoSuchMethodError'{0x00000000af2dfa58}: static Lorg/gradle/tooling/internal/consumer/versioning/VersionDetails$R48VersionDetails;.<clinit>()V> (0x00000000af2dfa58) 
thrown [s\src\hotspot\share\prims\jni.cpp, line 1112]
Event: 7487.967 Thread 0x0000023f04dddeb0 Exception <a 'java/lang/NoSuchMethodError'{0x00000000af2e0c58}: static Lorg/gradle/tooling/internal/consumer/versioning/VersionDetails$R51VersionDetails;.<clinit>()V> (0x00000000af2e0c58) 
thrown [s\src\hotspot\share\prims\jni.cpp, line 1112]
Event: 7487.969 Thread 0x0000023f04dddeb0 Exception <a 'java/lang/NoSuchMethodError'{0x00000000af2f2dd0}: static [Lorg/gradle/tooling/BuildAction;.<clinit>()V> (0x00000000af2f2dd0) 
thrown [s\src\hotspot\share\prims\jni.cpp, line 1112]
Event: 7487.971 Thread 0x0000023f04dddeb0 Exception <a 'java/lang/NoSuchMethodError'{0x00000000af103bc8}: static Lorg/eclipse/buildship/core/internal/workspace/TellGradleToRunSynchronizationTasks;.<clinit>()V> (0x00000000af103bc8) 
thrown [s\src\hotspot\share\prims\jni.cpp, line 1112]
Event: 7488.028 Thread 0x0000023f04dddeb0 Exception <a 'sun/nio/fs/WindowsException'{0x00000000af06fdf0}> (0x00000000af06fdf0) 
thrown [s\src\hotspot\share\prims\jni.cpp, line 516]
Event: 7488.029 Thread 0x0000023f04dddeb0 Exception <a 'sun/nio/fs/WindowsException'{0x00000000af071558}> (0x00000000af071558) 
thrown [s\src\hotspot\share\prims\jni.cpp, line 516]
Event: 7488.030 Thread 0x0000023f04dddeb0 Exception <a 'sun/nio/fs/WindowsException'{0x00000000af072cb0}> (0x00000000af072cb0) 
thrown [s\src\hotspot\share\prims\jni.cpp, line 516]
Event: 7488.030 Thread 0x0000023f04dddeb0 Exception <a 'sun/nio/fs/WindowsException'{0x00000000af073ff8}> (0x00000000af073ff8) 
thrown [s\src\hotspot\share\prims\jni.cpp, line 516]
Event: 7488.458 Thread 0x0000023f04dddeb0 Exception <a 'java/io/FileNotFoundException'{0x00000000aeb2ffc0}> (0x00000000aeb2ffc0) 
thrown [s\src\hotspot\share\prims\jni.cpp, line 516]
Event: 7488.472 Thread 0x0000023f04dddeb0 Exception <a 'java/lang/NoClassDefFoundError'{0x00000000aebb7338}: org/jetbrains/kotlin/gradle/plugin/KotlinBasePluginWrapper> (0x00000000aebb7338) 
thrown [s\src\hotspot\share\oops\constantPool.cpp, line 837]
Event: 7488.476 Thread 0x0000023f04dddeb0 Exception <a 'java/lang/NoClassDefFoundError'{0x00000000aea194f0}: org/jetbrains/kotlin/gradle/plugin/KotlinBasePluginWrapper> (0x00000000aea194f0) 
thrown [s\src\hotspot\share\oops\constantPool.cpp, line 837]
Event: 7488.478 Thread 0x0000023f04dddeb0 Exception <a 'java/lang/NoClassDefFoundError'{0x00000000aea2ffa8}: org/jetbrains/kotlin/gradle/plugin/KotlinBasePluginWrapper> (0x00000000aea2ffa8) 
thrown [s\src\hotspot\share\oops\constantPool.cpp, line 837]
Event: 7488.480 Thread 0x0000023f04dddeb0 Exception <a 'java/lang/NoClassDefFoundError'{0x00000000aea62728}: org/jetbrains/kotlin/gradle/plugin/KotlinBasePluginWrapper> (0x00000000aea62728) 
thrown [s\src\hotspot\share\oops\constantPool.cpp, line 837]
Event: 7488.482 Thread 0x0000023f04dddeb0 Exception <a 'java/lang/NoClassDefFoundError'{0x00000000aea9c950}: org/jetbrains/kotlin/gradle/plugin/KotlinBasePluginWrapper> (0x00000000aea9c950) 
thrown [s\src\hotspot\share\oops\constantPool.cpp, line 837]
Event: 7488.506 Thread 0x0000023f04dddeb0 Implicit null exception at 0x0000023f29dcc65e to 0x0000023f29dcc710
Event: 7491.537 Thread 0x0000023f04dddeb0 Exception <a 'java/lang/NoClassDefFoundError'{0x00000000af888180}: org/jetbrains/kotlin/gradle/plugin/KotlinBasePluginWrapper> (0x00000000af888180) 
thrown [s\src\hotspot\share\oops\constantPool.cpp, line 837]
Event: 7493.556 Thread 0x0000023f04dddeb0 Exception <a 'java/lang/OutOfMemoryError'{0x00000000af435ec8}: unable to create native thread: possibly out of memory or process/resource limits reached> (0x00000000af435ec8) 
thrown [s\src\hotspot\share\prims\jvm.cpp, line 2923]
Event: 7493.570 Thread 0x0000023f04dddeb0 Exception <a 'sun/nio/fs/WindowsException'{0x00000000aef3ac08}> (0x00000000aef3ac08) 
thrown [s\src\hotspot\share\prims\jni.cpp, line 516]

VM Operations (20 events):
Event: 6413.653 Executing VM operation: Cleanup
Event: 6413.653 Executing VM operation: Cleanup done
Event: 6726.710 Executing VM operation: Cleanup
Event: 6726.710 Executing VM operation: Cleanup done
Event: 6736.328 Executing VM operation: HandshakeAllThreads
Event: 6736.328 Executing VM operation: HandshakeAllThreads done
Event: 6983.089 Executing VM operation: Cleanup
Event: 6983.089 Executing VM operation: Cleanup done
Event: 7487.924 Executing VM operation: G1CollectForAllocation
Event: 7487.926 Executing VM operation: G1CollectForAllocation done
Event: 7488.365 Executing VM operation: G1CollectForAllocation
Event: 7488.368 Executing VM operation: G1CollectForAllocation done
Event: 7489.377 Executing VM operation: Cleanup
Event: 7490.534 Executing VM operation: Cleanup done
Event: 7491.527 Executing VM operation: G1CollectForAllocation
Event: 7491.531 Executing VM operation: G1CollectForAllocation done
Event: 7492.542 Executing VM operation: Cleanup
Event: 7492.543 Executing VM operation: Cleanup done
Event: 7493.567 Executing VM operation: HandshakeAllThreads
Event: 7493.567 Executing VM operation: HandshakeAllThreads done

Memory protections (0 events):
No events

Nmethod flushes (20 events):
Event: 4607.809 Thread 0x0000023f37845560 flushing  nmethod 0x0000023f22ea5110
Event: 4607.809 Thread 0x0000023f37845560 flushing  nmethod 0x0000023f22ea5690
Event: 4607.809 Thread 0x0000023f37845560 flushing  nmethod 0x0000023f22eac590
Event: 4607.810 Thread 0x0000023f37845560 flushing  nmethod 0x0000023f22ef3310
Event: 4607.810 Thread 0x0000023f37845560 flushing  nmethod 0x0000023f22f10910
Event: 4607.810 Thread 0x0000023f37845560 flushing  nmethod 0x0000023f22f68210
Event: 4607.810 Thread 0x0000023f37845560 flushing  nmethod 0x0000023f23001e90
Event: 4607.810 Thread 0x0000023f37845560 flushing  nmethod 0x0000023f23003890
Event: 4607.811 Thread 0x0000023f37845560 flushing  nmethod 0x0000023f23101190
Event: 4607.811 Thread 0x0000023f37845560 flushing  nmethod 0x0000023f23102010
Event: 4607.811 Thread 0x0000023f37845560 flushing  nmethod 0x0000023f2316cb10
Event: 4607.811 Thread 0x0000023f37845560 flushing  nmethod 0x0000023f2317b710
Event: 4607.811 Thread 0x0000023f37845560 flushing  nmethod 0x0000023f2317c090
Event: 4607.811 Thread 0x0000023f37845560 flushing  nmethod 0x0000023f2317ce10
Event: 4607.811 Thread 0x0000023f37845560 flushing  nmethod 0x0000023f2317dc90
Event: 4607.811 Thread 0x0000023f37845560 flushing  nmethod 0x0000023f2317e990
Event: 4607.811 Thread 0x0000023f37845560 flushing  nmethod 0x0000023f2317f410
Event: 4607.812 Thread 0x0000023f37845560 flushing  nmethod 0x0000023f231a3810
Event: 4607.812 Thread 0x0000023f37845560 flushing  nmethod 0x0000023f23255390
Event: 4607.813 Thread 0x0000023f37845560 flushing  nmethod 0x0000023f23301e10

Events (20 events):
Event: 7488.373 Thread 0x0000023f04dddeb0 Thread added: 0x0000023f02e82a80
Event: 7488.373 Thread 0x0000023f04dddeb0 Thread added: 0x0000023f02e84df0
Event: 7488.374 Thread 0x0000023f04dddeb0 Thread added: 0x0000023f02e82060
Event: 7488.374 Thread 0x0000023f04dddeb0 Thread added: 0x0000023f02e85300
Event: 7488.374 Thread 0x0000023f04dddeb0 Thread added: 0x0000023f02e82f90
Event: 7488.374 Thread 0x0000023f04dddeb0 Thread added: 0x0000023f02e834a0
Event: 7488.375 Thread 0x0000023f04dddeb0 Thread added: 0x0000023f02e848e0
Event: 7488.375 Thread 0x0000023f04dddeb0 Thread added: 0x0000023f02e81b50
Event: 7488.375 Thread 0x0000023f04dddeb0 Thread added: 0x0000023f02e839b0
Event: 7488.412 Thread 0x0000023f378329f0 Thread added: 0x0000023f01b98af0
Event: 7492.543 Thread 0x0000023f04dddeb0 Thread added: 0x0000023f7f3827b0
Event: 7492.543 Thread 0x0000023f04dddeb0 Thread added: 0x0000023f7f3822a0
Event: 7492.543 Thread 0x0000023f04dddeb0 Thread added: 0x0000023f7f382cc0
Event: 7492.544 Thread 0x0000023f04dddeb0 Thread added: 0x0000023f7f3831d0
Event: 7492.544 Thread 0x0000023f04dddeb0 Thread added: 0x0000023f7f381880
Event: 7492.544 Thread 0x0000023f04dddeb0 Thread added: 0x0000023f04ee8190
Event: 7492.544 Thread 0x0000023f04dddeb0 Thread added: 0x0000023f04ee6840
Event: 7493.577 Thread 0x0000023f04aceb70 Thread exited: 0x0000023f04aceb70
Event: 7493.578 Thread 0x0000023f01579e10 Thread exited: 0x0000023f01579e10
Event: 7493.578 Thread 0x0000023f01577080 Thread exited: 0x0000023f01577080


Dynamic libraries:
0x00007ff7d2f50000 - 0x00007ff7d2f5e000 	C:\Program Files\Eclipse Adoptium\jdk-17.0.17.10-hotspot\bin\java.exe
0x00007ffe267c0000 - 0x00007ffe26a27000 	C:\WINDOWS\SYSTEM32\ntdll.dll
0x00007ffe252c0000 - 0x00007ffe25389000 	C:\WINDOWS\System32\KERNEL32.DLL
0x00007ffe23d30000 - 0x00007ffe2411f000 	C:\WINDOWS\System32\KERNELBASE.dll
0x00007ffe24130000 - 0x00007ffe2427b000 	C:\WINDOWS\System32\ucrtbase.dll
0x00007ffe10ac0000 - 0x00007ffe10ade000 	C:\Program Files\Eclipse Adoptium\jdk-17.0.17.10-hotspot\bin\VCRUNTIME140.dll
0x00007ffe0f0e0000 - 0x00007ffe0f0f8000 	C:\Program Files\Eclipse Adoptium\jdk-17.0.17.10-hotspot\bin\jli.dll
0x00007ffe24bf0000 - 0x00007ffe24db5000 	C:\WINDOWS\System32\USER32.dll
0x00007ffe23a40000 - 0x00007ffe23a67000 	C:\WINDOWS\System32\win32u.dll
0x00007ffe24eb0000 - 0x00007ffe24edb000 	C:\WINDOWS\System32\GDI32.dll
0x00007ffe23910000 - 0x00007ffe23a3c000 	C:\WINDOWS\System32\gdi32full.dll
0x00007ffe08da0000 - 0x00007ffe09033000 	C:\WINDOWS\WinSxS\amd64_microsoft.windows.common-controls_6595b64144ccf1df_6.0.26100.7309_none_3e05feeae336a044\COMCTL32.dll
0x00007ffe243f0000 - 0x00007ffe24493000 	C:\WINDOWS\System32\msvcp_win.dll
0x00007ffe24560000 - 0x00007ffe24609000 	C:\WINDOWS\System32\msvcrt.dll
0x00007ffe24a70000 - 0x00007ffe24aa1000 	C:\WINDOWS\System32\IMM32.DLL
0x00007ffe0fb30000 - 0x00007ffe0fb3c000 	C:\Program Files\Eclipse Adoptium\jdk-17.0.17.10-hotspot\bin\vcruntime140_1.dll
0x00007ffdef3b0000 - 0x00007ffdef43d000 	C:\Program Files\Eclipse Adoptium\jdk-17.0.17.10-hotspot\bin\msvcp140.dll
0x00007ffdba820000 - 0x00007ffdbb48b000 	C:\Program Files\Eclipse Adoptium\jdk-17.0.17.10-hotspot\bin\server\jvm.dll
0x00007ffe24de0000 - 0x00007ffe24e94000 	C:\WINDOWS\System32\ADVAPI32.dll
0x00007ffe25590000 - 0x00007ffe25636000 	C:\WINDOWS\System32\sechost.dll
0x00007ffe24ad0000 - 0x00007ffe24be8000 	C:\WINDOWS\System32\RPCRT4.dll
0x00007ffe261c0000 - 0x00007ffe26234000 	C:\WINDOWS\System32\WS2_32.dll
0x00007ffe1c050000 - 0x00007ffe1c05b000 	C:\WINDOWS\SYSTEM32\VERSION.dll
0x00007ffe23730000 - 0x00007ffe2378e000 	C:\WINDOWS\SYSTEM32\POWRPROF.dll
0x00007ffe1a700000 - 0x00007ffe1a735000 	C:\WINDOWS\SYSTEM32\WINMM.dll
0x00007ffe23660000 - 0x00007ffe23674000 	C:\WINDOWS\SYSTEM32\UMPDC.dll
0x00007ffe22680000 - 0x00007ffe2269b000 	C:\WINDOWS\SYSTEM32\kernel.appcore.dll
0x00007ffe0e720000 - 0x00007ffe0e72a000 	C:\Program Files\Eclipse Adoptium\jdk-17.0.17.10-hotspot\bin\jimage.dll
0x00007ffe1a300000 - 0x00007ffe1a542000 	C:\WINDOWS\SYSTEM32\DBGHELP.DLL
0x00007ffe25650000 - 0x00007ffe259d6000 	C:\WINDOWS\System32\combase.dll
0x00007ffe24990000 - 0x00007ffe24a66000 	C:\WINDOWS\System32\OLEAUT32.dll
0x00007ffe0a9a0000 - 0x00007ffe0a9dc000 	C:\WINDOWS\SYSTEM32\dbgcore.DLL
0x00007ffe23c80000 - 0x00007ffe23d25000 	C:\WINDOWS\System32\bcryptPrimitives.dll
0x00007ffe0e1c0000 - 0x00007ffe0e1ce000 	C:\Program Files\Eclipse Adoptium\jdk-17.0.17.10-hotspot\bin\instrument.dll
0x00007ffdf7b40000 - 0x00007ffdf7b65000 	C:\Program Files\Eclipse Adoptium\jdk-17.0.17.10-hotspot\bin\java.dll
0x00007ffdef2d0000 - 0x00007ffdef3a7000 	C:\Program Files\Eclipse Adoptium\jdk-17.0.17.10-hotspot\bin\jsvml.dll
0x00007ffe259e0000 - 0x00007ffe26133000 	C:\WINDOWS\System32\SHELL32.dll
0x00007ffe24280000 - 0x00007ffe243ea000 	C:\WINDOWS\System32\wintypes.dll
0x00007ffe214f0000 - 0x00007ffe21d4e000 	C:\WINDOWS\SYSTEM32\windows.storage.dll
0x00007ffe24ee0000 - 0x00007ffe24fd5000 	C:\WINDOWS\System32\SHCORE.dll
0x00007ffe24610000 - 0x00007ffe24676000 	C:\WINDOWS\System32\shlwapi.dll
0x00007ffe237f0000 - 0x00007ffe23819000 	C:\WINDOWS\SYSTEM32\profapi.dll
0x00007ffe0cf70000 - 0x00007ffe0cf88000 	C:\Program Files\Eclipse Adoptium\jdk-17.0.17.10-hotspot\bin\zip.dll
0x00007ffe074a0000 - 0x00007ffe074ba000 	C:\Program Files\Eclipse Adoptium\jdk-17.0.17.10-hotspot\bin\net.dll
0x00007ffe1c8e0000 - 0x00007ffe1ca08000 	C:\WINDOWS\SYSTEM32\WINHTTP.dll
0x00007ffe22bf0000 - 0x00007ffe22c5b000 	C:\WINDOWS\system32\mswsock.dll
0x00007ffe02520000 - 0x00007ffe02536000 	C:\Program Files\Eclipse Adoptium\jdk-17.0.17.10-hotspot\bin\nio.dll
0x00007ffe0ded0000 - 0x00007ffe0dee0000 	C:\Program Files\Eclipse Adoptium\jdk-17.0.17.10-hotspot\bin\verify.dll
0x00007ffdfdca0000 - 0x00007ffdfdcc7000 	C:\Users\86156\.gradle\native\1def1411415f61bf3af743bc5b6707747c0891f09f0c88961ee8f79bc544acac\windows-amd64\native-platform.dll
0x00007ffdef040000 - 0x00007ffdef0b8000 	C:\Users\86156\.gradle\native\0.2.7\x86_64-windows-gnu\gradle-fileevents.dll
0x00007ffe0d560000 - 0x00007ffe0d56a000 	C:\Program Files\Eclipse Adoptium\jdk-17.0.17.10-hotspot\bin\management.dll
0x00007ffe09930000 - 0x00007ffe0993c000 	C:\Program Files\Eclipse Adoptium\jdk-17.0.17.10-hotspot\bin\management_ext.dll
0x00007ffe24dc0000 - 0x00007ffe24dc8000 	C:\WINDOWS\System32\PSAPI.DLL
0x00007ffe22140000 - 0x00007ffe22174000 	C:\WINDOWS\SYSTEM32\IPHLPAPI.DLL
0x00007ffe24ea0000 - 0x00007ffe24eaa000 	C:\WINDOWS\System32\NSI.dll
0x00007ffe1df80000 - 0x00007ffe1df9e000 	C:\WINDOWS\SYSTEM32\dhcpcsvc6.DLL
0x00007ffe1ded0000 - 0x00007ffe1def3000 	C:\WINDOWS\SYSTEM32\dhcpcsvc.DLL
0x00007ffe22220000 - 0x00007ffe2234c000 	C:\WINDOWS\SYSTEM32\DNSAPI.dll
0x00007ffe09850000 - 0x00007ffe09859000 	C:\Program Files\Eclipse Adoptium\jdk-17.0.17.10-hotspot\bin\extnet.dll
0x00007ffe22ec0000 - 0x00007ffe22edb000 	C:\WINDOWS\SYSTEM32\CRYPTSP.dll
0x00007ffe225e0000 - 0x00007ffe2261a000 	C:\WINDOWS\system32\rsaenh.dll
0x00007ffe22ca0000 - 0x00007ffe22ccb000 	C:\WINDOWS\SYSTEM32\USERENV.dll
0x00007ffe237c0000 - 0x00007ffe237ea000 	C:\WINDOWS\SYSTEM32\bcrypt.dll
0x00007ffe22eb0000 - 0x00007ffe22ebc000 	C:\WINDOWS\SYSTEM32\CRYPTBASE.dll
0x00007ffe04da0000 - 0x00007ffe04dae000 	C:\Program Files\Eclipse Adoptium\jdk-17.0.17.10-hotspot\bin\sunmscapi.dll
0x00007ffe23a70000 - 0x00007ffe23be7000 	C:\WINDOWS\System32\CRYPT32.dll
0x00007ffe230d0000 - 0x00007ffe23100000 	C:\WINDOWS\SYSTEM32\ncrypt.dll
0x00007ffe23080000 - 0x00007ffe230bf000 	C:\WINDOWS\SYSTEM32\NTASN1.dll
0x00007ffe031b0000 - 0x00007ffe031b8000 	C:\WINDOWS\system32\wshunix.dll

dbghelp: loaded successfully - version: 4.0.5 - missing functions: none
symbol engine: initialized successfully - sym options: 0x614 - pdb path: .;C:\Program Files\Eclipse Adoptium\jdk-17.0.17.10-hotspot\bin;C:\WINDOWS\SYSTEM32;C:\WINDOWS\WinSxS\amd64_microsoft.windows.common-controls_6595b64144ccf1df_6.0.26100.7309_none_3e05feeae336a044;C:\Program Files\Eclipse Adoptium\jdk-17.0.17.10-hotspot\bin\server;C:\Users\86156\.gradle\native\1def1411415f61bf3af743bc5b6707747c0891f09f0c88961ee8f79bc544acac\windows-amd64;C:\Users\86156\.gradle\native\0.2.7\x86_64-windows-gnu

VM Arguments:
jvm_args: --add-opens=java.base/java.lang=ALL-UNNAMED --add-opens=java.base/java.lang.invoke=ALL-UNNAMED --add-opens=java.base/java.util=ALL-UNNAMED --add-opens=java.prefs/java.util.prefs=ALL-UNNAMED --add-exports=jdk.compiler/com.sun.tools.javac.api=ALL-UNNAMED --add-exports=jdk.compiler/com.sun.tools.javac.util=ALL-UNNAMED --add-opens=java.base/java.util=ALL-UNNAMED --add-opens=java.prefs/java.util.prefs=ALL-UNNAMED --add-opens=java.base/java.nio.charset=ALL-UNNAMED --add-opens=java.base/java.net=ALL-UNNAMED --add-opens=java.base/java.util.concurrent.atomic=ALL-UNNAMED --add-opens=java.xml/javax.xml.namespace=ALL-UNNAMED -Xmx1536m -Dfile.encoding=UTF-8 -Duser.country=CN -Duser.language=zh -Duser.variant -javaagent:C:\Users\86156\.gradle\wrapper\dists\gradle-8.14.3-all\10utluxaxniiv4wxiphsi49nj\gradle-8.14.3\lib\agents\gradle-instrumentation-agent-8.14.3.jar 
java_command: org.gradle.launcher.daemon.bootstrap.GradleDaemon 8.14.3
java_class_path (initial): C:\Users\86156\.gradle\wrapper\dists\gradle-8.14.3-all\10utluxaxniiv4wxiphsi49nj\gradle-8.14.3\lib\gradle-daemon-main-8.14.3.jar
Launcher Type: SUN_STANDARD

[Global flags]
     intx CICompilerCount                          = 12                                        {product} {ergonomic}
     uint ConcGCThreads                            = 3                                         {product} {ergonomic}
     uint G1ConcRefinementThreads                  = 13                                        {product} {ergonomic}
   size_t G1HeapRegionSize                         = 1048576                                   {product} {ergonomic}
    uintx GCDrainStackTargetSize                   = 64                                        {product} {ergonomic}
   size_t InitialHeapSize                          = 260046848                                 {product} {ergonomic}
   size_t MarkStackSize                            = 4194304                                   {product} {ergonomic}
   size_t MaxHeapSize                              = 1610612736                                {product} {command line}
   size_t MaxNewSize                               = 965738496                                 {product} {ergonomic}
   size_t MinHeapDeltaBytes                        = 1048576                                   {product} {ergonomic}
   size_t MinHeapSize                              = 8388608                                   {product} {ergonomic}
    uintx NonNMethodCodeHeapSize                   = 7602480                                {pd product} {ergonomic}
    uintx NonProfiledCodeHeapSize                  = 122027880                              {pd product} {ergonomic}
    uintx ProfiledCodeHeapSize                     = 122027880                              {pd product} {ergonomic}
    uintx ReservedCodeCacheSize                    = 251658240                              {pd product} {ergonomic}
     bool SegmentedCodeCache                       = true                                      {product} {ergonomic}
   size_t SoftMaxHeapSize                          = 1610612736                             {manageable} {ergonomic}
     bool UseCompressedClassPointers               = true                           {product lp64_product} {ergonomic}
     bool UseCompressedOops                        = true                           {product lp64_product} {ergonomic}
     bool UseG1GC                                  = true                                      {product} {ergonomic}
     bool UseLargePagesIndividualAllocation        = false                                  {pd product} {ergonomic}

Logging:
Log output configuration:
 #0: stdout all=warning uptime,level,tags
 #1: stderr all=off uptime,level,tags

Environment Variables:
JAVA_HOME=C:\Program Files\Eclipse Adoptium\jdk-17.0.17.10-hotspot\
PATH=C:\Program Files\Eclipse Adoptium\jdk-17.0.17.10-hotspot\bin;C:\Windows\system32;C:\Windows;C:\Windows\System32\Wbem;C:\Windows\System32\WindowsPowerShell\v1.0\;C:\Windows\System32\OpenSSH\;C:\Program Files (x86)\NVIDIA Corporation\PhysX\Common;C:\Program Files\NVIDIA Corporation\NVIDIA NvDLISR;C:\Program Files\Bandizip\;C:\WINDOWS\system32;C:\WINDOWS;C:\WINDOWS\System32\Wbem;C:\WINDOWS\System32\WindowsPowerShell\v1.0\;C:\WINDOWS\System32\OpenSSH\;C:\Program Files\nodejs\;D:\ruanjian\Git\cmd;d:\ruanjian\Trae\bin;C:\Users\86156\AppData\Local\Microsoft\WindowsApps;C:\Users\86156\AppData\Roaming\npm;d:\ruanjian\Trae CN\resources\app\bin\lib
USERNAME=86156
OS=Windows_NT
PROCESSOR_IDENTIFIER=AMD64 Family 23 Model 96 Stepping 1, AuthenticAMD
TMP=C:\Users\86156\AppData\Local\Temp
TEMP=C:\Users\86156\AppData\Local\Temp



Periodic native trim disabled


---------------  S Y S T E M  ---------------

OS:
 Windows 11 , 64 bit Build 26100 (10.0.26100.7623)
OS uptime: 0 days 22:54 hours

CPU: total 16 (initial active 16) (16 cores per cpu, 2 threads per core) family 23 model 96 stepping 1 microcode 0x8600106, cx8, cmov, fxsr, ht, mmx, 3dnowpref, sse, sse2, sse3, ssse3, sse4a, sse4.1, sse4.2, popcnt, lzcnt, tsc, tscinvbit, avx, avx2, aes, clmul, bmi1, bmi2, adx, sha, fma, vzeroupper, clflush, clflushopt
Processor Information for all 16 processors :
  Max Mhz: 2901, Current Mhz: 2901, Mhz Limit: 2901

Memory: 4k page, system-wide physical 15789M (5799M free)
TotalPageFile size 15789M (AvailPageFile size 557M)
current process WorkingSet (physical memory assigned to process): 294M, peak: 569M
current process commit charge ("private bytes"): 632M, peak: 695M

vm_info: OpenJDK 64-Bit Server VM (17.0.17+10) for windows-amd64 JRE (17.0.17+10), built on Oct 21 2025 23:25:32 by "admin" with unknown MS VC++:1942

END.
