#
# There is insufficient memory for the Java Runtime Environment to continue.
# Native memory allocation (malloc) failed to allocate 1048576 bytes. Error detail: AllocateHeap
# Possible reasons:
#   The system is out of physical RAM or swap space
#   This process is running with CompressedOops enabled, and the Java Heap may be blocking the growth of the native heap
# Possible solutions:
#   Reduce memory load on the system
#   Increase physical memory or swap space
#   Check if swap backing store is full
#   Decrease Java heap size (-Xmx/-Xms)
#   Decrease number of Java threads
#   Decrease Java thread stack sizes (-Xss)
#   Set larger code cache with -XX:ReservedCodeCacheSize=
#   JVM is running with Unscaled Compressed Oops mode in which the Java heap is
#     placed in the first 4GB address space. The Java Heap base address is the
#     maximum limit for the native heap growth. Please use -XX:HeapBaseMinAddress
#     to set the Java Heap base and to place the Java Heap above 4GB virtual address.
# This output file may be truncated or incomplete.
#
#  Out of Memory Error (allocation.cpp:44), pid=11988, tid=24416
#
# JRE version:  (21.0.9+10) (build )
# Java VM: OpenJDK 64-Bit Server VM (21.0.9+10-LTS, mixed mode, sharing, tiered, compressed oops, compressed class ptrs, parallel gc, windows-amd64)
# No core dump will be written. Minidumps are not enabled by default on client versions of Windows
#

---------------  S U M M A R Y ------------

Command Line: --add-modules=ALL-SYSTEM --add-opens=java.base/java.util=ALL-UNNAMED --add-opens=java.base/java.lang=ALL-UNNAMED --add-opens=java.base/sun.nio.fs=ALL-UNNAMED -Declipse.application=org.eclipse.jdt.ls.core.id1 -Dosgi.bundles.defaultStartLevel=4 -Declipse.product=org.eclipse.jdt.ls.core.product -Djava.import.generatesMetadataFilesAtProjectRoot=false -DDetectVMInstallationsJob.disabled=true -Dfile.encoding=utf8 -XX:+UseParallelGC -XX:GCTimeRatio=4 -XX:AdaptiveSizePolicyWeight=90 -Dsun.zip.disableMemoryMapping=true -Xmx2G -Xms100m -Xlog:disable -javaagent:c:\Users\86156\.trae-cn\extensions\redhat.java-1.51.0-win32-x64\lombok\lombok-1.18.39-4050.jar -XX:+HeapDumpOnOutOfMemoryError -XX:HeapDumpPath=c:\Users\86156\AppData\Roaming\Trae CN\User\workspaceStorage\6f69e51d556dabda7e8a685fc940c2bd\redhat.java -Daether.dependencyCollector.impl=bf c:\Users\86156\.trae-cn\extensions\redhat.java-1.51.0-win32-x64\server\plugins\org.eclipse.equinox.launcher_1.7.100.v20251111-0406.jar -configuration c:\Users\86156\AppData\Roaming\Trae CN\User\globalStorage\redhat.java\1.51.0\config_win -data c:\Users\86156\AppData\Roaming\Trae CN\User\workspaceStorage\6f69e51d556dabda7e8a685fc940c2bd\redhat.java\jdt_ws --pipe=\\.\pipe\lsp-7d618ab4d6142d77d25b0f9e7e42b957-sock

Host: AMD Ryzen 7 4800H with Radeon Graphics         , 16 cores, 15G,  Windows 11 , 64 bit Build 26100 (10.0.26100.7623)
Time: Thu Jan 15 02:03:57 2026 elapsed time: 2.094057 seconds (0d 0h 0m 2s)

---------------  T H R E A D  ---------------

Current thread (0x0000018429e24380):  JavaThread "Unknown thread" [_thread_in_vm, id=24416, stack(0x0000004f0c200000,0x0000004f0c300000) (1024K)]

Stack: [0x0000004f0c200000,0x0000004f0c300000]
Native frames: (J=compiled Java code, j=interpreted, Vv=VM code, C=native code)
V  [jvm.dll+0x6d6e29]
V  [jvm.dll+0x8b4b76]
V  [jvm.dll+0x8b712e]
V  [jvm.dll+0x8b7813]
V  [jvm.dll+0x283d86]
V  [jvm.dll+0xc1277]
V  [jvm.dll+0x70adf2]
V  [jvm.dll+0x70bb2c]
V  [jvm.dll+0x6e59c3]
V  [jvm.dll+0x87e58c]
V  [jvm.dll+0x3c42fc]
V  [jvm.dll+0x86727b]
V  [jvm.dll+0x457391]
V  [jvm.dll+0x458f81]
C  [jli.dll+0x52d0]
C  [ucrtbase.dll+0x37b0]
C  [KERNEL32.DLL+0x2e8d7]
C  [ntdll.dll+0x8c53c]


---------------  P R O C E S S  ---------------

Threads class SMR info:
_java_thread_list=0x000001842c16b2f0, length=1, elements={
0x0000018429e24380
}

Java Threads: ( => current thread )
=>0x0000018429e24380 JavaThread "Unknown thread"             [_thread_in_vm, id=24416, stack(0x0000004f0c200000,0x0000004f0c300000) (1024K)]
Total: 1

Other Threads:
  0x000001842bfcca00 WatcherThread "VM Periodic Task Thread"        [id=24988, stack(0x0000004f0c400000,0x0000004f0c500000) (1024K)]
  0x000001842c166ad0 WorkerThread "GC Thread#0"                     [id=23664, stack(0x0000004f0c300000,0x0000004f0c400000) (1024K)]
Total: 2

Threads with active compile tasks:
Total: 0

VM state: not at safepoint (normal execution)

VM Mutex/Monitor currently owned by a thread: None

Heap address: 0x0000000080000000, size: 2048 MB, Compressed Oops mode: 32-bit

CDS archive(s) mapped at: [0x0000018443000000-0x0000018443ba0000-0x0000018443ba0000), size 12189696, SharedBaseAddress: 0x0000018443000000, ArchiveRelocationMode: 1.
Compressed class space mapped at: 0x0000018444000000-0x0000018484000000, reserved size: 1073741824
Narrow klass base: 0x0000018443000000, Narrow klass shift: 0, Narrow klass range: 0x100000000

GC Precious Log:
 CardTable entry size: 512
 CPUs: 16 total, 16 available
 Memory: 15789M
 Large Page Support: Disabled
 NUMA Support: Disabled
 Compressed Oops: Enabled (32-bit)
 Alignments: Space 512K, Generation 512K, Heap 2M
 Heap Min Capacity: 100M
 Heap Initial Capacity: 100M
 Heap Max Capacity: 2G
 Pre-touch: Disabled
 Parallel Workers: 13

Heap:
 PSYoungGen      total 29696K, used 512K [0x00000000d5580000, 0x00000000d7680000, 0x0000000100000000)
  eden space 25600K, 2% used [0x00000000d5580000,0x00000000d5600020,0x00000000d6e80000)
  from space 4096K, 0% used [0x00000000d7280000,0x00000000d7280000,0x00000000d7680000)
  to   space 4096K, 0% used [0x00000000d6e80000,0x00000000d6e80000,0x00000000d7280000)
 ParOldGen       total 68608K, used 0K [0x0000000080000000, 0x0000000084300000, 0x00000000d5580000)
  object space 68608K, 0% used [0x0000000080000000,0x0000000080000000,0x0000000084300000)
 Metaspace       used 0K, committed 0K, reserved 1048576K
  class space    used 0K, committed 0K, reserved 1048576K

Card table byte_map: [0x000001842bae0000,0x000001842bef0000] _byte_map_base: 0x000001842b6e0000

Marking Bits: (ParMarkBitMap*) 0x00007ffd2fa92460
 Begin Bits: [0x000001843e5f0000, 0x00000184405f0000)
 End Bits:   [0x00000184405f0000, 0x00000184425f0000)

Polling page: 0x000001842a070000

Metaspace:

Usage:
  Non-class:      0 bytes used.
      Class:      0 bytes used.
       Both:      0 bytes used.

Virtual space:
  Non-class space:        0 bytes reserved,       0 bytes (  ?%) committed,  0 nodes.
      Class space:        1.00 GB reserved,       0 bytes (  0%) committed,  1 nodes.
             Both:        1.00 GB reserved,       0 bytes (  0%) committed. 

Chunk freelists:
   Non-Class:  0 bytes
       Class:  16.00 MB
        Both:  16.00 MB

MaxMetaspaceSize: unlimited
CompressedClassSpaceSize: 1.00 GB
Initial GC threshold: 21.00 MB
Current GC threshold: 17179869184.00 GB
CDS: on
 - commit_granule_bytes: 65536.
 - commit_granule_words: 8192.
 - virtual_space_node_default_size: 8388608.
 - enlarge_chunks_in_place: 1.
 - use_allocation_guard: 0.


Internal statistics:

num_allocs_failed_limit: 0.
num_arena_births: 0.
num_arena_deaths: 0.
num_vsnodes_births: 1.
num_vsnodes_deaths: 0.
num_space_committed: 0.
num_space_uncommitted: 0.
num_chunks_returned_to_freelist: 0.
num_chunks_taken_from_freelist: 1.
num_chunk_merges: 0.
num_chunk_splits: 1.
num_chunks_enlarged: 0.
num_inconsistent_stats: 0.

CodeHeap 'non-profiled nmethods': size=119168Kb used=0Kb max_used=0Kb free=119168Kb
 bounds [0x0000018436ee0000, 0x0000018437150000, 0x000001843e340000]
CodeHeap 'profiled nmethods': size=119104Kb used=0Kb max_used=0Kb free=119104Kb
 bounds [0x000001842f340000, 0x000001842f5b0000, 0x0000018436790000]
CodeHeap 'non-nmethods': size=7488Kb used=194Kb max_used=342Kb free=7293Kb
 bounds [0x0000018436790000, 0x0000018436a00000, 0x0000018436ee0000]
CodeCache: size=245760Kb, used=194Kb, max_used=342Kb, free=245565Kb
 total_blobs=70, nmethods=0, adapters=48, full_count=0
Compilation: enabled, stopped_count=0, restarted_count=0

Compilation events (0 events):
No events

GC Heap History (0 events):
No events

Dll operation events (1 events):
Event: 0.035 Loaded shared library c:\Users\86156\.trae-cn\extensions\redhat.java-1.51.0-win32-x64\jre\21.0.9-win32-x86_64\bin\java.dll

Deoptimization events (0 events):
No events

Classes loaded (0 events):
No events

Classes unloaded (0 events):
No events

Classes redefined (0 events):
No events

Internal exceptions (0 events):
No events

ZGC Phase Switch (0 events):
No events

VM Operations (0 events):
No events

Memory protections (0 events):
No events

Nmethod flushes (0 events):
No events

Events (1 events):
Event: 1.079 Thread 0x0000018429e24380 Thread added: 0x0000018429e24380


Dynamic libraries:
0x00007ff609f30000 - 0x00007ff609f3e000 	c:\Users\86156\.trae-cn\extensions\redhat.java-1.51.0-win32-x64\jre\21.0.9-win32-x86_64\bin\java.exe
0x00007ffe267c0000 - 0x00007ffe26a27000 	C:\WINDOWS\SYSTEM32\ntdll.dll
0x00007ffe252c0000 - 0x00007ffe25389000 	C:\WINDOWS\System32\KERNEL32.DLL
0x00007ffe23d30000 - 0x00007ffe2411f000 	C:\WINDOWS\System32\KERNELBASE.dll
0x00007ffe20ab0000 - 0x00007ffe20b4f000 	C:\WINDOWS\SYSTEM32\apphelp.dll
0x00007ffe24130000 - 0x00007ffe2427b000 	C:\WINDOWS\System32\ucrtbase.dll
0x00007ffe12460000 - 0x00007ffe12478000 	c:\Users\86156\.trae-cn\extensions\redhat.java-1.51.0-win32-x64\jre\21.0.9-win32-x86_64\bin\jli.dll
0x00007ffdfd940000 - 0x00007ffdfd95e000 	c:\Users\86156\.trae-cn\extensions\redhat.java-1.51.0-win32-x64\jre\21.0.9-win32-x86_64\bin\VCRUNTIME140.dll
0x00007ffe24bf0000 - 0x00007ffe24db5000 	C:\WINDOWS\System32\USER32.dll
0x00007ffe23a40000 - 0x00007ffe23a67000 	C:\WINDOWS\System32\win32u.dll
0x00007ffe24eb0000 - 0x00007ffe24edb000 	C:\WINDOWS\System32\GDI32.dll
0x00007ffe23910000 - 0x00007ffe23a3c000 	C:\WINDOWS\System32\gdi32full.dll
0x00007ffe08da0000 - 0x00007ffe09033000 	C:\WINDOWS\WinSxS\amd64_microsoft.windows.common-controls_6595b64144ccf1df_6.0.26100.7309_none_3e05feeae336a044\COMCTL32.dll
0x00007ffe243f0000 - 0x00007ffe24493000 	C:\WINDOWS\System32\msvcp_win.dll
0x00007ffe24560000 - 0x00007ffe24609000 	C:\WINDOWS\System32\msvcrt.dll
0x00007ffe24a70000 - 0x00007ffe24aa1000 	C:\WINDOWS\System32\IMM32.DLL
0x00007ffe123b0000 - 0x00007ffe123bc000 	c:\Users\86156\.trae-cn\extensions\redhat.java-1.51.0-win32-x64\jre\21.0.9-win32-x86_64\bin\vcruntime140_1.dll
0x00007ffdeed70000 - 0x00007ffdeedfd000 	c:\Users\86156\.trae-cn\extensions\redhat.java-1.51.0-win32-x64\jre\21.0.9-win32-x86_64\bin\msvcp140.dll
0x00007ffd2edd0000 - 0x00007ffd2fb70000 	c:\Users\86156\.trae-cn\extensions\redhat.java-1.51.0-win32-x64\jre\21.0.9-win32-x86_64\bin\server\jvm.dll
0x00007ffe24de0000 - 0x00007ffe24e94000 	C:\WINDOWS\System32\ADVAPI32.dll
0x00007ffe25590000 - 0x00007ffe25636000 	C:\WINDOWS\System32\sechost.dll
0x00007ffe24ad0000 - 0x00007ffe24be8000 	C:\WINDOWS\System32\RPCRT4.dll
0x00007ffe261c0000 - 0x00007ffe26234000 	C:\WINDOWS\System32\WS2_32.dll
0x00007ffe23730000 - 0x00007ffe2378e000 	C:\WINDOWS\SYSTEM32\POWRPROF.dll
0x00007ffe1a700000 - 0x00007ffe1a735000 	C:\WINDOWS\SYSTEM32\WINMM.dll
0x00007ffe1c050000 - 0x00007ffe1c05b000 	C:\WINDOWS\SYSTEM32\VERSION.dll
0x00007ffe23660000 - 0x00007ffe23674000 	C:\WINDOWS\SYSTEM32\UMPDC.dll
0x00007ffe22680000 - 0x00007ffe2269b000 	C:\WINDOWS\SYSTEM32\kernel.appcore.dll
0x00007ffe12220000 - 0x00007ffe1222a000 	c:\Users\86156\.trae-cn\extensions\redhat.java-1.51.0-win32-x64\jre\21.0.9-win32-x86_64\bin\jimage.dll
0x00007ffe1a300000 - 0x00007ffe1a542000 	C:\WINDOWS\SYSTEM32\DBGHELP.DLL
0x00007ffe25650000 - 0x00007ffe259d6000 	C:\WINDOWS\System32\combase.dll
0x00007ffe24990000 - 0x00007ffe24a66000 	C:\WINDOWS\System32\OLEAUT32.dll
0x00007ffe0a9a0000 - 0x00007ffe0a9dc000 	C:\WINDOWS\SYSTEM32\dbgcore.DLL
0x00007ffe23c80000 - 0x00007ffe23d25000 	C:\WINDOWS\System32\bcryptPrimitives.dll
0x00007ffe119f0000 - 0x00007ffe119ff000 	c:\Users\86156\.trae-cn\extensions\redhat.java-1.51.0-win32-x64\jre\21.0.9-win32-x86_64\bin\instrument.dll
0x00007ffdfd540000 - 0x00007ffdfd560000 	c:\Users\86156\.trae-cn\extensions\redhat.java-1.51.0-win32-x64\jre\21.0.9-win32-x86_64\bin\java.dll

JVMTI agents:
c:\Users\86156\.trae-cn\extensions\redhat.java-1.51.0-win32-x64\lombok\lombok-1.18.39-4050.jar path:none, loaded, not initialized, instrumentlib options:none

dbghelp: loaded successfully - version: 4.0.5 - missing functions: none
symbol engine: initialized successfully - sym options: 0x614 - pdb path: .;c:\Users\86156\.trae-cn\extensions\redhat.java-1.51.0-win32-x64\jre\21.0.9-win32-x86_64\bin;C:\WINDOWS\SYSTEM32;C:\WINDOWS\WinSxS\amd64_microsoft.windows.common-controls_6595b64144ccf1df_6.0.26100.7309_none_3e05feeae336a044;c:\Users\86156\.trae-cn\extensions\redhat.java-1.51.0-win32-x64\jre\21.0.9-win32-x86_64\bin\server

VM Arguments:
jvm_args: --add-modules=ALL-SYSTEM --add-opens=java.base/java.util=ALL-UNNAMED --add-opens=java.base/java.lang=ALL-UNNAMED --add-opens=java.base/sun.nio.fs=ALL-UNNAMED -Declipse.application=org.eclipse.jdt.ls.core.id1 -Dosgi.bundles.defaultStartLevel=4 -Declipse.product=org.eclipse.jdt.ls.core.product -Djava.import.generatesMetadataFilesAtProjectRoot=false -DDetectVMInstallationsJob.disabled=true -Dfile.encoding=utf8 -XX:+UseParallelGC -XX:GCTimeRatio=4 -XX:AdaptiveSizePolicyWeight=90 -Dsun.zip.disableMemoryMapping=true -Xmx2G -Xms100m -Xlog:disable -javaagent:c:\Users\86156\.trae-cn\extensions\redhat.java-1.51.0-win32-x64\lombok\lombok-1.18.39-4050.jar -XX:+HeapDumpOnOutOfMemoryError -XX:HeapDumpPath=c:\Users\86156\AppData\Roaming\Trae CN\User\workspaceStorage\6f69e51d556dabda7e8a685fc940c2bd\redhat.java -Daether.dependencyCollector.impl=bf 
java_command: c:\Users\86156\.trae-cn\extensions\redhat.java-1.51.0-win32-x64\server\plugins\org.eclipse.equinox.launcher_1.7.100.v20251111-0406.jar -configuration c:\Users\86156\AppData\Roaming\Trae CN\User\globalStorage\redhat.java\1.51.0\config_win -data c:\Users\86156\AppData\Roaming\Trae CN\User\workspaceStorage\6f69e51d556dabda7e8a685fc940c2bd\redhat.java\jdt_ws --pipe=\\.\pipe\lsp-7d618ab4d6142d77d25b0f9e7e42b957-sock
java_class_path (initial): c:\Users\86156\.trae-cn\extensions\redhat.java-1.51.0-win32-x64\server\plugins\org.eclipse.equinox.launcher_1.7.100.v20251111-0406.jar
Launcher Type: SUN_STANDARD

[Global flags]
    uintx AdaptiveSizePolicyWeight                 = 90                                        {product} {command line}
     intx CICompilerCount                          = 12                                        {product} {ergonomic}
    uintx GCTimeRatio                              = 4                                         {product} {command line}
     bool HeapDumpOnOutOfMemoryError               = true                                   {manageable} {command line}
    ccstr HeapDumpPath                             = c:\Users\86156\AppData\Roaming\Trae CN\User\workspaceStorage\6f69e51d556dabda7e8a685fc940c2bd\redhat.java         {manageable} {command line}
   size_t InitialHeapSize                          = 104857600                                 {product} {command line}
   size_t MaxHeapSize                              = 2147483648                                {product} {command line}
   size_t MaxNewSize                               = 715653120                                 {product} {ergonomic}
   size_t MinHeapDeltaBytes                        = 524288                                    {product} {ergonomic}
   size_t MinHeapSize                              = 104857600                                 {product} {command line}
   size_t NewSize                                  = 34603008                                  {product} {ergonomic}
    uintx NonNMethodCodeHeapSize                   = 7602480                                {pd product} {ergonomic}
    uintx NonProfiledCodeHeapSize                  = 122027880                              {pd product} {ergonomic}
   size_t OldSize                                  = 70254592                                  {product} {ergonomic}
    uintx ProfiledCodeHeapSize                     = 122027880                              {pd product} {ergonomic}
    uintx ReservedCodeCacheSize                    = 251658240                              {pd product} {ergonomic}
     bool SegmentedCodeCache                       = true                                      {product} {ergonomic}
   size_t SoftMaxHeapSize                          = 2147483648                             {manageable} {ergonomic}
     bool UseCompressedOops                        = true                           {product lp64_product} {ergonomic}
     bool UseLargePagesIndividualAllocation        = false                                  {pd product} {ergonomic}
     bool UseParallelGC                            = true                                      {product} {command line}

Logging:
Log output configuration:
 #0: stdout all=off uptime,level,tags foldmultilines=false
 #1: stderr all=off uptime,level,tags foldmultilines=false

Release file:
<release file has not been read>
Environment Variables:
JAVA_HOME=C:\Program Files\Eclipse Adoptium\jdk-17.0.17.10-hotspot\
PATH=C:\Program Files\Eclipse Adoptium\jdk-17.0.17.10-hotspot\bin;C:\Windows\system32;C:\Windows;C:\Windows\System32\Wbem;C:\Windows\System32\WindowsPowerShell\v1.0\;C:\Windows\System32\OpenSSH\;C:\Program Files (x86)\NVIDIA Corporation\PhysX\Common;C:\Program Files\NVIDIA Corporation\NVIDIA NvDLISR;C:\Program Files\Bandizip\;C:\WINDOWS\system32;C:\WINDOWS;C:\WINDOWS\System32\Wbem;C:\WINDOWS\System32\WindowsPowerShell\v1.0\;C:\WINDOWS\System32\OpenSSH\;C:\Program Files\nodejs\;D:\ruanjian\Git\cmd;d:\ruanjian\Trae\bin;C:\Users\86156\AppData\Local\Microsoft\WindowsApps;C:\Users\86156\AppData\Roaming\npm;d:\ruanjian\Trae CN\resources\app\bin\lib
USERNAME=86156
OS=Windows_NT
PROCESSOR_IDENTIFIER=AMD64 Family 23 Model 96 Stepping 1, AuthenticAMD
TMP=C:\Users\86156\AppData\Local\Temp
TEMP=C:\Users\86156\AppData\Local\Temp




Periodic native trim disabled

---------------  S Y S T E M  ---------------

OS:
 Windows 11 , 64 bit Build 26100 (10.0.26100.7623)
OS uptime: 0 days 1:45 hours

CPU: total 16 (initial active 16) (16 cores per cpu, 2 threads per core) family 23 model 96 stepping 1 microcode 0x8600106, cx8, cmov, fxsr, ht, mmx, 3dnowpref, sse, sse2, sse3, ssse3, sse4a, sse4.1, sse4.2, popcnt, lzcnt, tsc, tscinvbit, avx, avx2, aes, clmul, bmi1, bmi2, adx, sha, fma, vzeroupper, clflush, clflushopt, rdtscp, rdpid, f16c
Processor Information for the first 16 processors :
  Max Mhz: 2901, Current Mhz: 2901, Mhz Limit: 2901

Memory: 4k page, system-wide physical 15789M (4705M free)
TotalPageFile size 15789M (AvailPageFile size 84M)
current process WorkingSet (physical memory assigned to process): 28M, peak: 28M
current process commit charge ("private bytes"): 193M, peak: 194M

vm_info: OpenJDK 64-Bit Server VM (21.0.9+10-LTS) for windows-amd64 JRE (21.0.9+10-LTS), built on 2025-10-21T00:00:00Z by "admin" with unknown MS VC++:1942

END.
