#
# There is insufficient memory for the Java Runtime Environment to continue.
# Native memory allocation (malloc) failed to allocate 205216 bytes. Error detail: Chunk::new
# Possible reasons:
#   The system is out of physical RAM or swap space
#   This process is running with CompressedOops enabled, and the Java Heap may be blocking the growth of the native heap
# Possible solutions:
#   Reduce memory load on the system
#   Increase physical memory or swap space
#   Check if swap backing store is full
#   Decrease Java heap size (-Xmx/-Xms)
#   Decrease number of Java threads
#   Decrease Java thread stack sizes (-Xss)
#   Set larger code cache with -XX:ReservedCodeCacheSize=
#   JVM is running with Unscaled Compressed Oops mode in which the Java heap is
#     placed in the first 4GB address space. The Java Heap base address is the
#     maximum limit for the native heap growth. Please use -XX:HeapBaseMinAddress
#     to set the Java Heap base and to place the Java Heap above 4GB virtual address.
# This output file may be truncated or incomplete.
#
#  Out of Memory Error (arena.cpp:168), pid=23988, tid=23624
#
# JRE version: OpenJDK Runtime Environment Temurin-21.0.9+10 (21.0.9+10) (build 21.0.9+10-LTS)
# Java VM: OpenJDK 64-Bit Server VM Temurin-21.0.9+10 (21.0.9+10-LTS, mixed mode, sharing, tiered, compressed oops, compressed class ptrs, parallel gc, windows-amd64)
# No core dump will be written. Minidumps are not enabled by default on client versions of Windows
#

---------------  S U M M A R Y ------------

Command Line: --add-modules=ALL-SYSTEM --add-opens=java.base/java.util=ALL-UNNAMED --add-opens=java.base/java.lang=ALL-UNNAMED --add-opens=java.base/sun.nio.fs=ALL-UNNAMED -Declipse.application=org.eclipse.jdt.ls.core.id1 -Dosgi.bundles.defaultStartLevel=4 -Declipse.product=org.eclipse.jdt.ls.core.product -Djava.import.generatesMetadataFilesAtProjectRoot=false -DDetectVMInstallationsJob.disabled=true -Dfile.encoding=utf8 -XX:+UseParallelGC -XX:GCTimeRatio=4 -XX:AdaptiveSizePolicyWeight=90 -Dsun.zip.disableMemoryMapping=true -Xmx2G -Xms100m -Xlog:disable -javaagent:c:\Users\86156\.trae-cn\extensions\redhat.java-1.51.0-win32-x64\lombok\lombok-1.18.39-4050.jar c:\Users\86156\.trae-cn\extensions\redhat.java-1.51.0-win32-x64\server\plugins\org.eclipse.equinox.launcher_1.7.100.v20251111-0406.jar -configuration c:\Users\86156\AppData\Roaming\Trae CN\User\globalStorage\redhat.java\1.51.0\config_ss_win -data c:\Users\86156\AppData\Roaming\Trae CN\User\workspaceStorage\6f69e51d556dabda7e8a685fc940c2bd\redhat.java\ss_ws --pipe=\\.\pipe\lsp-b4df7da46668ef2621deed033f802260-sock

Host: AMD Ryzen 7 4800H with Radeon Graphics         , 16 cores, 15G,  Windows 11 , 64 bit Build 26100 (10.0.26100.7623)
Time: Thu Jan 15 02:03:57 2026 elapsed time: 5.827715 seconds (0d 0h 0m 5s)

---------------  T H R E A D  ---------------

Current thread (0x0000020372d7f910):  JavaThread "C2 CompilerThread0" daemon [_thread_in_native, id=23624, stack(0x000000231d100000,0x000000231d200000) (1024K)]


Current CompileTask:
C2:5827 2048       4       java.io.DataInputStream::readFully (59 bytes)

Stack: [0x000000231d100000,0x000000231d200000]
Native frames: (J=compiled Java code, j=interpreted, Vv=VM code, C=native code)
V  [jvm.dll+0x6d6e29]
V  [jvm.dll+0x8b4b76]
V  [jvm.dll+0x8b712e]
V  [jvm.dll+0x8b7813]
V  [jvm.dll+0x283d86]
V  [jvm.dll+0xc66ed]
V  [jvm.dll+0xc6c31]
V  [jvm.dll+0x2facee]
V  [jvm.dll+0x5fde44]
V  [jvm.dll+0x255557]
V  [jvm.dll+0x24d64b]
V  [jvm.dll+0x24b482]
V  [jvm.dll+0x1cb13e]
V  [jvm.dll+0x25b29d]
V  [jvm.dll+0x25982a]
V  [jvm.dll+0x3f7ea6]
V  [jvm.dll+0x85e9ad]
V  [jvm.dll+0x6d565d]
C  [ucrtbase.dll+0x37b0]
C  [KERNEL32.DLL+0x2e8d7]
C  [ntdll.dll+0x8c53c]


---------------  P R O C E S S  ---------------

Threads class SMR info:
_java_thread_list=0x0000020379330810, length=19, elements={
0x0000020319ec0430, 0x0000020330949400, 0x000002033094c620, 0x0000020372d49fc0,
0x0000020372d4aa10, 0x0000020372d4eaf0, 0x0000020372d71d00, 0x0000020372d7f910,
0x0000020372d80600, 0x0000020372fd1c60, 0x0000020374648a40, 0x0000020379137e00,
0x0000020379208390, 0x0000020379208f40, 0x00000203790fc3b0, 0x0000020373027a70,
0x0000020372e009f0, 0x000002037911d190, 0x00000203795090b0
}

Java Threads: ( => current thread )
  0x0000020319ec0430 JavaThread "main"                              [_thread_blocked, id=22376, stack(0x000000231c700000,0x000000231c800000) (1024K)]
  0x0000020330949400 JavaThread "Reference Handler"          daemon [_thread_blocked, id=21472, stack(0x000000231cb00000,0x000000231cc00000) (1024K)]
  0x000002033094c620 JavaThread "Finalizer"                  daemon [_thread_blocked, id=13820, stack(0x000000231cc00000,0x000000231cd00000) (1024K)]
  0x0000020372d49fc0 JavaThread "Signal Dispatcher"          daemon [_thread_blocked, id=21752, stack(0x000000231cd00000,0x000000231ce00000) (1024K)]
  0x0000020372d4aa10 JavaThread "Attach Listener"            daemon [_thread_blocked, id=19636, stack(0x000000231ce00000,0x000000231cf00000) (1024K)]
  0x0000020372d4eaf0 JavaThread "Service Thread"             daemon [_thread_blocked, id=6540, stack(0x000000231cf00000,0x000000231d000000) (1024K)]
  0x0000020372d71d00 JavaThread "Monitor Deflation Thread"   daemon [_thread_blocked, id=23560, stack(0x000000231d000000,0x000000231d100000) (1024K)]
=>0x0000020372d7f910 JavaThread "C2 CompilerThread0"         daemon [_thread_in_native, id=23624, stack(0x000000231d100000,0x000000231d200000) (1024K)]
  0x0000020372d80600 JavaThread "C1 CompilerThread0"         daemon [_thread_blocked, id=6616, stack(0x000000231d200000,0x000000231d300000) (1024K)]
  0x0000020372fd1c60 JavaThread "Common-Cleaner"             daemon [_thread_blocked, id=21936, stack(0x000000231d600000,0x000000231d700000) (1024K)]
  0x0000020374648a40 JavaThread "Notification Thread"        daemon [_thread_blocked, id=3980, stack(0x000000231d400000,0x000000231d500000) (1024K)]
  0x0000020379137e00 JavaThread "Active Thread: Equinox Container: c3450bde-9f77-4319-bb46-a4a272058c48"        [_thread_blocked, id=20316, stack(0x000000231d800000,0x000000231d900000) (1024K)]
  0x0000020379208390 JavaThread "Framework Event Dispatcher: Equinox Container: c3450bde-9f77-4319-bb46-a4a272058c48" daemon [_thread_blocked, id=17192, stack(0x000000231e000000,0x000000231e100000) (1024K)]
  0x0000020379208f40 JavaThread "Start Level: Equinox Container: c3450bde-9f77-4319-bb46-a4a272058c48" daemon [_thread_in_Java, id=6228, stack(0x000000231e100000,0x000000231e200000) (1024K)]
  0x00000203790fc3b0 JavaThread "SCR Component Actor"        daemon [_thread_blocked, id=22228, stack(0x000000231e200000,0x000000231e300000) (1024K)]
  0x0000020373027a70 JavaThread "C2 CompilerThread1"         daemon [_thread_blocked, id=24188, stack(0x000000231d300000,0x000000231d400000) (1024K)]
  0x0000020372e009f0 JavaThread "C2 CompilerThread2"         daemon [_thread_blocked, id=17100, stack(0x000000231d500000,0x000000231d600000) (1024K)]
  0x000002037911d190 JavaThread "C2 CompilerThread3"         daemon [_thread_blocked, id=14192, stack(0x000000231d700000,0x000000231d800000) (1024K)]
  0x00000203795090b0 JavaThread "C2 CompilerThread4"         daemon [_thread_blocked, id=10196, stack(0x000000231e300000,0x000000231e400000) (1024K)]
Total: 19

Other Threads:
  0x00000203309449d0 VMThread "VM Thread"                           [id=24156, stack(0x000000231ca00000,0x000000231cb00000) (1024K)]
  0x000002033083ca00 WatcherThread "VM Periodic Task Thread"        [id=23608, stack(0x000000231c900000,0x000000231ca00000) (1024K)]
  0x0000020319ed76a0 WorkerThread "GC Thread#0"                     [id=23556, stack(0x000000231c800000,0x000000231c900000) (1024K)]
  0x00000203748e43f0 WorkerThread "GC Thread#1"                     [id=23828, stack(0x000000231da00000,0x000000231db00000) (1024K)]
  0x0000020374cb2330 WorkerThread "GC Thread#2"                     [id=25152, stack(0x000000231db00000,0x000000231dc00000) (1024K)]
  0x00000203746631d0 WorkerThread "GC Thread#3"                     [id=25148, stack(0x000000231dc00000,0x000000231dd00000) (1024K)]
  0x0000020374a58c20 WorkerThread "GC Thread#4"                     [id=3092, stack(0x000000231dd00000,0x000000231de00000) (1024K)]
  0x00000203791c5580 WorkerThread "GC Thread#5"                     [id=19144, stack(0x000000231de00000,0x000000231df00000) (1024K)]
  0x0000020374a597d0 WorkerThread "GC Thread#6"                     [id=20160, stack(0x000000231df00000,0x000000231e000000) (1024K)]
  0x000002037933d0b0 WorkerThread "GC Thread#7"                     [id=23720, stack(0x000000231d900000,0x000000231da00000) (1024K)]
Total: 10

Threads with active compile tasks:
C2 CompilerThread0  5918 2048       4       java.io.DataInputStream::readFully (59 bytes)
Total: 1

VM state: not at safepoint (normal execution)

VM Mutex/Monitor currently owned by a thread: None

Heap address: 0x0000000080000000, size: 2048 MB, Compressed Oops mode: 32-bit

CDS archive(s) mapped at: [0x0000020331000000-0x0000020331ba0000-0x0000020331ba0000), size 12189696, SharedBaseAddress: 0x0000020331000000, ArchiveRelocationMode: 1.
Compressed class space mapped at: 0x0000020332000000-0x0000020372000000, reserved size: 1073741824
Narrow klass base: 0x0000020331000000, Narrow klass shift: 0, Narrow klass range: 0x100000000

GC Precious Log:
 CardTable entry size: 512
 CPUs: 16 total, 16 available
 Memory: 15789M
 Large Page Support: Disabled
 NUMA Support: Disabled
 Compressed Oops: Enabled (32-bit)
 Alignments: Space 512K, Generation 512K, Heap 2M
 Heap Min Capacity: 100M
 Heap Initial Capacity: 100M
 Heap Max Capacity: 2G
 Pre-touch: Disabled
 Parallel Workers: 13

Heap:
 PSYoungGen      total 29696K, used 19364K [0x00000000d5580000, 0x00000000d7680000, 0x0000000100000000)
  eden space 25600K, 59% used [0x00000000d5580000,0x00000000d64698d8,0x00000000d6e80000)
  from space 4096K, 99% used [0x00000000d7280000,0x00000000d767f810,0x00000000d7680000)
  to   space 4096K, 0% used [0x00000000d6e80000,0x00000000d6e80000,0x00000000d7280000)
 ParOldGen       total 68608K, used 1193K [0x0000000080000000, 0x0000000084300000, 0x00000000d5580000)
  object space 68608K, 1% used [0x0000000080000000,0x000000008012a6a8,0x0000000084300000)
 Metaspace       used 10923K, committed 11328K, reserved 1114112K
  class space    used 1172K, committed 1344K, reserved 1048576K

Card table byte_map: [0x0000020319850000,0x0000020319c60000] _byte_map_base: 0x0000020319450000

Marking Bits: (ParMarkBitMap*) 0x00007ffd2fa92460
 Begin Bits: [0x000002032c360000, 0x000002032e360000)
 End Bits:   [0x000002032e360000, 0x0000020330360000)

Polling page: 0x0000020318070000

Metaspace:

Usage:
  Non-class:      9.52 MB used.
      Class:      1.15 MB used.
       Both:     10.67 MB used.

Virtual space:
  Non-class space:       64.00 MB reserved,       9.75 MB ( 15%) committed,  1 nodes.
      Class space:        1.00 GB reserved,       1.31 MB ( <1%) committed,  1 nodes.
             Both:        1.06 GB reserved,      11.06 MB (  1%) committed. 

Chunk freelists:
   Non-Class:  5.94 MB
       Class:  14.68 MB
        Both:  20.61 MB

MaxMetaspaceSize: unlimited
CompressedClassSpaceSize: 1.00 GB
Initial GC threshold: 21.00 MB
Current GC threshold: 21.00 MB
CDS: on
 - commit_granule_bytes: 65536.
 - commit_granule_words: 8192.
 - virtual_space_node_default_size: 8388608.
 - enlarge_chunks_in_place: 1.
 - use_allocation_guard: 0.


Internal statistics:

num_allocs_failed_limit: 0.
num_arena_births: 252.
num_arena_deaths: 0.
num_vsnodes_births: 2.
num_vsnodes_deaths: 0.
num_space_committed: 177.
num_space_uncommitted: 0.
num_chunks_returned_to_freelist: 0.
num_chunks_taken_from_freelist: 572.
num_chunk_merges: 0.
num_chunk_splits: 363.
num_chunks_enlarged: 242.
num_inconsistent_stats: 0.

CodeHeap 'non-profiled nmethods': size=119168Kb used=853Kb max_used=853Kb free=118314Kb
 bounds [0x0000020324c50000, 0x0000020324ec0000, 0x000002032c0b0000]
CodeHeap 'profiled nmethods': size=119104Kb used=3937Kb max_used=3937Kb free=115166Kb
 bounds [0x000002031d0b0000, 0x000002031d490000, 0x0000020324500000]
CodeHeap 'non-nmethods': size=7488Kb used=1227Kb max_used=2938Kb free=6260Kb
 bounds [0x0000020324500000, 0x00000203247e0000, 0x0000020324c50000]
CodeCache: size=245760Kb, used=6017Kb, max_used=7728Kb, free=239740Kb
 total_blobs=2569, nmethods=2074, adapters=402, full_count=0
Compilation: enabled, stopped_count=0, restarted_count=0

Compilation events (20 events):
Event: 3.762 Thread 0x0000020372d80600 nmethod 2041 0x000002031d471890 code [0x000002031d471b00, 0x000002031d472808]
Event: 3.764 Thread 0x0000020372d80600 2042   !   3       org.eclipse.osgi.storage.bundlefile.MRUBundleFileList::use (55 bytes)
Event: 3.764 Thread 0x0000020372d80600 nmethod 2042 0x000002031d472d90 code [0x000002031d472f60, 0x000002031d473350]
Event: 3.764 Thread 0x0000020373027a70 2043       3       org.eclipse.osgi.internal.framework.EquinoxContainer::isBootDelegationPackage (72 bytes)
Event: 3.764 Thread 0x0000020373027a70 nmethod 2043 0x000002031d473510 code [0x000002031d473700, 0x000002031d473bd0]
Event: 3.765 Thread 0x0000020373027a70 2044       3       java.util.WeakHashMap::get (75 bytes)
Event: 3.766 Thread 0x000002037303b430 2045       3       org.eclipse.osgi.internal.loader.BundleLoader::searchHooks (192 bytes)
Event: 3.766 Thread 0x0000020373027a70 nmethod 2044 0x000002031d473d90 code [0x000002031d473fc0, 0x000002031d474828]
Event: 3.766 Thread 0x000002037303b430 nmethod 2045 0x000002031d474b90 code [0x000002031d474e60, 0x000002031d476028]
Event: 3.774 Thread 0x000002037303b430 2046   !   3       org.eclipse.osgi.internal.loader.ModuleClassLoader::publicFindLoaded (19 bytes)
Event: 3.774 Thread 0x000002037303b430 nmethod 2046 0x000002031d476490 code [0x000002031d476680, 0x000002031d476ac8]
Event: 3.794 Thread 0x0000020372d80600 2047       3       java.io.WinNTFileSystem::normalize (143 bytes)
Event: 3.795 Thread 0x0000020372d80600 nmethod 2047 0x000002031d476d10 code [0x000002031d476fa0, 0x000002031d477a00]
Event: 3.802 Thread 0x0000020372d7f910 2048       4       java.io.DataInputStream::readFully (59 bytes)
Event: 3.803 Thread 0x000002037303b430 2051   !   3       java.lang.invoke.LambdaForm::compileToBytecode (164 bytes)
Event: 3.803 Thread 0x0000020373027a70 2053       3       java.lang.invoke.InnerClassLambdaMetafactory::getOpcodeOffset (38 bytes)
Event: 3.804 Thread 0x000002037303b430 nmethod 2051 0x000002031d477e10 code [0x000002031d478080, 0x000002031d478920]
Event: 3.804 Thread 0x0000020373027a70 nmethod 2053 0x000002031d478c10 code [0x000002031d478de0, 0x000002031d479098]
Event: 3.805 Thread 0x000002037303b430 2054       3       sun.invoke.util.Wrapper::isDoubleWord (15 bytes)
Event: 3.805 Thread 0x000002037303b430 nmethod 2054 0x000002031d479190 code [0x000002031d479320, 0x000002031d479488]

GC Heap History (4 events):
Event: 1.643 GC heap before
{Heap before GC invocations=1 (full 0):
 PSYoungGen      total 29696K, used 25600K [0x00000000d5580000, 0x00000000d7680000, 0x0000000100000000)
  eden space 25600K, 100% used [0x00000000d5580000,0x00000000d6e80000,0x00000000d6e80000)
  from space 4096K, 0% used [0x00000000d7280000,0x00000000d7280000,0x00000000d7680000)
  to   space 4096K, 0% used [0x00000000d6e80000,0x00000000d6e80000,0x00000000d7280000)
 ParOldGen       total 68608K, used 0K [0x0000000080000000, 0x0000000084300000, 0x00000000d5580000)
  object space 68608K, 0% used [0x0000000080000000,0x0000000080000000,0x0000000084300000)
 Metaspace       used 4176K, committed 4416K, reserved 1114112K
  class space    used 457K, committed 576K, reserved 1048576K
}
Event: 1.651 GC heap after
{Heap after GC invocations=1 (full 0):
 PSYoungGen      total 29696K, used 3748K [0x00000000d5580000, 0x00000000d7680000, 0x0000000100000000)
  eden space 25600K, 0% used [0x00000000d5580000,0x00000000d5580000,0x00000000d6e80000)
  from space 4096K, 91% used [0x00000000d6e80000,0x00000000d7229000,0x00000000d7280000)
  to   space 4096K, 0% used [0x00000000d7280000,0x00000000d7280000,0x00000000d7680000)
 ParOldGen       total 68608K, used 16K [0x0000000080000000, 0x0000000084300000, 0x00000000d5580000)
  object space 68608K, 0% used [0x0000000080000000,0x0000000080004000,0x0000000084300000)
 Metaspace       used 4176K, committed 4416K, reserved 1114112K
  class space    used 457K, committed 576K, reserved 1048576K
}
Event: 3.129 GC heap before
{Heap before GC invocations=2 (full 0):
 PSYoungGen      total 29696K, used 29348K [0x00000000d5580000, 0x00000000d7680000, 0x0000000100000000)
  eden space 25600K, 100% used [0x00000000d5580000,0x00000000d6e80000,0x00000000d6e80000)
  from space 4096K, 91% used [0x00000000d6e80000,0x00000000d7229000,0x00000000d7280000)
  to   space 4096K, 0% used [0x00000000d7280000,0x00000000d7280000,0x00000000d7680000)
 ParOldGen       total 68608K, used 16K [0x0000000080000000, 0x0000000084300000, 0x00000000d5580000)
  object space 68608K, 0% used [0x0000000080000000,0x0000000080004000,0x0000000084300000)
 Metaspace       used 8001K, committed 8256K, reserved 1114112K
  class space    used 835K, committed 960K, reserved 1048576K
}
Event: 3.136 GC heap after
{Heap after GC invocations=2 (full 0):
 PSYoungGen      total 29696K, used 4094K [0x00000000d5580000, 0x00000000d7680000, 0x0000000100000000)
  eden space 25600K, 0% used [0x00000000d5580000,0x00000000d5580000,0x00000000d6e80000)
  from space 4096K, 99% used [0x00000000d7280000,0x00000000d767f810,0x00000000d7680000)
  to   space 4096K, 0% used [0x00000000d6e80000,0x00000000d6e80000,0x00000000d7280000)
 ParOldGen       total 68608K, used 1193K [0x0000000080000000, 0x0000000084300000, 0x00000000d5580000)
  object space 68608K, 1% used [0x0000000080000000,0x000000008012a6a8,0x0000000084300000)
 Metaspace       used 8001K, committed 8256K, reserved 1114112K
  class space    used 835K, committed 960K, reserved 1048576K
}

Dll operation events (9 events):
Event: 0.075 Loaded shared library c:\Users\86156\.trae-cn\extensions\redhat.java-1.51.0-win32-x64\jre\21.0.9-win32-x86_64\bin\java.dll
Event: 0.202 Loaded shared library c:\Users\86156\.trae-cn\extensions\redhat.java-1.51.0-win32-x64\jre\21.0.9-win32-x86_64\bin\zip.dll
Event: 0.348 Loaded shared library C:\Users\86156\.trae-cn\extensions\redhat.java-1.51.0-win32-x64\jre\21.0.9-win32-x86_64\bin\instrument.dll
Event: 0.362 Loaded shared library C:\Users\86156\.trae-cn\extensions\redhat.java-1.51.0-win32-x64\jre\21.0.9-win32-x86_64\bin\net.dll
Event: 0.373 Loaded shared library C:\Users\86156\.trae-cn\extensions\redhat.java-1.51.0-win32-x64\jre\21.0.9-win32-x86_64\bin\nio.dll
Event: 0.380 Loaded shared library C:\Users\86156\.trae-cn\extensions\redhat.java-1.51.0-win32-x64\jre\21.0.9-win32-x86_64\bin\zip.dll
Event: 0.418 Loaded shared library C:\Users\86156\.trae-cn\extensions\redhat.java-1.51.0-win32-x64\jre\21.0.9-win32-x86_64\bin\jimage.dll
Event: 0.633 Loaded shared library c:\Users\86156\.trae-cn\extensions\redhat.java-1.51.0-win32-x64\jre\21.0.9-win32-x86_64\bin\verify.dll
Event: 3.341 Loaded shared library C:\Users\86156\AppData\Roaming\Trae CN\User\globalStorage\redhat.java\1.51.0\config_ss_win\org.eclipse.equinox.launcher\org.eclipse.equinox.launcher.win32.win32.x86_64_1.2.1400.v20250801-0854\eclipse_11916.dll

Deoptimization events (20 events):
Event: 3.339 Thread 0x0000020379208f40 Uncommon trap: trap_request=0xffffff45 fr.pc=0x0000020324ccd934 relative=0x0000000000000094
Event: 3.339 Thread 0x0000020379208f40 Uncommon trap: reason=unstable_if action=reinterpret pc=0x0000020324ccd934 method=java.util.concurrent.locks.ReentrantLock$Sync.tryRelease(I)Z @ 26 c2
Event: 3.339 Thread 0x0000020379208f40 DEOPT PACKING pc=0x0000020324ccd934 sp=0x000000231e1fe290
Event: 3.339 Thread 0x0000020379208f40 DEOPT UNPACKING pc=0x0000020324553aa2 sp=0x000000231e1fe210 mode 2
Event: 3.365 Thread 0x0000020379208f40 Uncommon trap: trap_request=0xffffff6e fr.pc=0x0000020324cc3ca8 relative=0x0000000000000368
Event: 3.365 Thread 0x0000020379208f40 Uncommon trap: reason=loop_limit_check action=maybe_recompile pc=0x0000020324cc3ca8 method=java.lang.StringLatin1.indexOf([BI[BII)I @ 37 c2
Event: 3.365 Thread 0x0000020379208f40 DEOPT PACKING pc=0x0000020324cc3ca8 sp=0x000000231e1f8ba0
Event: 3.365 Thread 0x0000020379208f40 DEOPT UNPACKING pc=0x0000020324553aa2 sp=0x000000231e1f8b00 mode 2
Event: 3.401 Thread 0x0000020319ec0430 Uncommon trap: trap_request=0xffffff45 fr.pc=0x0000020324cccfe0 relative=0x0000000000000040
Event: 3.401 Thread 0x0000020319ec0430 Uncommon trap: reason=unstable_if action=reinterpret pc=0x0000020324cccfe0 method=java.util.concurrent.locks.AbstractQueuedSynchronizer.signalNext(Ljava/util/concurrent/locks/AbstractQueuedSynchronizer$Node;)V @ 1 c2
Event: 3.401 Thread 0x0000020319ec0430 DEOPT PACKING pc=0x0000020324cccfe0 sp=0x000000231c7fe980
Event: 3.401 Thread 0x0000020319ec0430 DEOPT UNPACKING pc=0x0000020324553aa2 sp=0x000000231c7fe918 mode 2
Event: 3.749 Thread 0x0000020379208f40 Uncommon trap: trap_request=0xffffff45 fr.pc=0x0000020324d0b328 relative=0x0000000000001548
Event: 3.749 Thread 0x0000020379208f40 Uncommon trap: reason=unstable_if action=reinterpret pc=0x0000020324d0b328 method=java.io.WinNTFileSystem.normalize(Ljava/lang/String;II)Ljava/lang/String; @ 100 c2
Event: 3.749 Thread 0x0000020379208f40 DEOPT PACKING pc=0x0000020324d0b328 sp=0x000000231e1f8de0
Event: 3.749 Thread 0x0000020379208f40 DEOPT UNPACKING pc=0x0000020324553aa2 sp=0x000000231e1f8d30 mode 2
Event: 3.792 Thread 0x0000020379208f40 Uncommon trap: trap_request=0xffffff45 fr.pc=0x0000020324ccdcb4 relative=0x0000000000000094
Event: 3.792 Thread 0x0000020379208f40 Uncommon trap: reason=unstable_if action=reinterpret pc=0x0000020324ccdcb4 method=java.io.BufferedInputStream.getBufIfOpen(Z)[B @ 13 c2
Event: 3.792 Thread 0x0000020379208f40 DEOPT PACKING pc=0x0000020324ccdcb4 sp=0x000000231e1f86d0
Event: 3.793 Thread 0x0000020379208f40 DEOPT UNPACKING pc=0x0000020324553aa2 sp=0x000000231e1f8650 mode 2

Classes loaded (20 events):
Event: 3.622 Loading class java/util/concurrent/RejectedExecutionException done
Event: 3.622 Loading class java/util/concurrent/CompletionStage
Event: 3.623 Loading class java/util/concurrent/CompletionStage done
Event: 3.657 Loading class java/util/concurrent/locks/ReentrantLock$FairSync
Event: 3.657 Loading class java/util/concurrent/locks/ReentrantLock$FairSync done
Event: 3.660 Loading class java/util/Collections$ReverseComparator
Event: 3.660 Loading class java/util/Collections$ReverseComparator done
Event: 3.782 Loading class java/lang/CloneNotSupportedException
Event: 3.783 Loading class java/lang/CloneNotSupportedException done
Event: 3.804 Loading class java/util/stream/ReferencePipeline$5
Event: 3.804 Loading class java/util/stream/LongPipeline$StatelessOp
Event: 3.804 Loading class java/util/stream/LongPipeline
Event: 3.804 Loading class java/util/stream/LongStream
Event: 3.804 Loading class java/util/stream/LongStream done
Event: 3.804 Loading class java/util/stream/LongPipeline done
Event: 3.804 Loading class java/util/stream/LongPipeline$StatelessOp done
Event: 3.804 Loading class java/util/stream/ReferencePipeline$5 done
Event: 3.804 Loading class java/util/function/LongBinaryOperator
Event: 3.804 Loading class java/util/function/LongBinaryOperator done
Event: 3.805 Loading class java/util/stream/ReduceOps$10

Classes unloaded (0 events):
No events

Classes redefined (0 events):
No events

Internal exceptions (20 events):
Event: 1.709 Thread 0x0000020319ec0430 Exception <a 'java/lang/ClassNotFoundException'{0x00000000d5772a30}: sun/net/www/protocol/c/Handler> (0x00000000d5772a30) 
thrown [s\src\hotspot\share\classfile\systemDictionary.cpp, line 312]
Event: 1.742 Thread 0x0000020319ec0430 Exception <a 'java/io/FileNotFoundException'{0x00000000d579b1d0}> (0x00000000d579b1d0) 
thrown [s\src\hotspot\share\prims\jni.cpp, line 520]
Event: 1.835 Thread 0x0000020319ec0430 Implicit null exception at 0x0000020324cb01a9 to 0x0000020324cb0a20
Event: 1.835 Thread 0x0000020319ec0430 Implicit null exception at 0x0000020324cb7b9a to 0x0000020324cb7da0
Event: 1.836 Thread 0x0000020319ec0430 Exception <a 'java/lang/NoSuchMethodError'{0x00000000d58cbaa8}: 'void java.lang.invoke.DirectMethodHandle$Holder.invokeStatic(java.lang.Object, java.lang.Object, java.lang.Object, java.lang.Object)'> (0x00000000d58cbaa8) 
thrown [s\src\hotspot\share\interpreter\linkResolver.cpp, line 773]
Event: 1.839 Thread 0x0000020319ec0430 Implicit null exception at 0x0000020324cad93c to 0x0000020324cadbc8
Event: 1.839 Thread 0x0000020319ec0430 Implicit null exception at 0x0000020324cb13bd to 0x0000020324cb1441
Event: 2.014 Thread 0x0000020319ec0430 Exception <a 'java/lang/NoSuchMethodError'{0x00000000d5bcf4b0}: 'void java.lang.invoke.DirectMethodHandle$Holder.invokeSpecial(java.lang.Object, java.lang.Object, java.lang.Object)'> (0x00000000d5bcf4b0) 
thrown [s\src\hotspot\share\interpreter\linkResolver.cpp, line 773]
Event: 2.533 Thread 0x0000020319ec0430 Exception <a 'java/lang/NoSuchMethodError'{0x00000000d6519d48}: 'int java.lang.invoke.DirectMethodHandle$Holder.invokeVirtual(java.lang.Object, java.lang.Object)'> (0x00000000d6519d48) 
thrown [s\src\hotspot\share\interpreter\linkResolver.cpp, line 773]
Event: 2.696 Thread 0x0000020319ec0430 Exception <a 'java/lang/NoSuchMethodError'{0x00000000d668f288}: 'int java.lang.invoke.DirectMethodHandle$Holder.invokeStaticInit(java.lang.Object, java.lang.Object, java.lang.Object, java.lang.Object)'> (0x00000000d668f288) 
thrown [s\src\hotspot\share\interpreter\linkResolver.cpp, line 773]
Event: 2.700 Thread 0x0000020319ec0430 Exception <a 'java/lang/IncompatibleClassChangeError'{0x00000000d6697690}: Found class java.lang.Object, but interface was expected> (0x00000000d6697690) 
thrown [s\src\hotspot\share\interpreter\linkResolver.cpp, line 840]
Event: 2.701 Thread 0x0000020319ec0430 Exception <a 'java/lang/NoSuchMethodError'{0x00000000d669dc40}: 'void java.lang.invoke.DirectMethodHandle$Holder.invokeStaticInit(java.lang.Object, java.lang.Object)'> (0x00000000d669dc40) 
thrown [s\src\hotspot\share\interpreter\linkResolver.cpp, line 773]
Event: 2.704 Thread 0x0000020319ec0430 Exception <a 'java/lang/NoSuchMethodError'{0x00000000d66a6e38}: 'int java.lang.invoke.DirectMethodHandle$Holder.invokeStaticInit(java.lang.Object, java.lang.Object)'> (0x00000000d66a6e38) 
thrown [s\src\hotspot\share\interpreter\linkResolver.cpp, line 773]
Event: 2.785 Thread 0x0000020319ec0430 Exception <a 'java/lang/NoSuchMethodError'{0x00000000d68fadd0}: 'java.lang.Object java.lang.invoke.DirectMethodHandle$Holder.newInvokeSpecial(java.lang.Object, int, java.lang.Object)'> (0x00000000d68fadd0) 
thrown [s\src\hotspot\share\interpreter\linkResolver.cpp, line 773]
Event: 2.852 Thread 0x0000020319ec0430 Exception <a 'java/lang/ClassNotFoundException'{0x00000000d6b15528}: sun/net/www/protocol/plurl/Handler> (0x00000000d6b15528) 
thrown [s\src\hotspot\share\classfile\systemDictionary.cpp, line 312]
Event: 2.852 Thread 0x0000020319ec0430 Exception <a 'java/lang/ClassNotFoundException'{0x00000000d6b163a8}: sun/net/www/protocol/plurl/Handler> (0x00000000d6b163a8) 
thrown [s\src\hotspot\share\classfile\systemDictionary.cpp, line 312]
Event: 3.323 Thread 0x0000020319ec0430 Exception <a 'java/lang/UnsatisfiedLinkError'{0x00000000d568fc90}: 'void org.eclipse.equinox.launcher.JNIBridge._update_splash()'> (0x00000000d568fc90) 
thrown [s\src\hotspot\share\prims\nativeLookup.cpp, line 415]
Event: 3.466 Thread 0x0000020379208f40 Exception <a 'java/lang/NullPointerException'{0x00000000d59dbe28}> (0x00000000d59dbe28) 
thrown [s\src\hotspot\share\interpreter\linkResolver.cpp, line 1372]
Event: 3.466 Thread 0x0000020379208f40 Exception <a 'java/lang/NullPointerException'{0x00000000d59dc108}> (0x00000000d59dc108) 
thrown [s\src\hotspot\share\interpreter\linkResolver.cpp, line 1372]
Event: 3.803 Thread 0x0000020379208f40 Exception <a 'java/lang/NoSuchMethodError'{0x00000000d62f71b0}: 'long java.lang.invoke.DirectMethodHandle$Holder.invokeSpecial(java.lang.Object, java.lang.Object)'> (0x00000000d62f71b0) 
thrown [s\src\hotspot\share\interpreter\linkResolver.cpp, line 773]

ZGC Phase Switch (0 events):
No events

VM Operations (20 events):
Event: 1.651 Executing VM operation: ParallelGCFailedAllocation (Allocation Failure) done
Event: 1.674 Executing VM operation: HandshakeAllThreads (Deoptimize)
Event: 1.674 Executing VM operation: HandshakeAllThreads (Deoptimize) done
Event: 2.687 Executing VM operation: Cleanup
Event: 2.687 Executing VM operation: Cleanup done
Event: 2.746 Executing VM operation: HandshakeAllThreads (Deoptimize)
Event: 2.746 Executing VM operation: HandshakeAllThreads (Deoptimize) done
Event: 2.747 Executing VM operation: HandshakeAllThreads (Deoptimize)
Event: 2.747 Executing VM operation: HandshakeAllThreads (Deoptimize) done
Event: 2.763 Executing VM operation: HandshakeAllThreads (Deoptimize)
Event: 2.764 Executing VM operation: HandshakeAllThreads (Deoptimize) done
Event: 2.830 Executing VM operation: HandshakeAllThreads (Deoptimize)
Event: 2.830 Executing VM operation: HandshakeAllThreads (Deoptimize) done
Event: 2.847 Executing VM operation: HandshakeAllThreads (Deoptimize)
Event: 2.847 Executing VM operation: HandshakeAllThreads (Deoptimize) done
Event: 3.129 Executing VM operation: ParallelGCFailedAllocation (Allocation Failure)
Event: 3.136 Executing VM operation: ParallelGCFailedAllocation (Allocation Failure) done
Event: 3.657 Executing VM operation: HandshakeAllThreads (Deoptimize)
Event: 3.657 Executing VM operation: HandshakeAllThreads (Deoptimize) done
Event: 4.667 Executing VM operation: Cleanup

Memory protections (0 events):
No events

Nmethod flushes (0 events):
No events

Events (20 events):
Event: 0.352 Thread 0x0000020319ec0430 Thread added: 0x0000020372fd1c60
Event: 0.414 Thread 0x0000020372f03bc0 Thread exited: 0x0000020372f03bc0
Event: 0.434 Thread 0x0000020372e009f0 Thread added: 0x000002037303b430
Event: 0.434 Thread 0x0000020372d80600 Thread added: 0x0000020373027a70
Event: 0.709 Thread 0x0000020372f03520 Thread exited: 0x0000020372f03520
Event: 0.910 Thread 0x0000020319ec0430 Thread added: 0x0000020374648a40
Event: 0.942 Thread 0x0000020373027a70 Thread added: 0x00000203730be2d0
Event: 1.105 Thread 0x0000020372d80600 Thread added: 0x00000203749291e0
Event: 1.766 Thread 0x00000203749291e0 Thread exited: 0x00000203749291e0
Event: 1.776 Thread 0x00000203730be2d0 Thread exited: 0x00000203730be2d0
Event: 2.013 Thread 0x0000020372d80600 Thread added: 0x0000020374a8d570
Event: 2.098 Thread 0x000002037303b430 Thread added: 0x00000203790848d0
Event: 2.098 Thread 0x000002037303b430 Thread added: 0x0000020379084f70
Event: 2.321 Thread 0x0000020379084f70 Thread exited: 0x0000020379084f70
Event: 2.321 Thread 0x00000203790848d0 Thread exited: 0x00000203790848d0
Event: 2.698 Thread 0x0000020374a8d570 Thread exited: 0x0000020374a8d570
Event: 2.724 Thread 0x0000020319ec0430 Thread added: 0x0000020379137e00
Event: 3.309 Thread 0x0000020319ec0430 Thread added: 0x0000020379208390
Event: 3.320 Thread 0x0000020319ec0430 Thread added: 0x0000020379208f40
Event: 3.629 Thread 0x0000020379208f40 Thread added: 0x00000203790fc3b0


Dynamic libraries:
0x00007ff609f30000 - 0x00007ff609f3e000 	c:\Users\86156\.trae-cn\extensions\redhat.java-1.51.0-win32-x64\jre\21.0.9-win32-x86_64\bin\java.exe
0x00007ffe267c0000 - 0x00007ffe26a27000 	C:\WINDOWS\SYSTEM32\ntdll.dll
0x00007ffe252c0000 - 0x00007ffe25389000 	C:\WINDOWS\System32\KERNEL32.DLL
0x00007ffe23d30000 - 0x00007ffe2411f000 	C:\WINDOWS\System32\KERNELBASE.dll
0x00007ffe20ab0000 - 0x00007ffe20b4f000 	C:\WINDOWS\SYSTEM32\apphelp.dll
0x00007ffe24130000 - 0x00007ffe2427b000 	C:\WINDOWS\System32\ucrtbase.dll
0x00007ffe12460000 - 0x00007ffe12478000 	c:\Users\86156\.trae-cn\extensions\redhat.java-1.51.0-win32-x64\jre\21.0.9-win32-x86_64\bin\jli.dll
0x00007ffdfd940000 - 0x00007ffdfd95e000 	c:\Users\86156\.trae-cn\extensions\redhat.java-1.51.0-win32-x64\jre\21.0.9-win32-x86_64\bin\VCRUNTIME140.dll
0x00007ffe24bf0000 - 0x00007ffe24db5000 	C:\WINDOWS\System32\USER32.dll
0x00007ffe23a40000 - 0x00007ffe23a67000 	C:\WINDOWS\System32\win32u.dll
0x00007ffe24eb0000 - 0x00007ffe24edb000 	C:\WINDOWS\System32\GDI32.dll
0x00007ffe23910000 - 0x00007ffe23a3c000 	C:\WINDOWS\System32\gdi32full.dll
0x00007ffe243f0000 - 0x00007ffe24493000 	C:\WINDOWS\System32\msvcp_win.dll
0x00007ffe08da0000 - 0x00007ffe09033000 	C:\WINDOWS\WinSxS\amd64_microsoft.windows.common-controls_6595b64144ccf1df_6.0.26100.7309_none_3e05feeae336a044\COMCTL32.dll
0x00007ffe24560000 - 0x00007ffe24609000 	C:\WINDOWS\System32\msvcrt.dll
0x00007ffe24a70000 - 0x00007ffe24aa1000 	C:\WINDOWS\System32\IMM32.DLL
0x00007ffe123b0000 - 0x00007ffe123bc000 	c:\Users\86156\.trae-cn\extensions\redhat.java-1.51.0-win32-x64\jre\21.0.9-win32-x86_64\bin\vcruntime140_1.dll
0x00007ffdeed70000 - 0x00007ffdeedfd000 	c:\Users\86156\.trae-cn\extensions\redhat.java-1.51.0-win32-x64\jre\21.0.9-win32-x86_64\bin\msvcp140.dll
0x00007ffd2edd0000 - 0x00007ffd2fb70000 	c:\Users\86156\.trae-cn\extensions\redhat.java-1.51.0-win32-x64\jre\21.0.9-win32-x86_64\bin\server\jvm.dll
0x00007ffe24de0000 - 0x00007ffe24e94000 	C:\WINDOWS\System32\ADVAPI32.dll
0x00007ffe25590000 - 0x00007ffe25636000 	C:\WINDOWS\System32\sechost.dll
0x00007ffe24ad0000 - 0x00007ffe24be8000 	C:\WINDOWS\System32\RPCRT4.dll
0x00007ffe261c0000 - 0x00007ffe26234000 	C:\WINDOWS\System32\WS2_32.dll
0x00007ffe23730000 - 0x00007ffe2378e000 	C:\WINDOWS\SYSTEM32\POWRPROF.dll
0x00007ffe1a700000 - 0x00007ffe1a735000 	C:\WINDOWS\SYSTEM32\WINMM.dll
0x00007ffe1c050000 - 0x00007ffe1c05b000 	C:\WINDOWS\SYSTEM32\VERSION.dll
0x00007ffe23660000 - 0x00007ffe23674000 	C:\WINDOWS\SYSTEM32\UMPDC.dll
0x00007ffe22680000 - 0x00007ffe2269b000 	C:\WINDOWS\SYSTEM32\kernel.appcore.dll
0x00007ffe12220000 - 0x00007ffe1222a000 	c:\Users\86156\.trae-cn\extensions\redhat.java-1.51.0-win32-x64\jre\21.0.9-win32-x86_64\bin\jimage.dll
0x00007ffe1a300000 - 0x00007ffe1a542000 	C:\WINDOWS\SYSTEM32\DBGHELP.DLL
0x00007ffe25650000 - 0x00007ffe259d6000 	C:\WINDOWS\System32\combase.dll
0x00007ffe24990000 - 0x00007ffe24a66000 	C:\WINDOWS\System32\OLEAUT32.dll
0x00007ffe0a9a0000 - 0x00007ffe0a9dc000 	C:\WINDOWS\SYSTEM32\dbgcore.DLL
0x00007ffe23c80000 - 0x00007ffe23d25000 	C:\WINDOWS\System32\bcryptPrimitives.dll
0x00007ffe119f0000 - 0x00007ffe119ff000 	c:\Users\86156\.trae-cn\extensions\redhat.java-1.51.0-win32-x64\jre\21.0.9-win32-x86_64\bin\instrument.dll
0x00007ffdfd540000 - 0x00007ffdfd560000 	c:\Users\86156\.trae-cn\extensions\redhat.java-1.51.0-win32-x64\jre\21.0.9-win32-x86_64\bin\java.dll
0x00007ffe259e0000 - 0x00007ffe26133000 	C:\WINDOWS\System32\SHELL32.dll
0x00007ffe24280000 - 0x00007ffe243ea000 	C:\WINDOWS\System32\wintypes.dll
0x00007ffe214f0000 - 0x00007ffe21d4e000 	C:\WINDOWS\SYSTEM32\windows.storage.dll
0x00007ffe24ee0000 - 0x00007ffe24fd5000 	C:\WINDOWS\System32\SHCORE.dll
0x00007ffe24610000 - 0x00007ffe24676000 	C:\WINDOWS\System32\shlwapi.dll
0x00007ffe237f0000 - 0x00007ffe23819000 	C:\WINDOWS\SYSTEM32\profapi.dll
0x00007ffdeecd0000 - 0x00007ffdeece8000 	c:\Users\86156\.trae-cn\extensions\redhat.java-1.51.0-win32-x64\jre\21.0.9-win32-x86_64\bin\zip.dll
0x00007ffe10da0000 - 0x00007ffe10db0000 	C:\Users\86156\.trae-cn\extensions\redhat.java-1.51.0-win32-x64\jre\21.0.9-win32-x86_64\bin\net.dll
0x00007ffe1c8e0000 - 0x00007ffe1ca08000 	C:\WINDOWS\SYSTEM32\WINHTTP.dll
0x00007ffe22bf0000 - 0x00007ffe22c5b000 	C:\WINDOWS\system32\mswsock.dll
0x00007ffdfd350000 - 0x00007ffdfd366000 	C:\Users\86156\.trae-cn\extensions\redhat.java-1.51.0-win32-x64\jre\21.0.9-win32-x86_64\bin\nio.dll
0x00007ffe0a2e0000 - 0x00007ffe0a2f0000 	c:\Users\86156\.trae-cn\extensions\redhat.java-1.51.0-win32-x64\jre\21.0.9-win32-x86_64\bin\verify.dll
0x00007ffde4950000 - 0x00007ffde4994000 	C:\Users\86156\AppData\Roaming\Trae CN\User\globalStorage\redhat.java\1.51.0\config_ss_win\org.eclipse.equinox.launcher\org.eclipse.equinox.launcher.win32.win32.x86_64_1.2.1400.v20250801-0854\eclipse_11916.dll
0x00007ffe25390000 - 0x00007ffe25527000 	C:\WINDOWS\System32\ole32.dll

JVMTI agents:
c:\Users\86156\.trae-cn\extensions\redhat.java-1.51.0-win32-x64\lombok\lombok-1.18.39-4050.jar path:c:\Users\86156\.trae-cn\extensions\redhat.java-1.51.0-win32-x64\jre\21.0.9-win32-x86_64\bin\instrument.dll, loaded, initialized, instrumentlib options:none

dbghelp: loaded successfully - version: 4.0.5 - missing functions: none
symbol engine: initialized successfully - sym options: 0x614 - pdb path: .;c:\Users\86156\.trae-cn\extensions\redhat.java-1.51.0-win32-x64\jre\21.0.9-win32-x86_64\bin;C:\WINDOWS\SYSTEM32;C:\WINDOWS\WinSxS\amd64_microsoft.windows.common-controls_6595b64144ccf1df_6.0.26100.7309_none_3e05feeae336a044;c:\Users\86156\.trae-cn\extensions\redhat.java-1.51.0-win32-x64\jre\21.0.9-win32-x86_64\bin\server;C:\Users\86156\AppData\Roaming\Trae CN\User\globalStorage\redhat.java\1.51.0\config_ss_win\org.eclipse.equinox.launcher\org.eclipse.equinox.launcher.win32.win32.x86_64_1.2.1400.v20250801-0854

VM Arguments:
jvm_args: --add-modules=ALL-SYSTEM --add-opens=java.base/java.util=ALL-UNNAMED --add-opens=java.base/java.lang=ALL-UNNAMED --add-opens=java.base/sun.nio.fs=ALL-UNNAMED -Declipse.application=org.eclipse.jdt.ls.core.id1 -Dosgi.bundles.defaultStartLevel=4 -Declipse.product=org.eclipse.jdt.ls.core.product -Djava.import.generatesMetadataFilesAtProjectRoot=false -DDetectVMInstallationsJob.disabled=true -Dfile.encoding=utf8 -XX:+UseParallelGC -XX:GCTimeRatio=4 -XX:AdaptiveSizePolicyWeight=90 -Dsun.zip.disableMemoryMapping=true -Xmx2G -Xms100m -Xlog:disable -javaagent:c:\Users\86156\.trae-cn\extensions\redhat.java-1.51.0-win32-x64\lombok\lombok-1.18.39-4050.jar 
java_command: c:\Users\86156\.trae-cn\extensions\redhat.java-1.51.0-win32-x64\server\plugins\org.eclipse.equinox.launcher_1.7.100.v20251111-0406.jar -configuration c:\Users\86156\AppData\Roaming\Trae CN\User\globalStorage\redhat.java\1.51.0\config_ss_win -data c:\Users\86156\AppData\Roaming\Trae CN\User\workspaceStorage\6f69e51d556dabda7e8a685fc940c2bd\redhat.java\ss_ws --pipe=\\.\pipe\lsp-b4df7da46668ef2621deed033f802260-sock
java_class_path (initial): c:\Users\86156\.trae-cn\extensions\redhat.java-1.51.0-win32-x64\server\plugins\org.eclipse.equinox.launcher_1.7.100.v20251111-0406.jar
Launcher Type: SUN_STANDARD

[Global flags]
    uintx AdaptiveSizePolicyWeight                 = 90                                        {product} {command line}
     intx CICompilerCount                          = 12                                        {product} {ergonomic}
    uintx GCTimeRatio                              = 4                                         {product} {command line}
   size_t InitialHeapSize                          = 104857600                                 {product} {command line}
   size_t MaxHeapSize                              = 2147483648                                {product} {command line}
   size_t MaxNewSize                               = 715653120                                 {product} {ergonomic}
   size_t MinHeapDeltaBytes                        = 524288                                    {product} {ergonomic}
   size_t MinHeapSize                              = 104857600                                 {product} {command line}
   size_t NewSize                                  = 34603008                                  {product} {ergonomic}
    uintx NonNMethodCodeHeapSize                   = 7602480                                {pd product} {ergonomic}
    uintx NonProfiledCodeHeapSize                  = 122027880                              {pd product} {ergonomic}
   size_t OldSize                                  = 70254592                                  {product} {ergonomic}
    uintx ProfiledCodeHeapSize                     = 122027880                              {pd product} {ergonomic}
    uintx ReservedCodeCacheSize                    = 251658240                              {pd product} {ergonomic}
     bool SegmentedCodeCache                       = true                                      {product} {ergonomic}
   size_t SoftMaxHeapSize                          = 2147483648                             {manageable} {ergonomic}
     bool UseCompressedOops                        = true                           {product lp64_product} {ergonomic}
     bool UseLargePagesIndividualAllocation        = false                                  {pd product} {ergonomic}
     bool UseParallelGC                            = true                                      {product} {command line}

Logging:
Log output configuration:
 #0: stdout all=off uptime,level,tags foldmultilines=false
 #1: stderr all=off uptime,level,tags foldmultilines=false

Release file:
JAVA_VERSION="21.0.9" 
MODULES="java.base java.compiler java.datatransfer java.xml java.prefs java.desktop java.instrument java.logging java.management java.security.sasl java.naming java.rmi java.management.rmi java.net.http java.scripting java.security.jgss java.transaction.xa java.sql java.sql.rowset java.xml.crypto java.se java.smartcardio jdk.accessibility jdk.internal.jvmstat jdk.attach jdk.charsets jdk.internal.opt jdk.zipfs jdk.compiler jdk.crypto.ec jdk.crypto.cryptoki jdk.crypto.mscapi jdk.dynalink jdk.internal.ed jdk.editpad jdk.hotspot.agent jdk.httpserver jdk.internal.le jdk.internal.vm.ci jdk.internal.vm.compiler jdk.internal.vm.compiler.management jdk.jartool jdk.javadoc jdk.jcmd jdk.management jdk.management.agent jdk.jconsole jdk.jdeps jdk.jdwp.agent jdk.jdi jdk.jfr jdk.jshell jdk.jsobject jdk.jstatd jdk.localedata jdk.management.jfr jdk.naming.dns jdk.naming.rmi jdk.net jdk.nio.mapmode jdk.random jdk.sctp jdk.security.auth jdk.security.jgss jdk.unsupported jdk.unsupported.desktop jdk.xml.dom" 

Environment Variables:
JAVA_HOME=C:\Program Files\Eclipse Adoptium\jdk-17.0.17.10-hotspot\
PATH=C:\Program Files\Eclipse Adoptium\jdk-17.0.17.10-hotspot\bin;C:\Windows\system32;C:\Windows;C:\Windows\System32\Wbem;C:\Windows\System32\WindowsPowerShell\v1.0\;C:\Windows\System32\OpenSSH\;C:\Program Files (x86)\NVIDIA Corporation\PhysX\Common;C:\Program Files\NVIDIA Corporation\NVIDIA NvDLISR;C:\Program Files\Bandizip\;C:\WINDOWS\system32;C:\WINDOWS;C:\WINDOWS\System32\Wbem;C:\WINDOWS\System32\WindowsPowerShell\v1.0\;C:\WINDOWS\System32\OpenSSH\;C:\Program Files\nodejs\;D:\ruanjian\Git\cmd;d:\ruanjian\Trae\bin;C:\Users\86156\AppData\Local\Microsoft\WindowsApps;C:\Users\86156\AppData\Roaming\npm;d:\ruanjian\Trae CN\resources\app\bin\lib
USERNAME=86156
OS=Windows_NT
PROCESSOR_IDENTIFIER=AMD64 Family 23 Model 96 Stepping 1, AuthenticAMD
TMP=C:\Users\86156\AppData\Local\Temp
TEMP=C:\Users\86156\AppData\Local\Temp




Periodic native trim disabled

---------------  S Y S T E M  ---------------

OS:
 Windows 11 , 64 bit Build 26100 (10.0.26100.7623)
OS uptime: 0 days 1:45 hours

CPU: total 16 (initial active 16) (16 cores per cpu, 2 threads per core) family 23 model 96 stepping 1 microcode 0x8600106, cx8, cmov, fxsr, ht, mmx, 3dnowpref, sse, sse2, sse3, ssse3, sse4a, sse4.1, sse4.2, popcnt, lzcnt, tsc, tscinvbit, avx, avx2, aes, clmul, bmi1, bmi2, adx, sha, fma, vzeroupper, clflush, clflushopt, rdtscp, rdpid, f16c
Processor Information for the first 16 processors :
  Max Mhz: 2901, Current Mhz: 2901, Mhz Limit: 2901

Memory: 4k page, system-wide physical 15789M (4704M free)
TotalPageFile size 15789M (AvailPageFile size 227M)
current process WorkingSet (physical memory assigned to process): 107M, peak: 109M
current process commit charge ("private bytes"): 265M, peak: 267M

vm_info: OpenJDK 64-Bit Server VM (21.0.9+10-LTS) for windows-amd64 JRE (21.0.9+10-LTS), built on 2025-10-21T00:00:00Z by "admin" with unknown MS VC++:1942

END.
